[2021-08-08 09:43:09,584] {scheduler_job.py:181} INFO - Started process (PID=71) to work on /home/airflow/.local/lib/python3.6/site-packages/airflow/example_dags/example_kubernetes_executor.py
[2021-08-08 09:43:09,586] {scheduler_job.py:632} INFO - Processing file /home/airflow/.local/lib/python3.6/site-packages/airflow/example_dags/example_kubernetes_executor.py for tasks to queue
[2021-08-08 09:43:09,587] {logging_mixin.py:104} INFO - [2021-08-08 09:43:09,586] {dagbag.py:496} INFO - Filling up the DagBag from /home/airflow/.local/lib/python3.6/site-packages/airflow/example_dags/example_kubernetes_executor.py
[2021-08-08 09:43:09,601] {scheduler_job.py:642} INFO - DAG(s) dict_keys(['example_kubernetes_executor']) retrieved from /home/airflow/.local/lib/python3.6/site-packages/airflow/example_dags/example_kubernetes_executor.py
[2021-08-08 09:43:12,044] {logging_mixin.py:104} INFO - [2021-08-08 09:43:12,043] {dag.py:1833} INFO - Sync 1 DAGs
[2021-08-08 09:43:12,054] {logging_mixin.py:104} INFO - [2021-08-08 09:43:12,053] {dag.py:1852} INFO - Creating ORM DAG for example_kubernetes_executor
[2021-08-08 09:43:12,058] {logging_mixin.py:104} INFO - [2021-08-08 09:43:12,058] {dag.py:2306} INFO - Setting next_dagrun for example_kubernetes_executor to None
[2021-08-08 09:43:12,068] {scheduler_job.py:189} INFO - Processing /home/airflow/.local/lib/python3.6/site-packages/airflow/example_dags/example_kubernetes_executor.py took 2.487 seconds
[2021-08-08 09:43:42,385] {scheduler_job.py:181} INFO - Started process (PID=570) to work on /home/airflow/.local/lib/python3.6/site-packages/airflow/example_dags/example_kubernetes_executor.py
[2021-08-08 09:43:42,386] {scheduler_job.py:632} INFO - Processing file /home/airflow/.local/lib/python3.6/site-packages/airflow/example_dags/example_kubernetes_executor.py for tasks to queue
[2021-08-08 09:43:42,387] {logging_mixin.py:104} INFO - [2021-08-08 09:43:42,387] {dagbag.py:496} INFO - Filling up the DagBag from /home/airflow/.local/lib/python3.6/site-packages/airflow/example_dags/example_kubernetes_executor.py
[2021-08-08 09:43:42,397] {scheduler_job.py:642} INFO - DAG(s) dict_keys(['example_kubernetes_executor']) retrieved from /home/airflow/.local/lib/python3.6/site-packages/airflow/example_dags/example_kubernetes_executor.py
[2021-08-08 09:43:42,417] {logging_mixin.py:104} INFO - [2021-08-08 09:43:42,417] {dag.py:1833} INFO - Sync 1 DAGs
[2021-08-08 09:43:42,434] {logging_mixin.py:104} INFO - [2021-08-08 09:43:42,434] {dag.py:2306} INFO - Setting next_dagrun for example_kubernetes_executor to None
[2021-08-08 09:43:42,445] {scheduler_job.py:189} INFO - Processing /home/airflow/.local/lib/python3.6/site-packages/airflow/example_dags/example_kubernetes_executor.py took 0.063 seconds
[2021-08-08 09:44:12,775] {scheduler_job.py:181} INFO - Started process (PID=633) to work on /home/airflow/.local/lib/python3.6/site-packages/airflow/example_dags/example_kubernetes_executor.py
[2021-08-08 09:44:12,775] {scheduler_job.py:632} INFO - Processing file /home/airflow/.local/lib/python3.6/site-packages/airflow/example_dags/example_kubernetes_executor.py for tasks to queue
[2021-08-08 09:44:12,776] {logging_mixin.py:104} INFO - [2021-08-08 09:44:12,776] {dagbag.py:496} INFO - Filling up the DagBag from /home/airflow/.local/lib/python3.6/site-packages/airflow/example_dags/example_kubernetes_executor.py
[2021-08-08 09:44:12,791] {scheduler_job.py:642} INFO - DAG(s) dict_keys(['example_kubernetes_executor']) retrieved from /home/airflow/.local/lib/python3.6/site-packages/airflow/example_dags/example_kubernetes_executor.py
[2021-08-08 09:44:12,815] {logging_mixin.py:104} INFO - [2021-08-08 09:44:12,814] {dag.py:1833} INFO - Sync 1 DAGs
[2021-08-08 09:44:12,830] {logging_mixin.py:104} INFO - [2021-08-08 09:44:12,830] {dag.py:2306} INFO - Setting next_dagrun for example_kubernetes_executor to None
[2021-08-08 09:44:12,841] {scheduler_job.py:189} INFO - Processing /home/airflow/.local/lib/python3.6/site-packages/airflow/example_dags/example_kubernetes_executor.py took 0.070 seconds
[2021-08-08 09:44:43,020] {scheduler_job.py:181} INFO - Started process (PID=697) to work on /home/airflow/.local/lib/python3.6/site-packages/airflow/example_dags/example_kubernetes_executor.py
[2021-08-08 09:44:43,021] {scheduler_job.py:632} INFO - Processing file /home/airflow/.local/lib/python3.6/site-packages/airflow/example_dags/example_kubernetes_executor.py for tasks to queue
[2021-08-08 09:44:43,022] {logging_mixin.py:104} INFO - [2021-08-08 09:44:43,022] {dagbag.py:496} INFO - Filling up the DagBag from /home/airflow/.local/lib/python3.6/site-packages/airflow/example_dags/example_kubernetes_executor.py
[2021-08-08 09:44:43,031] {scheduler_job.py:642} INFO - DAG(s) dict_keys(['example_kubernetes_executor']) retrieved from /home/airflow/.local/lib/python3.6/site-packages/airflow/example_dags/example_kubernetes_executor.py
[2021-08-08 09:44:43,048] {logging_mixin.py:104} INFO - [2021-08-08 09:44:43,048] {dag.py:1833} INFO - Sync 1 DAGs
[2021-08-08 09:44:43,060] {logging_mixin.py:104} INFO - [2021-08-08 09:44:43,060] {dag.py:2306} INFO - Setting next_dagrun for example_kubernetes_executor to None
[2021-08-08 09:44:43,069] {scheduler_job.py:189} INFO - Processing /home/airflow/.local/lib/python3.6/site-packages/airflow/example_dags/example_kubernetes_executor.py took 0.051 seconds
[2021-08-08 09:45:13,088] {scheduler_job.py:181} INFO - Started process (PID=748) to work on /home/airflow/.local/lib/python3.6/site-packages/airflow/example_dags/example_kubernetes_executor.py
[2021-08-08 09:45:13,090] {scheduler_job.py:632} INFO - Processing file /home/airflow/.local/lib/python3.6/site-packages/airflow/example_dags/example_kubernetes_executor.py for tasks to queue
[2021-08-08 09:45:13,090] {logging_mixin.py:104} INFO - [2021-08-08 09:45:13,090] {dagbag.py:496} INFO - Filling up the DagBag from /home/airflow/.local/lib/python3.6/site-packages/airflow/example_dags/example_kubernetes_executor.py
[2021-08-08 09:45:13,102] {scheduler_job.py:642} INFO - DAG(s) dict_keys(['example_kubernetes_executor']) retrieved from /home/airflow/.local/lib/python3.6/site-packages/airflow/example_dags/example_kubernetes_executor.py
[2021-08-08 09:45:13,119] {logging_mixin.py:104} INFO - [2021-08-08 09:45:13,119] {dag.py:1833} INFO - Sync 1 DAGs
[2021-08-08 09:45:13,132] {logging_mixin.py:104} INFO - [2021-08-08 09:45:13,131] {dag.py:2306} INFO - Setting next_dagrun for example_kubernetes_executor to None
[2021-08-08 09:45:13,139] {scheduler_job.py:189} INFO - Processing /home/airflow/.local/lib/python3.6/site-packages/airflow/example_dags/example_kubernetes_executor.py took 0.053 seconds
[2021-08-08 09:45:43,218] {scheduler_job.py:181} INFO - Started process (PID=810) to work on /home/airflow/.local/lib/python3.6/site-packages/airflow/example_dags/example_kubernetes_executor.py
[2021-08-08 09:45:43,219] {scheduler_job.py:632} INFO - Processing file /home/airflow/.local/lib/python3.6/site-packages/airflow/example_dags/example_kubernetes_executor.py for tasks to queue
[2021-08-08 09:45:43,220] {logging_mixin.py:104} INFO - [2021-08-08 09:45:43,220] {dagbag.py:496} INFO - Filling up the DagBag from /home/airflow/.local/lib/python3.6/site-packages/airflow/example_dags/example_kubernetes_executor.py
[2021-08-08 09:45:43,228] {scheduler_job.py:642} INFO - DAG(s) dict_keys(['example_kubernetes_executor']) retrieved from /home/airflow/.local/lib/python3.6/site-packages/airflow/example_dags/example_kubernetes_executor.py
[2021-08-08 09:45:43,247] {logging_mixin.py:104} INFO - [2021-08-08 09:45:43,247] {dag.py:1833} INFO - Sync 1 DAGs
[2021-08-08 09:45:43,260] {logging_mixin.py:104} INFO - [2021-08-08 09:45:43,260] {dag.py:2306} INFO - Setting next_dagrun for example_kubernetes_executor to None
[2021-08-08 09:45:43,270] {scheduler_job.py:189} INFO - Processing /home/airflow/.local/lib/python3.6/site-packages/airflow/example_dags/example_kubernetes_executor.py took 0.054 seconds
[2021-08-08 09:46:13,396] {scheduler_job.py:181} INFO - Started process (PID=860) to work on /home/airflow/.local/lib/python3.6/site-packages/airflow/example_dags/example_kubernetes_executor.py
[2021-08-08 09:46:13,397] {scheduler_job.py:632} INFO - Processing file /home/airflow/.local/lib/python3.6/site-packages/airflow/example_dags/example_kubernetes_executor.py for tasks to queue
[2021-08-08 09:46:13,397] {logging_mixin.py:104} INFO - [2021-08-08 09:46:13,397] {dagbag.py:496} INFO - Filling up the DagBag from /home/airflow/.local/lib/python3.6/site-packages/airflow/example_dags/example_kubernetes_executor.py
[2021-08-08 09:46:13,407] {scheduler_job.py:642} INFO - DAG(s) dict_keys(['example_kubernetes_executor']) retrieved from /home/airflow/.local/lib/python3.6/site-packages/airflow/example_dags/example_kubernetes_executor.py
[2021-08-08 09:46:13,424] {logging_mixin.py:104} INFO - [2021-08-08 09:46:13,424] {dag.py:1833} INFO - Sync 1 DAGs
[2021-08-08 09:46:13,439] {logging_mixin.py:104} INFO - [2021-08-08 09:46:13,439] {dag.py:2306} INFO - Setting next_dagrun for example_kubernetes_executor to None
[2021-08-08 09:46:13,451] {scheduler_job.py:189} INFO - Processing /home/airflow/.local/lib/python3.6/site-packages/airflow/example_dags/example_kubernetes_executor.py took 0.057 seconds
[2021-08-08 09:46:43,789] {scheduler_job.py:181} INFO - Started process (PID=925) to work on /home/airflow/.local/lib/python3.6/site-packages/airflow/example_dags/example_kubernetes_executor.py
[2021-08-08 09:46:43,790] {scheduler_job.py:632} INFO - Processing file /home/airflow/.local/lib/python3.6/site-packages/airflow/example_dags/example_kubernetes_executor.py for tasks to queue
[2021-08-08 09:46:43,791] {logging_mixin.py:104} INFO - [2021-08-08 09:46:43,791] {dagbag.py:496} INFO - Filling up the DagBag from /home/airflow/.local/lib/python3.6/site-packages/airflow/example_dags/example_kubernetes_executor.py
[2021-08-08 09:46:43,799] {scheduler_job.py:642} INFO - DAG(s) dict_keys(['example_kubernetes_executor']) retrieved from /home/airflow/.local/lib/python3.6/site-packages/airflow/example_dags/example_kubernetes_executor.py
[2021-08-08 09:46:43,816] {logging_mixin.py:104} INFO - [2021-08-08 09:46:43,816] {dag.py:1833} INFO - Sync 1 DAGs
[2021-08-08 09:46:43,828] {logging_mixin.py:104} INFO - [2021-08-08 09:46:43,828] {dag.py:2306} INFO - Setting next_dagrun for example_kubernetes_executor to None
[2021-08-08 09:46:43,839] {scheduler_job.py:189} INFO - Processing /home/airflow/.local/lib/python3.6/site-packages/airflow/example_dags/example_kubernetes_executor.py took 0.052 seconds
[2021-08-08 09:47:37,010] {scheduler_job.py:181} INFO - Started process (PID=27) to work on /home/airflow/.local/lib/python3.6/site-packages/airflow/example_dags/example_kubernetes_executor.py
[2021-08-08 09:47:37,011] {scheduler_job.py:632} INFO - Processing file /home/airflow/.local/lib/python3.6/site-packages/airflow/example_dags/example_kubernetes_executor.py for tasks to queue
[2021-08-08 09:47:37,012] {logging_mixin.py:104} INFO - [2021-08-08 09:47:37,012] {dagbag.py:496} INFO - Filling up the DagBag from /home/airflow/.local/lib/python3.6/site-packages/airflow/example_dags/example_kubernetes_executor.py
[2021-08-08 09:47:37,025] {scheduler_job.py:642} INFO - DAG(s) dict_keys(['example_kubernetes_executor']) retrieved from /home/airflow/.local/lib/python3.6/site-packages/airflow/example_dags/example_kubernetes_executor.py
[2021-08-08 09:47:37,045] {logging_mixin.py:104} INFO - [2021-08-08 09:47:37,045] {dag.py:1833} INFO - Sync 1 DAGs
[2021-08-08 09:47:37,059] {logging_mixin.py:104} INFO - [2021-08-08 09:47:37,059] {dag.py:2306} INFO - Setting next_dagrun for example_kubernetes_executor to None
[2021-08-08 09:47:37,069] {scheduler_job.py:189} INFO - Processing /home/airflow/.local/lib/python3.6/site-packages/airflow/example_dags/example_kubernetes_executor.py took 0.061 seconds
