[2021-08-08 09:43:18,889] {scheduler_job.py:181} INFO - Started process (PID=206) to work on /home/airflow/.local/lib/python3.6/site-packages/airflow/example_dags/example_skip_dag.py
[2021-08-08 09:43:18,890] {scheduler_job.py:632} INFO - Processing file /home/airflow/.local/lib/python3.6/site-packages/airflow/example_dags/example_skip_dag.py for tasks to queue
[2021-08-08 09:43:18,891] {logging_mixin.py:104} INFO - [2021-08-08 09:43:18,891] {dagbag.py:496} INFO - Filling up the DagBag from /home/airflow/.local/lib/python3.6/site-packages/airflow/example_dags/example_skip_dag.py
[2021-08-08 09:43:18,901] {scheduler_job.py:642} INFO - DAG(s) dict_keys(['example_skip_dag']) retrieved from /home/airflow/.local/lib/python3.6/site-packages/airflow/example_dags/example_skip_dag.py
[2021-08-08 09:43:21,083] {logging_mixin.py:104} INFO - [2021-08-08 09:43:21,083] {dag.py:1833} INFO - Sync 1 DAGs
[2021-08-08 09:43:21,094] {logging_mixin.py:104} INFO - [2021-08-08 09:43:21,093] {dag.py:1852} INFO - Creating ORM DAG for example_skip_dag
[2021-08-08 09:43:21,099] {logging_mixin.py:104} INFO - [2021-08-08 09:43:21,099] {dag.py:2306} INFO - Setting next_dagrun for example_skip_dag to 2021-08-06 00:00:00+00:00
[2021-08-08 09:43:21,113] {scheduler_job.py:189} INFO - Processing /home/airflow/.local/lib/python3.6/site-packages/airflow/example_dags/example_skip_dag.py took 2.226 seconds
[2021-08-08 09:43:51,813] {scheduler_job.py:181} INFO - Started process (PID=587) to work on /home/airflow/.local/lib/python3.6/site-packages/airflow/example_dags/example_skip_dag.py
[2021-08-08 09:43:51,814] {scheduler_job.py:632} INFO - Processing file /home/airflow/.local/lib/python3.6/site-packages/airflow/example_dags/example_skip_dag.py for tasks to queue
[2021-08-08 09:43:51,814] {logging_mixin.py:104} INFO - [2021-08-08 09:43:51,814] {dagbag.py:496} INFO - Filling up the DagBag from /home/airflow/.local/lib/python3.6/site-packages/airflow/example_dags/example_skip_dag.py
[2021-08-08 09:43:51,822] {scheduler_job.py:642} INFO - DAG(s) dict_keys(['example_skip_dag']) retrieved from /home/airflow/.local/lib/python3.6/site-packages/airflow/example_dags/example_skip_dag.py
[2021-08-08 09:43:51,839] {logging_mixin.py:104} INFO - [2021-08-08 09:43:51,838] {dag.py:1833} INFO - Sync 1 DAGs
[2021-08-08 09:43:51,851] {logging_mixin.py:104} INFO - [2021-08-08 09:43:51,851] {dag.py:2306} INFO - Setting next_dagrun for example_skip_dag to 2021-08-06 00:00:00+00:00
[2021-08-08 09:43:51,859] {scheduler_job.py:189} INFO - Processing /home/airflow/.local/lib/python3.6/site-packages/airflow/example_dags/example_skip_dag.py took 0.048 seconds
[2021-08-08 09:44:21,952] {scheduler_job.py:181} INFO - Started process (PID=651) to work on /home/airflow/.local/lib/python3.6/site-packages/airflow/example_dags/example_skip_dag.py
[2021-08-08 09:44:21,953] {scheduler_job.py:632} INFO - Processing file /home/airflow/.local/lib/python3.6/site-packages/airflow/example_dags/example_skip_dag.py for tasks to queue
[2021-08-08 09:44:21,954] {logging_mixin.py:104} INFO - [2021-08-08 09:44:21,954] {dagbag.py:496} INFO - Filling up the DagBag from /home/airflow/.local/lib/python3.6/site-packages/airflow/example_dags/example_skip_dag.py
[2021-08-08 09:44:21,962] {scheduler_job.py:642} INFO - DAG(s) dict_keys(['example_skip_dag']) retrieved from /home/airflow/.local/lib/python3.6/site-packages/airflow/example_dags/example_skip_dag.py
[2021-08-08 09:44:21,977] {logging_mixin.py:104} INFO - [2021-08-08 09:44:21,977] {dag.py:1833} INFO - Sync 1 DAGs
[2021-08-08 09:44:21,988] {logging_mixin.py:104} INFO - [2021-08-08 09:44:21,988] {dag.py:2306} INFO - Setting next_dagrun for example_skip_dag to 2021-08-06 00:00:00+00:00
[2021-08-08 09:44:21,997] {scheduler_job.py:189} INFO - Processing /home/airflow/.local/lib/python3.6/site-packages/airflow/example_dags/example_skip_dag.py took 0.046 seconds
[2021-08-08 09:44:52,316] {scheduler_job.py:181} INFO - Started process (PID=704) to work on /home/airflow/.local/lib/python3.6/site-packages/airflow/example_dags/example_skip_dag.py
[2021-08-08 09:44:52,316] {scheduler_job.py:632} INFO - Processing file /home/airflow/.local/lib/python3.6/site-packages/airflow/example_dags/example_skip_dag.py for tasks to queue
[2021-08-08 09:44:52,317] {logging_mixin.py:104} INFO - [2021-08-08 09:44:52,317] {dagbag.py:496} INFO - Filling up the DagBag from /home/airflow/.local/lib/python3.6/site-packages/airflow/example_dags/example_skip_dag.py
[2021-08-08 09:44:52,325] {scheduler_job.py:642} INFO - DAG(s) dict_keys(['example_skip_dag']) retrieved from /home/airflow/.local/lib/python3.6/site-packages/airflow/example_dags/example_skip_dag.py
[2021-08-08 09:44:52,341] {logging_mixin.py:104} INFO - [2021-08-08 09:44:52,341] {dag.py:1833} INFO - Sync 1 DAGs
[2021-08-08 09:44:52,353] {logging_mixin.py:104} INFO - [2021-08-08 09:44:52,353] {dag.py:2306} INFO - Setting next_dagrun for example_skip_dag to 2021-08-06 00:00:00+00:00
[2021-08-08 09:44:52,361] {scheduler_job.py:189} INFO - Processing /home/airflow/.local/lib/python3.6/site-packages/airflow/example_dags/example_skip_dag.py took 0.047 seconds
[2021-08-08 09:45:22,614] {scheduler_job.py:181} INFO - Started process (PID=767) to work on /home/airflow/.local/lib/python3.6/site-packages/airflow/example_dags/example_skip_dag.py
[2021-08-08 09:45:22,615] {scheduler_job.py:632} INFO - Processing file /home/airflow/.local/lib/python3.6/site-packages/airflow/example_dags/example_skip_dag.py for tasks to queue
[2021-08-08 09:45:22,616] {logging_mixin.py:104} INFO - [2021-08-08 09:45:22,616] {dagbag.py:496} INFO - Filling up the DagBag from /home/airflow/.local/lib/python3.6/site-packages/airflow/example_dags/example_skip_dag.py
[2021-08-08 09:45:22,623] {scheduler_job.py:642} INFO - DAG(s) dict_keys(['example_skip_dag']) retrieved from /home/airflow/.local/lib/python3.6/site-packages/airflow/example_dags/example_skip_dag.py
[2021-08-08 09:45:22,639] {logging_mixin.py:104} INFO - [2021-08-08 09:45:22,638] {dag.py:1833} INFO - Sync 1 DAGs
[2021-08-08 09:45:22,649] {logging_mixin.py:104} INFO - [2021-08-08 09:45:22,649] {dag.py:2306} INFO - Setting next_dagrun for example_skip_dag to 2021-08-06 00:00:00+00:00
[2021-08-08 09:45:22,656] {scheduler_job.py:189} INFO - Processing /home/airflow/.local/lib/python3.6/site-packages/airflow/example_dags/example_skip_dag.py took 0.043 seconds
[2021-08-08 09:45:53,529] {scheduler_job.py:181} INFO - Started process (PID=828) to work on /home/airflow/.local/lib/python3.6/site-packages/airflow/example_dags/example_skip_dag.py
[2021-08-08 09:45:53,531] {scheduler_job.py:632} INFO - Processing file /home/airflow/.local/lib/python3.6/site-packages/airflow/example_dags/example_skip_dag.py for tasks to queue
[2021-08-08 09:45:53,531] {logging_mixin.py:104} INFO - [2021-08-08 09:45:53,531] {dagbag.py:496} INFO - Filling up the DagBag from /home/airflow/.local/lib/python3.6/site-packages/airflow/example_dags/example_skip_dag.py
[2021-08-08 09:45:53,539] {scheduler_job.py:642} INFO - DAG(s) dict_keys(['example_skip_dag']) retrieved from /home/airflow/.local/lib/python3.6/site-packages/airflow/example_dags/example_skip_dag.py
[2021-08-08 09:45:53,555] {logging_mixin.py:104} INFO - [2021-08-08 09:45:53,555] {dag.py:1833} INFO - Sync 1 DAGs
[2021-08-08 09:45:53,567] {logging_mixin.py:104} INFO - [2021-08-08 09:45:53,567] {dag.py:2306} INFO - Setting next_dagrun for example_skip_dag to 2021-08-06 00:00:00+00:00
[2021-08-08 09:45:53,575] {scheduler_job.py:189} INFO - Processing /home/airflow/.local/lib/python3.6/site-packages/airflow/example_dags/example_skip_dag.py took 0.048 seconds
[2021-08-08 09:46:23,949] {scheduler_job.py:181} INFO - Started process (PID=879) to work on /home/airflow/.local/lib/python3.6/site-packages/airflow/example_dags/example_skip_dag.py
[2021-08-08 09:46:23,950] {scheduler_job.py:632} INFO - Processing file /home/airflow/.local/lib/python3.6/site-packages/airflow/example_dags/example_skip_dag.py for tasks to queue
[2021-08-08 09:46:23,950] {logging_mixin.py:104} INFO - [2021-08-08 09:46:23,950] {dagbag.py:496} INFO - Filling up the DagBag from /home/airflow/.local/lib/python3.6/site-packages/airflow/example_dags/example_skip_dag.py
[2021-08-08 09:46:23,958] {scheduler_job.py:642} INFO - DAG(s) dict_keys(['example_skip_dag']) retrieved from /home/airflow/.local/lib/python3.6/site-packages/airflow/example_dags/example_skip_dag.py
[2021-08-08 09:46:23,975] {logging_mixin.py:104} INFO - [2021-08-08 09:46:23,975] {dag.py:1833} INFO - Sync 1 DAGs
[2021-08-08 09:46:23,987] {logging_mixin.py:104} INFO - [2021-08-08 09:46:23,987] {dag.py:2306} INFO - Setting next_dagrun for example_skip_dag to 2021-08-06 00:00:00+00:00
[2021-08-08 09:46:23,995] {scheduler_job.py:189} INFO - Processing /home/airflow/.local/lib/python3.6/site-packages/airflow/example_dags/example_skip_dag.py took 0.049 seconds
[2021-08-08 09:46:54,319] {scheduler_job.py:181} INFO - Started process (PID=945) to work on /home/airflow/.local/lib/python3.6/site-packages/airflow/example_dags/example_skip_dag.py
[2021-08-08 09:46:54,320] {scheduler_job.py:632} INFO - Processing file /home/airflow/.local/lib/python3.6/site-packages/airflow/example_dags/example_skip_dag.py for tasks to queue
[2021-08-08 09:46:54,321] {logging_mixin.py:104} INFO - [2021-08-08 09:46:54,321] {dagbag.py:496} INFO - Filling up the DagBag from /home/airflow/.local/lib/python3.6/site-packages/airflow/example_dags/example_skip_dag.py
[2021-08-08 09:46:54,330] {scheduler_job.py:642} INFO - DAG(s) dict_keys(['example_skip_dag']) retrieved from /home/airflow/.local/lib/python3.6/site-packages/airflow/example_dags/example_skip_dag.py
[2021-08-08 09:46:54,349] {logging_mixin.py:104} INFO - [2021-08-08 09:46:54,348] {dag.py:1833} INFO - Sync 1 DAGs
[2021-08-08 09:46:54,361] {logging_mixin.py:104} INFO - [2021-08-08 09:46:54,361] {dag.py:2306} INFO - Setting next_dagrun for example_skip_dag to 2021-08-06 00:00:00+00:00
[2021-08-08 09:46:54,372] {scheduler_job.py:189} INFO - Processing /home/airflow/.local/lib/python3.6/site-packages/airflow/example_dags/example_skip_dag.py took 0.055 seconds
[2021-08-08 09:47:37,439] {scheduler_job.py:181} INFO - Started process (PID=34) to work on /home/airflow/.local/lib/python3.6/site-packages/airflow/example_dags/example_skip_dag.py
[2021-08-08 09:47:37,440] {scheduler_job.py:632} INFO - Processing file /home/airflow/.local/lib/python3.6/site-packages/airflow/example_dags/example_skip_dag.py for tasks to queue
[2021-08-08 09:47:37,441] {logging_mixin.py:104} INFO - [2021-08-08 09:47:37,441] {dagbag.py:496} INFO - Filling up the DagBag from /home/airflow/.local/lib/python3.6/site-packages/airflow/example_dags/example_skip_dag.py
[2021-08-08 09:47:37,453] {scheduler_job.py:642} INFO - DAG(s) dict_keys(['example_skip_dag']) retrieved from /home/airflow/.local/lib/python3.6/site-packages/airflow/example_dags/example_skip_dag.py
[2021-08-08 09:47:37,474] {logging_mixin.py:104} INFO - [2021-08-08 09:47:37,474] {dag.py:1833} INFO - Sync 1 DAGs
[2021-08-08 09:47:37,489] {logging_mixin.py:104} INFO - [2021-08-08 09:47:37,489] {dag.py:2306} INFO - Setting next_dagrun for example_skip_dag to 2021-08-06 00:00:00+00:00
[2021-08-08 09:47:37,500] {scheduler_job.py:189} INFO - Processing /home/airflow/.local/lib/python3.6/site-packages/airflow/example_dags/example_skip_dag.py took 0.063 seconds
