[2021-08-08 09:43:09,553] {scheduler_job.py:181} INFO - Started process (PID=69) to work on /home/airflow/.local/lib/python3.6/site-packages/airflow/example_dags/example_xcom.py
[2021-08-08 09:43:09,555] {scheduler_job.py:632} INFO - Processing file /home/airflow/.local/lib/python3.6/site-packages/airflow/example_dags/example_xcom.py for tasks to queue
[2021-08-08 09:43:09,556] {logging_mixin.py:104} INFO - [2021-08-08 09:43:09,555] {dagbag.py:496} INFO - Filling up the DagBag from /home/airflow/.local/lib/python3.6/site-packages/airflow/example_dags/example_xcom.py
[2021-08-08 09:43:09,567] {scheduler_job.py:642} INFO - DAG(s) dict_keys(['example_xcom']) retrieved from /home/airflow/.local/lib/python3.6/site-packages/airflow/example_dags/example_xcom.py
[2021-08-08 09:43:11,994] {logging_mixin.py:104} INFO - [2021-08-08 09:43:11,994] {dag.py:1833} INFO - Sync 1 DAGs
[2021-08-08 09:43:12,005] {logging_mixin.py:104} INFO - [2021-08-08 09:43:12,004] {dag.py:1852} INFO - Creating ORM DAG for example_xcom
[2021-08-08 09:43:12,011] {logging_mixin.py:104} INFO - [2021-08-08 09:43:12,010] {dag.py:2306} INFO - Setting next_dagrun for example_xcom to 2021-08-06 00:00:00+00:00
[2021-08-08 09:43:12,021] {scheduler_job.py:189} INFO - Processing /home/airflow/.local/lib/python3.6/site-packages/airflow/example_dags/example_xcom.py took 2.470 seconds
[2021-08-08 09:43:42,384] {scheduler_job.py:181} INFO - Started process (PID=569) to work on /home/airflow/.local/lib/python3.6/site-packages/airflow/example_dags/example_xcom.py
[2021-08-08 09:43:42,385] {scheduler_job.py:632} INFO - Processing file /home/airflow/.local/lib/python3.6/site-packages/airflow/example_dags/example_xcom.py for tasks to queue
[2021-08-08 09:43:42,386] {logging_mixin.py:104} INFO - [2021-08-08 09:43:42,385] {dagbag.py:496} INFO - Filling up the DagBag from /home/airflow/.local/lib/python3.6/site-packages/airflow/example_dags/example_xcom.py
[2021-08-08 09:43:42,394] {scheduler_job.py:642} INFO - DAG(s) dict_keys(['example_xcom']) retrieved from /home/airflow/.local/lib/python3.6/site-packages/airflow/example_dags/example_xcom.py
[2021-08-08 09:43:42,414] {logging_mixin.py:104} INFO - [2021-08-08 09:43:42,414] {dag.py:1833} INFO - Sync 1 DAGs
[2021-08-08 09:43:42,429] {logging_mixin.py:104} INFO - [2021-08-08 09:43:42,429] {dag.py:2306} INFO - Setting next_dagrun for example_xcom to 2021-08-06 00:00:00+00:00
[2021-08-08 09:43:42,440] {scheduler_job.py:189} INFO - Processing /home/airflow/.local/lib/python3.6/site-packages/airflow/example_dags/example_xcom.py took 0.058 seconds
[2021-08-08 09:44:12,774] {scheduler_job.py:181} INFO - Started process (PID=632) to work on /home/airflow/.local/lib/python3.6/site-packages/airflow/example_dags/example_xcom.py
[2021-08-08 09:44:12,775] {scheduler_job.py:632} INFO - Processing file /home/airflow/.local/lib/python3.6/site-packages/airflow/example_dags/example_xcom.py for tasks to queue
[2021-08-08 09:44:12,777] {logging_mixin.py:104} INFO - [2021-08-08 09:44:12,777] {dagbag.py:496} INFO - Filling up the DagBag from /home/airflow/.local/lib/python3.6/site-packages/airflow/example_dags/example_xcom.py
[2021-08-08 09:44:12,792] {scheduler_job.py:642} INFO - DAG(s) dict_keys(['example_xcom']) retrieved from /home/airflow/.local/lib/python3.6/site-packages/airflow/example_dags/example_xcom.py
[2021-08-08 09:44:12,814] {logging_mixin.py:104} INFO - [2021-08-08 09:44:12,814] {dag.py:1833} INFO - Sync 1 DAGs
[2021-08-08 09:44:12,831] {logging_mixin.py:104} INFO - [2021-08-08 09:44:12,831] {dag.py:2306} INFO - Setting next_dagrun for example_xcom to 2021-08-06 00:00:00+00:00
[2021-08-08 09:44:12,840] {scheduler_job.py:189} INFO - Processing /home/airflow/.local/lib/python3.6/site-packages/airflow/example_dags/example_xcom.py took 0.069 seconds
[2021-08-08 09:44:43,020] {scheduler_job.py:181} INFO - Started process (PID=696) to work on /home/airflow/.local/lib/python3.6/site-packages/airflow/example_dags/example_xcom.py
[2021-08-08 09:44:43,021] {scheduler_job.py:632} INFO - Processing file /home/airflow/.local/lib/python3.6/site-packages/airflow/example_dags/example_xcom.py for tasks to queue
[2021-08-08 09:44:43,022] {logging_mixin.py:104} INFO - [2021-08-08 09:44:43,022] {dagbag.py:496} INFO - Filling up the DagBag from /home/airflow/.local/lib/python3.6/site-packages/airflow/example_dags/example_xcom.py
[2021-08-08 09:44:43,031] {scheduler_job.py:642} INFO - DAG(s) dict_keys(['example_xcom']) retrieved from /home/airflow/.local/lib/python3.6/site-packages/airflow/example_dags/example_xcom.py
[2021-08-08 09:44:43,047] {logging_mixin.py:104} INFO - [2021-08-08 09:44:43,047] {dag.py:1833} INFO - Sync 1 DAGs
[2021-08-08 09:44:43,059] {logging_mixin.py:104} INFO - [2021-08-08 09:44:43,059] {dag.py:2306} INFO - Setting next_dagrun for example_xcom to 2021-08-06 00:00:00+00:00
[2021-08-08 09:44:43,067] {scheduler_job.py:189} INFO - Processing /home/airflow/.local/lib/python3.6/site-packages/airflow/example_dags/example_xcom.py took 0.048 seconds
[2021-08-08 09:45:13,089] {scheduler_job.py:181} INFO - Started process (PID=747) to work on /home/airflow/.local/lib/python3.6/site-packages/airflow/example_dags/example_xcom.py
[2021-08-08 09:45:13,090] {scheduler_job.py:632} INFO - Processing file /home/airflow/.local/lib/python3.6/site-packages/airflow/example_dags/example_xcom.py for tasks to queue
[2021-08-08 09:45:13,090] {logging_mixin.py:104} INFO - [2021-08-08 09:45:13,090] {dagbag.py:496} INFO - Filling up the DagBag from /home/airflow/.local/lib/python3.6/site-packages/airflow/example_dags/example_xcom.py
[2021-08-08 09:45:13,101] {scheduler_job.py:642} INFO - DAG(s) dict_keys(['example_xcom']) retrieved from /home/airflow/.local/lib/python3.6/site-packages/airflow/example_dags/example_xcom.py
[2021-08-08 09:45:13,118] {logging_mixin.py:104} INFO - [2021-08-08 09:45:13,118] {dag.py:1833} INFO - Sync 1 DAGs
[2021-08-08 09:45:13,132] {logging_mixin.py:104} INFO - [2021-08-08 09:45:13,131] {dag.py:2306} INFO - Setting next_dagrun for example_xcom to 2021-08-06 00:00:00+00:00
[2021-08-08 09:45:13,140] {scheduler_job.py:189} INFO - Processing /home/airflow/.local/lib/python3.6/site-packages/airflow/example_dags/example_xcom.py took 0.054 seconds
[2021-08-08 09:45:43,218] {scheduler_job.py:181} INFO - Started process (PID=809) to work on /home/airflow/.local/lib/python3.6/site-packages/airflow/example_dags/example_xcom.py
[2021-08-08 09:45:43,219] {scheduler_job.py:632} INFO - Processing file /home/airflow/.local/lib/python3.6/site-packages/airflow/example_dags/example_xcom.py for tasks to queue
[2021-08-08 09:45:43,220] {logging_mixin.py:104} INFO - [2021-08-08 09:45:43,220] {dagbag.py:496} INFO - Filling up the DagBag from /home/airflow/.local/lib/python3.6/site-packages/airflow/example_dags/example_xcom.py
[2021-08-08 09:45:43,228] {scheduler_job.py:642} INFO - DAG(s) dict_keys(['example_xcom']) retrieved from /home/airflow/.local/lib/python3.6/site-packages/airflow/example_dags/example_xcom.py
[2021-08-08 09:45:43,244] {logging_mixin.py:104} INFO - [2021-08-08 09:45:43,244] {dag.py:1833} INFO - Sync 1 DAGs
[2021-08-08 09:45:43,256] {logging_mixin.py:104} INFO - [2021-08-08 09:45:43,256] {dag.py:2306} INFO - Setting next_dagrun for example_xcom to 2021-08-06 00:00:00+00:00
[2021-08-08 09:45:43,266] {scheduler_job.py:189} INFO - Processing /home/airflow/.local/lib/python3.6/site-packages/airflow/example_dags/example_xcom.py took 0.049 seconds
[2021-08-08 09:46:13,396] {scheduler_job.py:181} INFO - Started process (PID=859) to work on /home/airflow/.local/lib/python3.6/site-packages/airflow/example_dags/example_xcom.py
[2021-08-08 09:46:13,397] {scheduler_job.py:632} INFO - Processing file /home/airflow/.local/lib/python3.6/site-packages/airflow/example_dags/example_xcom.py for tasks to queue
[2021-08-08 09:46:13,398] {logging_mixin.py:104} INFO - [2021-08-08 09:46:13,398] {dagbag.py:496} INFO - Filling up the DagBag from /home/airflow/.local/lib/python3.6/site-packages/airflow/example_dags/example_xcom.py
[2021-08-08 09:46:13,406] {scheduler_job.py:642} INFO - DAG(s) dict_keys(['example_xcom']) retrieved from /home/airflow/.local/lib/python3.6/site-packages/airflow/example_dags/example_xcom.py
[2021-08-08 09:46:13,422] {logging_mixin.py:104} INFO - [2021-08-08 09:46:13,422] {dag.py:1833} INFO - Sync 1 DAGs
[2021-08-08 09:46:13,435] {logging_mixin.py:104} INFO - [2021-08-08 09:46:13,435] {dag.py:2306} INFO - Setting next_dagrun for example_xcom to 2021-08-06 00:00:00+00:00
[2021-08-08 09:46:13,444] {scheduler_job.py:189} INFO - Processing /home/airflow/.local/lib/python3.6/site-packages/airflow/example_dags/example_xcom.py took 0.051 seconds
[2021-08-08 09:46:43,789] {scheduler_job.py:181} INFO - Started process (PID=924) to work on /home/airflow/.local/lib/python3.6/site-packages/airflow/example_dags/example_xcom.py
[2021-08-08 09:46:43,790] {scheduler_job.py:632} INFO - Processing file /home/airflow/.local/lib/python3.6/site-packages/airflow/example_dags/example_xcom.py for tasks to queue
[2021-08-08 09:46:43,791] {logging_mixin.py:104} INFO - [2021-08-08 09:46:43,791] {dagbag.py:496} INFO - Filling up the DagBag from /home/airflow/.local/lib/python3.6/site-packages/airflow/example_dags/example_xcom.py
[2021-08-08 09:46:43,799] {scheduler_job.py:642} INFO - DAG(s) dict_keys(['example_xcom']) retrieved from /home/airflow/.local/lib/python3.6/site-packages/airflow/example_dags/example_xcom.py
[2021-08-08 09:46:43,815] {logging_mixin.py:104} INFO - [2021-08-08 09:46:43,815] {dag.py:1833} INFO - Sync 1 DAGs
[2021-08-08 09:46:43,827] {logging_mixin.py:104} INFO - [2021-08-08 09:46:43,827] {dag.py:2306} INFO - Setting next_dagrun for example_xcom to None
[2021-08-08 09:46:43,838] {scheduler_job.py:189} INFO - Processing /home/airflow/.local/lib/python3.6/site-packages/airflow/example_dags/example_xcom.py took 0.051 seconds
[2021-08-08 09:47:36,996] {scheduler_job.py:181} INFO - Started process (PID=26) to work on /home/airflow/.local/lib/python3.6/site-packages/airflow/example_dags/example_xcom.py
[2021-08-08 09:47:36,997] {scheduler_job.py:632} INFO - Processing file /home/airflow/.local/lib/python3.6/site-packages/airflow/example_dags/example_xcom.py for tasks to queue
[2021-08-08 09:47:36,998] {logging_mixin.py:104} INFO - [2021-08-08 09:47:36,998] {dagbag.py:496} INFO - Filling up the DagBag from /home/airflow/.local/lib/python3.6/site-packages/airflow/example_dags/example_xcom.py
[2021-08-08 09:47:37,011] {scheduler_job.py:642} INFO - DAG(s) dict_keys(['example_xcom']) retrieved from /home/airflow/.local/lib/python3.6/site-packages/airflow/example_dags/example_xcom.py
[2021-08-08 09:47:37,031] {logging_mixin.py:104} INFO - [2021-08-08 09:47:37,031] {dag.py:1833} INFO - Sync 1 DAGs
[2021-08-08 09:47:37,048] {logging_mixin.py:104} INFO - [2021-08-08 09:47:37,048] {dag.py:2306} INFO - Setting next_dagrun for example_xcom to None
[2021-08-08 09:47:37,059] {scheduler_job.py:189} INFO - Processing /home/airflow/.local/lib/python3.6/site-packages/airflow/example_dags/example_xcom.py took 0.065 seconds
