[2021-08-08 09:43:04,438] {scheduler_job.py:181} INFO - Started process (PID=27) to work on /home/airflow/.local/lib/python3.6/site-packages/airflow/example_dags/example_short_circuit_operator.py
[2021-08-08 09:43:04,440] {scheduler_job.py:632} INFO - Processing file /home/airflow/.local/lib/python3.6/site-packages/airflow/example_dags/example_short_circuit_operator.py for tasks to queue
[2021-08-08 09:43:04,440] {logging_mixin.py:104} INFO - [2021-08-08 09:43:04,440] {dagbag.py:496} INFO - Filling up the DagBag from /home/airflow/.local/lib/python3.6/site-packages/airflow/example_dags/example_short_circuit_operator.py
[2021-08-08 09:43:04,461] {scheduler_job.py:642} INFO - DAG(s) dict_keys(['example_short_circuit_operator']) retrieved from /home/airflow/.local/lib/python3.6/site-packages/airflow/example_dags/example_short_circuit_operator.py
[2021-08-08 09:43:09,502] {logging_mixin.py:104} INFO - [2021-08-08 09:43:09,502] {dag.py:1833} INFO - Sync 1 DAGs
[2021-08-08 09:43:09,512] {logging_mixin.py:104} INFO - [2021-08-08 09:43:09,511] {dag.py:1852} INFO - Creating ORM DAG for example_short_circuit_operator
[2021-08-08 09:43:09,517] {logging_mixin.py:104} INFO - [2021-08-08 09:43:09,517] {dag.py:2306} INFO - Setting next_dagrun for example_short_circuit_operator to 2021-08-06 00:00:00+00:00
[2021-08-08 09:43:09,529] {scheduler_job.py:189} INFO - Processing /home/airflow/.local/lib/python3.6/site-packages/airflow/example_dags/example_short_circuit_operator.py took 5.093 seconds
[2021-08-08 09:43:40,458] {scheduler_job.py:181} INFO - Started process (PID=567) to work on /home/airflow/.local/lib/python3.6/site-packages/airflow/example_dags/example_short_circuit_operator.py
[2021-08-08 09:43:40,460] {scheduler_job.py:632} INFO - Processing file /home/airflow/.local/lib/python3.6/site-packages/airflow/example_dags/example_short_circuit_operator.py for tasks to queue
[2021-08-08 09:43:40,460] {logging_mixin.py:104} INFO - [2021-08-08 09:43:40,460] {dagbag.py:496} INFO - Filling up the DagBag from /home/airflow/.local/lib/python3.6/site-packages/airflow/example_dags/example_short_circuit_operator.py
[2021-08-08 09:43:40,471] {scheduler_job.py:642} INFO - DAG(s) dict_keys(['example_short_circuit_operator']) retrieved from /home/airflow/.local/lib/python3.6/site-packages/airflow/example_dags/example_short_circuit_operator.py
[2021-08-08 09:43:40,489] {logging_mixin.py:104} INFO - [2021-08-08 09:43:40,489] {dag.py:1833} INFO - Sync 1 DAGs
[2021-08-08 09:43:40,503] {logging_mixin.py:104} INFO - [2021-08-08 09:43:40,503] {dag.py:2306} INFO - Setting next_dagrun for example_short_circuit_operator to 2021-08-06 00:00:00+00:00
[2021-08-08 09:43:40,512] {scheduler_job.py:189} INFO - Processing /home/airflow/.local/lib/python3.6/site-packages/airflow/example_dags/example_short_circuit_operator.py took 0.056 seconds
[2021-08-08 09:44:10,579] {scheduler_job.py:181} INFO - Started process (PID=630) to work on /home/airflow/.local/lib/python3.6/site-packages/airflow/example_dags/example_short_circuit_operator.py
[2021-08-08 09:44:10,580] {scheduler_job.py:632} INFO - Processing file /home/airflow/.local/lib/python3.6/site-packages/airflow/example_dags/example_short_circuit_operator.py for tasks to queue
[2021-08-08 09:44:10,581] {logging_mixin.py:104} INFO - [2021-08-08 09:44:10,581] {dagbag.py:496} INFO - Filling up the DagBag from /home/airflow/.local/lib/python3.6/site-packages/airflow/example_dags/example_short_circuit_operator.py
[2021-08-08 09:44:10,591] {scheduler_job.py:642} INFO - DAG(s) dict_keys(['example_short_circuit_operator']) retrieved from /home/airflow/.local/lib/python3.6/site-packages/airflow/example_dags/example_short_circuit_operator.py
[2021-08-08 09:44:10,610] {logging_mixin.py:104} INFO - [2021-08-08 09:44:10,610] {dag.py:1833} INFO - Sync 1 DAGs
[2021-08-08 09:44:10,626] {logging_mixin.py:104} INFO - [2021-08-08 09:44:10,626] {dag.py:2306} INFO - Setting next_dagrun for example_short_circuit_operator to 2021-08-06 00:00:00+00:00
[2021-08-08 09:44:10,637] {scheduler_job.py:189} INFO - Processing /home/airflow/.local/lib/python3.6/site-packages/airflow/example_dags/example_short_circuit_operator.py took 0.059 seconds
[2021-08-08 09:44:40,683] {scheduler_job.py:181} INFO - Started process (PID=682) to work on /home/airflow/.local/lib/python3.6/site-packages/airflow/example_dags/example_short_circuit_operator.py
[2021-08-08 09:44:40,684] {scheduler_job.py:632} INFO - Processing file /home/airflow/.local/lib/python3.6/site-packages/airflow/example_dags/example_short_circuit_operator.py for tasks to queue
[2021-08-08 09:44:40,685] {logging_mixin.py:104} INFO - [2021-08-08 09:44:40,684] {dagbag.py:496} INFO - Filling up the DagBag from /home/airflow/.local/lib/python3.6/site-packages/airflow/example_dags/example_short_circuit_operator.py
[2021-08-08 09:44:40,694] {scheduler_job.py:642} INFO - DAG(s) dict_keys(['example_short_circuit_operator']) retrieved from /home/airflow/.local/lib/python3.6/site-packages/airflow/example_dags/example_short_circuit_operator.py
[2021-08-08 09:44:40,711] {logging_mixin.py:104} INFO - [2021-08-08 09:44:40,711] {dag.py:1833} INFO - Sync 1 DAGs
[2021-08-08 09:44:40,723] {logging_mixin.py:104} INFO - [2021-08-08 09:44:40,723] {dag.py:2306} INFO - Setting next_dagrun for example_short_circuit_operator to 2021-08-06 00:00:00+00:00
[2021-08-08 09:44:40,733] {scheduler_job.py:189} INFO - Processing /home/airflow/.local/lib/python3.6/site-packages/airflow/example_dags/example_short_circuit_operator.py took 0.051 seconds
[2021-08-08 09:45:10,775] {scheduler_job.py:181} INFO - Started process (PID=744) to work on /home/airflow/.local/lib/python3.6/site-packages/airflow/example_dags/example_short_circuit_operator.py
[2021-08-08 09:45:10,776] {scheduler_job.py:632} INFO - Processing file /home/airflow/.local/lib/python3.6/site-packages/airflow/example_dags/example_short_circuit_operator.py for tasks to queue
[2021-08-08 09:45:10,777] {logging_mixin.py:104} INFO - [2021-08-08 09:45:10,777] {dagbag.py:496} INFO - Filling up the DagBag from /home/airflow/.local/lib/python3.6/site-packages/airflow/example_dags/example_short_circuit_operator.py
[2021-08-08 09:45:10,786] {scheduler_job.py:642} INFO - DAG(s) dict_keys(['example_short_circuit_operator']) retrieved from /home/airflow/.local/lib/python3.6/site-packages/airflow/example_dags/example_short_circuit_operator.py
[2021-08-08 09:45:10,802] {logging_mixin.py:104} INFO - [2021-08-08 09:45:10,802] {dag.py:1833} INFO - Sync 1 DAGs
[2021-08-08 09:45:10,815] {logging_mixin.py:104} INFO - [2021-08-08 09:45:10,815] {dag.py:2306} INFO - Setting next_dagrun for example_short_circuit_operator to 2021-08-06 00:00:00+00:00
[2021-08-08 09:45:10,822] {scheduler_job.py:189} INFO - Processing /home/airflow/.local/lib/python3.6/site-packages/airflow/example_dags/example_short_circuit_operator.py took 0.049 seconds
[2021-08-08 09:45:41,118] {scheduler_job.py:181} INFO - Started process (PID=806) to work on /home/airflow/.local/lib/python3.6/site-packages/airflow/example_dags/example_short_circuit_operator.py
[2021-08-08 09:45:41,119] {scheduler_job.py:632} INFO - Processing file /home/airflow/.local/lib/python3.6/site-packages/airflow/example_dags/example_short_circuit_operator.py for tasks to queue
[2021-08-08 09:45:41,120] {logging_mixin.py:104} INFO - [2021-08-08 09:45:41,120] {dagbag.py:496} INFO - Filling up the DagBag from /home/airflow/.local/lib/python3.6/site-packages/airflow/example_dags/example_short_circuit_operator.py
[2021-08-08 09:45:41,129] {scheduler_job.py:642} INFO - DAG(s) dict_keys(['example_short_circuit_operator']) retrieved from /home/airflow/.local/lib/python3.6/site-packages/airflow/example_dags/example_short_circuit_operator.py
[2021-08-08 09:45:41,147] {logging_mixin.py:104} INFO - [2021-08-08 09:45:41,147] {dag.py:1833} INFO - Sync 1 DAGs
[2021-08-08 09:45:41,160] {logging_mixin.py:104} INFO - [2021-08-08 09:45:41,160] {dag.py:2306} INFO - Setting next_dagrun for example_short_circuit_operator to 2021-08-06 00:00:00+00:00
[2021-08-08 09:45:41,170] {scheduler_job.py:189} INFO - Processing /home/airflow/.local/lib/python3.6/site-packages/airflow/example_dags/example_short_circuit_operator.py took 0.053 seconds
[2021-08-08 09:46:11,302] {scheduler_job.py:181} INFO - Started process (PID=857) to work on /home/airflow/.local/lib/python3.6/site-packages/airflow/example_dags/example_short_circuit_operator.py
[2021-08-08 09:46:11,303] {scheduler_job.py:632} INFO - Processing file /home/airflow/.local/lib/python3.6/site-packages/airflow/example_dags/example_short_circuit_operator.py for tasks to queue
[2021-08-08 09:46:11,304] {logging_mixin.py:104} INFO - [2021-08-08 09:46:11,304] {dagbag.py:496} INFO - Filling up the DagBag from /home/airflow/.local/lib/python3.6/site-packages/airflow/example_dags/example_short_circuit_operator.py
[2021-08-08 09:46:11,314] {scheduler_job.py:642} INFO - DAG(s) dict_keys(['example_short_circuit_operator']) retrieved from /home/airflow/.local/lib/python3.6/site-packages/airflow/example_dags/example_short_circuit_operator.py
[2021-08-08 09:46:11,331] {logging_mixin.py:104} INFO - [2021-08-08 09:46:11,331] {dag.py:1833} INFO - Sync 1 DAGs
[2021-08-08 09:46:11,343] {logging_mixin.py:104} INFO - [2021-08-08 09:46:11,343] {dag.py:2306} INFO - Setting next_dagrun for example_short_circuit_operator to 2021-08-06 00:00:00+00:00
[2021-08-08 09:46:11,354] {scheduler_job.py:189} INFO - Processing /home/airflow/.local/lib/python3.6/site-packages/airflow/example_dags/example_short_circuit_operator.py took 0.053 seconds
[2021-08-08 09:46:41,697] {scheduler_job.py:181} INFO - Started process (PID=922) to work on /home/airflow/.local/lib/python3.6/site-packages/airflow/example_dags/example_short_circuit_operator.py
[2021-08-08 09:46:41,698] {scheduler_job.py:632} INFO - Processing file /home/airflow/.local/lib/python3.6/site-packages/airflow/example_dags/example_short_circuit_operator.py for tasks to queue
[2021-08-08 09:46:41,699] {logging_mixin.py:104} INFO - [2021-08-08 09:46:41,699] {dagbag.py:496} INFO - Filling up the DagBag from /home/airflow/.local/lib/python3.6/site-packages/airflow/example_dags/example_short_circuit_operator.py
[2021-08-08 09:46:41,708] {scheduler_job.py:642} INFO - DAG(s) dict_keys(['example_short_circuit_operator']) retrieved from /home/airflow/.local/lib/python3.6/site-packages/airflow/example_dags/example_short_circuit_operator.py
[2021-08-08 09:46:41,727] {logging_mixin.py:104} INFO - [2021-08-08 09:46:41,727] {dag.py:1833} INFO - Sync 1 DAGs
[2021-08-08 09:46:41,740] {logging_mixin.py:104} INFO - [2021-08-08 09:46:41,740] {dag.py:2306} INFO - Setting next_dagrun for example_short_circuit_operator to 2021-08-06 00:00:00+00:00
[2021-08-08 09:46:41,752] {scheduler_job.py:189} INFO - Processing /home/airflow/.local/lib/python3.6/site-packages/airflow/example_dags/example_short_circuit_operator.py took 0.056 seconds
[2021-08-08 09:47:36,919] {scheduler_job.py:181} INFO - Started process (PID=25) to work on /home/airflow/.local/lib/python3.6/site-packages/airflow/example_dags/example_short_circuit_operator.py
[2021-08-08 09:47:36,920] {scheduler_job.py:632} INFO - Processing file /home/airflow/.local/lib/python3.6/site-packages/airflow/example_dags/example_short_circuit_operator.py for tasks to queue
[2021-08-08 09:47:36,921] {logging_mixin.py:104} INFO - [2021-08-08 09:47:36,921] {dagbag.py:496} INFO - Filling up the DagBag from /home/airflow/.local/lib/python3.6/site-packages/airflow/example_dags/example_short_circuit_operator.py
[2021-08-08 09:47:36,932] {scheduler_job.py:642} INFO - DAG(s) dict_keys(['example_short_circuit_operator']) retrieved from /home/airflow/.local/lib/python3.6/site-packages/airflow/example_dags/example_short_circuit_operator.py
[2021-08-08 09:47:36,955] {logging_mixin.py:104} INFO - [2021-08-08 09:47:36,955] {dag.py:1833} INFO - Sync 1 DAGs
[2021-08-08 09:47:36,970] {logging_mixin.py:104} INFO - [2021-08-08 09:47:36,970] {dag.py:2306} INFO - Setting next_dagrun for example_short_circuit_operator to 2021-08-06 00:00:00+00:00
[2021-08-08 09:47:36,980] {scheduler_job.py:189} INFO - Processing /home/airflow/.local/lib/python3.6/site-packages/airflow/example_dags/example_short_circuit_operator.py took 0.063 seconds
