[2021-08-08 09:43:14,238] {scheduler_job.py:181} INFO - Started process (PID=139) to work on /home/airflow/.local/lib/python3.6/site-packages/airflow/example_dags/example_complex.py
[2021-08-08 09:43:14,239] {scheduler_job.py:632} INFO - Processing file /home/airflow/.local/lib/python3.6/site-packages/airflow/example_dags/example_complex.py for tasks to queue
[2021-08-08 09:43:14,240] {logging_mixin.py:104} INFO - [2021-08-08 09:43:14,239] {dagbag.py:496} INFO - Filling up the DagBag from /home/airflow/.local/lib/python3.6/site-packages/airflow/example_dags/example_complex.py
[2021-08-08 09:43:14,257] {scheduler_job.py:642} INFO - DAG(s) dict_keys(['example_complex']) retrieved from /home/airflow/.local/lib/python3.6/site-packages/airflow/example_dags/example_complex.py
[2021-08-08 09:43:16,586] {logging_mixin.py:104} INFO - [2021-08-08 09:43:16,586] {dag.py:1833} INFO - Sync 1 DAGs
[2021-08-08 09:43:16,598] {logging_mixin.py:104} INFO - [2021-08-08 09:43:16,597] {dag.py:1852} INFO - Creating ORM DAG for example_complex
[2021-08-08 09:43:16,604] {logging_mixin.py:104} INFO - [2021-08-08 09:43:16,604] {dag.py:2306} INFO - Setting next_dagrun for example_complex to None
[2021-08-08 09:43:16,618] {scheduler_job.py:189} INFO - Processing /home/airflow/.local/lib/python3.6/site-packages/airflow/example_dags/example_complex.py took 2.382 seconds
[2021-08-08 09:43:46,722] {scheduler_job.py:181} INFO - Started process (PID=584) to work on /home/airflow/.local/lib/python3.6/site-packages/airflow/example_dags/example_complex.py
[2021-08-08 09:43:46,723] {scheduler_job.py:632} INFO - Processing file /home/airflow/.local/lib/python3.6/site-packages/airflow/example_dags/example_complex.py for tasks to queue
[2021-08-08 09:43:46,724] {logging_mixin.py:104} INFO - [2021-08-08 09:43:46,724] {dagbag.py:496} INFO - Filling up the DagBag from /home/airflow/.local/lib/python3.6/site-packages/airflow/example_dags/example_complex.py
[2021-08-08 09:43:46,742] {scheduler_job.py:642} INFO - DAG(s) dict_keys(['example_complex']) retrieved from /home/airflow/.local/lib/python3.6/site-packages/airflow/example_dags/example_complex.py
[2021-08-08 09:43:46,764] {logging_mixin.py:104} INFO - [2021-08-08 09:43:46,764] {dag.py:1833} INFO - Sync 1 DAGs
[2021-08-08 09:43:46,779] {logging_mixin.py:104} INFO - [2021-08-08 09:43:46,778] {dag.py:2306} INFO - Setting next_dagrun for example_complex to None
[2021-08-08 09:43:46,787] {scheduler_job.py:189} INFO - Processing /home/airflow/.local/lib/python3.6/site-packages/airflow/example_dags/example_complex.py took 0.068 seconds
[2021-08-08 09:44:16,854] {scheduler_job.py:181} INFO - Started process (PID=637) to work on /home/airflow/.local/lib/python3.6/site-packages/airflow/example_dags/example_complex.py
[2021-08-08 09:44:16,855] {scheduler_job.py:632} INFO - Processing file /home/airflow/.local/lib/python3.6/site-packages/airflow/example_dags/example_complex.py for tasks to queue
[2021-08-08 09:44:16,856] {logging_mixin.py:104} INFO - [2021-08-08 09:44:16,856] {dagbag.py:496} INFO - Filling up the DagBag from /home/airflow/.local/lib/python3.6/site-packages/airflow/example_dags/example_complex.py
[2021-08-08 09:44:16,875] {scheduler_job.py:642} INFO - DAG(s) dict_keys(['example_complex']) retrieved from /home/airflow/.local/lib/python3.6/site-packages/airflow/example_dags/example_complex.py
[2021-08-08 09:44:16,898] {logging_mixin.py:104} INFO - [2021-08-08 09:44:16,897] {dag.py:1833} INFO - Sync 1 DAGs
[2021-08-08 09:44:16,914] {logging_mixin.py:104} INFO - [2021-08-08 09:44:16,914] {dag.py:2306} INFO - Setting next_dagrun for example_complex to None
[2021-08-08 09:44:16,923] {scheduler_job.py:189} INFO - Processing /home/airflow/.local/lib/python3.6/site-packages/airflow/example_dags/example_complex.py took 0.072 seconds
[2021-08-08 09:44:47,172] {scheduler_job.py:181} INFO - Started process (PID=701) to work on /home/airflow/.local/lib/python3.6/site-packages/airflow/example_dags/example_complex.py
[2021-08-08 09:44:47,173] {scheduler_job.py:632} INFO - Processing file /home/airflow/.local/lib/python3.6/site-packages/airflow/example_dags/example_complex.py for tasks to queue
[2021-08-08 09:44:47,173] {logging_mixin.py:104} INFO - [2021-08-08 09:44:47,173] {dagbag.py:496} INFO - Filling up the DagBag from /home/airflow/.local/lib/python3.6/site-packages/airflow/example_dags/example_complex.py
[2021-08-08 09:44:47,191] {scheduler_job.py:642} INFO - DAG(s) dict_keys(['example_complex']) retrieved from /home/airflow/.local/lib/python3.6/site-packages/airflow/example_dags/example_complex.py
[2021-08-08 09:44:47,212] {logging_mixin.py:104} INFO - [2021-08-08 09:44:47,212] {dag.py:1833} INFO - Sync 1 DAGs
[2021-08-08 09:44:47,224] {logging_mixin.py:104} INFO - [2021-08-08 09:44:47,224] {dag.py:2306} INFO - Setting next_dagrun for example_complex to None
[2021-08-08 09:44:47,233] {scheduler_job.py:189} INFO - Processing /home/airflow/.local/lib/python3.6/site-packages/airflow/example_dags/example_complex.py took 0.064 seconds
[2021-08-08 09:45:17,522] {scheduler_job.py:181} INFO - Started process (PID=764) to work on /home/airflow/.local/lib/python3.6/site-packages/airflow/example_dags/example_complex.py
[2021-08-08 09:45:17,523] {scheduler_job.py:632} INFO - Processing file /home/airflow/.local/lib/python3.6/site-packages/airflow/example_dags/example_complex.py for tasks to queue
[2021-08-08 09:45:17,524] {logging_mixin.py:104} INFO - [2021-08-08 09:45:17,524] {dagbag.py:496} INFO - Filling up the DagBag from /home/airflow/.local/lib/python3.6/site-packages/airflow/example_dags/example_complex.py
[2021-08-08 09:45:17,542] {scheduler_job.py:642} INFO - DAG(s) dict_keys(['example_complex']) retrieved from /home/airflow/.local/lib/python3.6/site-packages/airflow/example_dags/example_complex.py
[2021-08-08 09:45:17,565] {logging_mixin.py:104} INFO - [2021-08-08 09:45:17,565] {dag.py:1833} INFO - Sync 1 DAGs
[2021-08-08 09:45:17,578] {logging_mixin.py:104} INFO - [2021-08-08 09:45:17,578] {dag.py:2306} INFO - Setting next_dagrun for example_complex to None
[2021-08-08 09:45:17,586] {scheduler_job.py:189} INFO - Processing /home/airflow/.local/lib/python3.6/site-packages/airflow/example_dags/example_complex.py took 0.066 seconds
[2021-08-08 09:45:48,366] {scheduler_job.py:181} INFO - Started process (PID=815) to work on /home/airflow/.local/lib/python3.6/site-packages/airflow/example_dags/example_complex.py
[2021-08-08 09:45:48,367] {scheduler_job.py:632} INFO - Processing file /home/airflow/.local/lib/python3.6/site-packages/airflow/example_dags/example_complex.py for tasks to queue
[2021-08-08 09:45:48,368] {logging_mixin.py:104} INFO - [2021-08-08 09:45:48,368] {dagbag.py:496} INFO - Filling up the DagBag from /home/airflow/.local/lib/python3.6/site-packages/airflow/example_dags/example_complex.py
[2021-08-08 09:45:48,385] {scheduler_job.py:642} INFO - DAG(s) dict_keys(['example_complex']) retrieved from /home/airflow/.local/lib/python3.6/site-packages/airflow/example_dags/example_complex.py
[2021-08-08 09:45:48,411] {logging_mixin.py:104} INFO - [2021-08-08 09:45:48,411] {dag.py:1833} INFO - Sync 1 DAGs
[2021-08-08 09:45:48,423] {logging_mixin.py:104} INFO - [2021-08-08 09:45:48,423] {dag.py:2306} INFO - Setting next_dagrun for example_complex to None
[2021-08-08 09:45:48,433] {scheduler_job.py:189} INFO - Processing /home/airflow/.local/lib/python3.6/site-packages/airflow/example_dags/example_complex.py took 0.070 seconds
[2021-08-08 09:46:18,800] {scheduler_job.py:181} INFO - Started process (PID=876) to work on /home/airflow/.local/lib/python3.6/site-packages/airflow/example_dags/example_complex.py
[2021-08-08 09:46:18,801] {scheduler_job.py:632} INFO - Processing file /home/airflow/.local/lib/python3.6/site-packages/airflow/example_dags/example_complex.py for tasks to queue
[2021-08-08 09:46:18,801] {logging_mixin.py:104} INFO - [2021-08-08 09:46:18,801] {dagbag.py:496} INFO - Filling up the DagBag from /home/airflow/.local/lib/python3.6/site-packages/airflow/example_dags/example_complex.py
[2021-08-08 09:46:18,818] {scheduler_job.py:642} INFO - DAG(s) dict_keys(['example_complex']) retrieved from /home/airflow/.local/lib/python3.6/site-packages/airflow/example_dags/example_complex.py
[2021-08-08 09:46:18,842] {logging_mixin.py:104} INFO - [2021-08-08 09:46:18,842] {dag.py:1833} INFO - Sync 1 DAGs
[2021-08-08 09:46:18,854] {logging_mixin.py:104} INFO - [2021-08-08 09:46:18,854] {dag.py:2306} INFO - Setting next_dagrun for example_complex to None
[2021-08-08 09:46:18,863] {scheduler_job.py:189} INFO - Processing /home/airflow/.local/lib/python3.6/site-packages/airflow/example_dags/example_complex.py took 0.065 seconds
[2021-08-08 09:46:49,158] {scheduler_job.py:181} INFO - Started process (PID=931) to work on /home/airflow/.local/lib/python3.6/site-packages/airflow/example_dags/example_complex.py
[2021-08-08 09:46:49,159] {scheduler_job.py:632} INFO - Processing file /home/airflow/.local/lib/python3.6/site-packages/airflow/example_dags/example_complex.py for tasks to queue
[2021-08-08 09:46:49,160] {logging_mixin.py:104} INFO - [2021-08-08 09:46:49,160] {dagbag.py:496} INFO - Filling up the DagBag from /home/airflow/.local/lib/python3.6/site-packages/airflow/example_dags/example_complex.py
[2021-08-08 09:46:49,177] {scheduler_job.py:642} INFO - DAG(s) dict_keys(['example_complex']) retrieved from /home/airflow/.local/lib/python3.6/site-packages/airflow/example_dags/example_complex.py
[2021-08-08 09:46:49,202] {logging_mixin.py:104} INFO - [2021-08-08 09:46:49,202] {dag.py:1833} INFO - Sync 1 DAGs
[2021-08-08 09:46:49,216] {logging_mixin.py:104} INFO - [2021-08-08 09:46:49,216] {dag.py:2306} INFO - Setting next_dagrun for example_complex to None
[2021-08-08 09:46:49,225] {scheduler_job.py:189} INFO - Processing /home/airflow/.local/lib/python3.6/site-packages/airflow/example_dags/example_complex.py took 0.069 seconds
[2021-08-08 09:47:37,248] {scheduler_job.py:181} INFO - Started process (PID=31) to work on /home/airflow/.local/lib/python3.6/site-packages/airflow/example_dags/example_complex.py
[2021-08-08 09:47:37,249] {scheduler_job.py:632} INFO - Processing file /home/airflow/.local/lib/python3.6/site-packages/airflow/example_dags/example_complex.py for tasks to queue
[2021-08-08 09:47:37,250] {logging_mixin.py:104} INFO - [2021-08-08 09:47:37,249] {dagbag.py:496} INFO - Filling up the DagBag from /home/airflow/.local/lib/python3.6/site-packages/airflow/example_dags/example_complex.py
[2021-08-08 09:47:37,271] {scheduler_job.py:642} INFO - DAG(s) dict_keys(['example_complex']) retrieved from /home/airflow/.local/lib/python3.6/site-packages/airflow/example_dags/example_complex.py
[2021-08-08 09:47:37,298] {logging_mixin.py:104} INFO - [2021-08-08 09:47:37,298] {dag.py:1833} INFO - Sync 1 DAGs
[2021-08-08 09:47:37,315] {logging_mixin.py:104} INFO - [2021-08-08 09:47:37,315] {dag.py:2306} INFO - Setting next_dagrun for example_complex to None
[2021-08-08 09:47:37,327] {scheduler_job.py:189} INFO - Processing /home/airflow/.local/lib/python3.6/site-packages/airflow/example_dags/example_complex.py took 0.082 seconds
