[2021-08-08 09:43:14,201] {scheduler_job.py:181} INFO - Started process (PID=138) to work on /home/airflow/.local/lib/python3.6/site-packages/airflow/example_dags/example_task_group.py
[2021-08-08 09:43:14,202] {scheduler_job.py:632} INFO - Processing file /home/airflow/.local/lib/python3.6/site-packages/airflow/example_dags/example_task_group.py for tasks to queue
[2021-08-08 09:43:14,202] {logging_mixin.py:104} INFO - [2021-08-08 09:43:14,202] {dagbag.py:496} INFO - Filling up the DagBag from /home/airflow/.local/lib/python3.6/site-packages/airflow/example_dags/example_task_group.py
[2021-08-08 09:43:14,215] {scheduler_job.py:642} INFO - DAG(s) dict_keys(['example_task_group']) retrieved from /home/airflow/.local/lib/python3.6/site-packages/airflow/example_dags/example_task_group.py
[2021-08-08 09:43:16,552] {logging_mixin.py:104} INFO - [2021-08-08 09:43:16,552] {dag.py:1833} INFO - Sync 1 DAGs
[2021-08-08 09:43:16,563] {logging_mixin.py:104} INFO - [2021-08-08 09:43:16,562] {dag.py:1852} INFO - Creating ORM DAG for example_task_group
[2021-08-08 09:43:16,569] {logging_mixin.py:104} INFO - [2021-08-08 09:43:16,569] {dag.py:2306} INFO - Setting next_dagrun for example_task_group to 2021-08-06 00:00:00+00:00
[2021-08-08 09:43:16,583] {scheduler_job.py:189} INFO - Processing /home/airflow/.local/lib/python3.6/site-packages/airflow/example_dags/example_task_group.py took 2.384 seconds
[2021-08-08 09:43:46,721] {scheduler_job.py:181} INFO - Started process (PID=583) to work on /home/airflow/.local/lib/python3.6/site-packages/airflow/example_dags/example_task_group.py
[2021-08-08 09:43:46,722] {scheduler_job.py:632} INFO - Processing file /home/airflow/.local/lib/python3.6/site-packages/airflow/example_dags/example_task_group.py for tasks to queue
[2021-08-08 09:43:46,723] {logging_mixin.py:104} INFO - [2021-08-08 09:43:46,723] {dagbag.py:496} INFO - Filling up the DagBag from /home/airflow/.local/lib/python3.6/site-packages/airflow/example_dags/example_task_group.py
[2021-08-08 09:43:46,734] {scheduler_job.py:642} INFO - DAG(s) dict_keys(['example_task_group']) retrieved from /home/airflow/.local/lib/python3.6/site-packages/airflow/example_dags/example_task_group.py
[2021-08-08 09:43:46,752] {logging_mixin.py:104} INFO - [2021-08-08 09:43:46,752] {dag.py:1833} INFO - Sync 1 DAGs
[2021-08-08 09:43:46,764] {logging_mixin.py:104} INFO - [2021-08-08 09:43:46,763] {dag.py:2306} INFO - Setting next_dagrun for example_task_group to 2021-08-06 00:00:00+00:00
[2021-08-08 09:43:46,773] {scheduler_job.py:189} INFO - Processing /home/airflow/.local/lib/python3.6/site-packages/airflow/example_dags/example_task_group.py took 0.054 seconds
[2021-08-08 09:44:16,854] {scheduler_job.py:181} INFO - Started process (PID=636) to work on /home/airflow/.local/lib/python3.6/site-packages/airflow/example_dags/example_task_group.py
[2021-08-08 09:44:16,855] {scheduler_job.py:632} INFO - Processing file /home/airflow/.local/lib/python3.6/site-packages/airflow/example_dags/example_task_group.py for tasks to queue
[2021-08-08 09:44:16,855] {logging_mixin.py:104} INFO - [2021-08-08 09:44:16,855] {dagbag.py:496} INFO - Filling up the DagBag from /home/airflow/.local/lib/python3.6/site-packages/airflow/example_dags/example_task_group.py
[2021-08-08 09:44:16,866] {scheduler_job.py:642} INFO - DAG(s) dict_keys(['example_task_group']) retrieved from /home/airflow/.local/lib/python3.6/site-packages/airflow/example_dags/example_task_group.py
[2021-08-08 09:44:16,883] {logging_mixin.py:104} INFO - [2021-08-08 09:44:16,883] {dag.py:1833} INFO - Sync 1 DAGs
[2021-08-08 09:44:16,895] {logging_mixin.py:104} INFO - [2021-08-08 09:44:16,895] {dag.py:2306} INFO - Setting next_dagrun for example_task_group to 2021-08-06 00:00:00+00:00
[2021-08-08 09:44:16,903] {scheduler_job.py:189} INFO - Processing /home/airflow/.local/lib/python3.6/site-packages/airflow/example_dags/example_task_group.py took 0.052 seconds
[2021-08-08 09:44:47,172] {scheduler_job.py:181} INFO - Started process (PID=700) to work on /home/airflow/.local/lib/python3.6/site-packages/airflow/example_dags/example_task_group.py
[2021-08-08 09:44:47,173] {scheduler_job.py:632} INFO - Processing file /home/airflow/.local/lib/python3.6/site-packages/airflow/example_dags/example_task_group.py for tasks to queue
[2021-08-08 09:44:47,173] {logging_mixin.py:104} INFO - [2021-08-08 09:44:47,173] {dagbag.py:496} INFO - Filling up the DagBag from /home/airflow/.local/lib/python3.6/site-packages/airflow/example_dags/example_task_group.py
[2021-08-08 09:44:47,184] {scheduler_job.py:642} INFO - DAG(s) dict_keys(['example_task_group']) retrieved from /home/airflow/.local/lib/python3.6/site-packages/airflow/example_dags/example_task_group.py
[2021-08-08 09:44:47,201] {logging_mixin.py:104} INFO - [2021-08-08 09:44:47,201] {dag.py:1833} INFO - Sync 1 DAGs
[2021-08-08 09:44:47,213] {logging_mixin.py:104} INFO - [2021-08-08 09:44:47,213] {dag.py:2306} INFO - Setting next_dagrun for example_task_group to 2021-08-06 00:00:00+00:00
[2021-08-08 09:44:47,220] {scheduler_job.py:189} INFO - Processing /home/airflow/.local/lib/python3.6/site-packages/airflow/example_dags/example_task_group.py took 0.050 seconds
[2021-08-08 09:45:17,522] {scheduler_job.py:181} INFO - Started process (PID=763) to work on /home/airflow/.local/lib/python3.6/site-packages/airflow/example_dags/example_task_group.py
[2021-08-08 09:45:17,523] {scheduler_job.py:632} INFO - Processing file /home/airflow/.local/lib/python3.6/site-packages/airflow/example_dags/example_task_group.py for tasks to queue
[2021-08-08 09:45:17,524] {logging_mixin.py:104} INFO - [2021-08-08 09:45:17,524] {dagbag.py:496} INFO - Filling up the DagBag from /home/airflow/.local/lib/python3.6/site-packages/airflow/example_dags/example_task_group.py
[2021-08-08 09:45:17,535] {scheduler_job.py:642} INFO - DAG(s) dict_keys(['example_task_group']) retrieved from /home/airflow/.local/lib/python3.6/site-packages/airflow/example_dags/example_task_group.py
[2021-08-08 09:45:17,552] {logging_mixin.py:104} INFO - [2021-08-08 09:45:17,552] {dag.py:1833} INFO - Sync 1 DAGs
[2021-08-08 09:45:17,566] {logging_mixin.py:104} INFO - [2021-08-08 09:45:17,566] {dag.py:2306} INFO - Setting next_dagrun for example_task_group to 2021-08-06 00:00:00+00:00
[2021-08-08 09:45:17,575] {scheduler_job.py:189} INFO - Processing /home/airflow/.local/lib/python3.6/site-packages/airflow/example_dags/example_task_group.py took 0.054 seconds
[2021-08-08 09:45:48,364] {scheduler_job.py:181} INFO - Started process (PID=814) to work on /home/airflow/.local/lib/python3.6/site-packages/airflow/example_dags/example_task_group.py
[2021-08-08 09:45:48,366] {scheduler_job.py:632} INFO - Processing file /home/airflow/.local/lib/python3.6/site-packages/airflow/example_dags/example_task_group.py for tasks to queue
[2021-08-08 09:45:48,366] {logging_mixin.py:104} INFO - [2021-08-08 09:45:48,366] {dagbag.py:496} INFO - Filling up the DagBag from /home/airflow/.local/lib/python3.6/site-packages/airflow/example_dags/example_task_group.py
[2021-08-08 09:45:48,377] {scheduler_job.py:642} INFO - DAG(s) dict_keys(['example_task_group']) retrieved from /home/airflow/.local/lib/python3.6/site-packages/airflow/example_dags/example_task_group.py
[2021-08-08 09:45:48,395] {logging_mixin.py:104} INFO - [2021-08-08 09:45:48,395] {dag.py:1833} INFO - Sync 1 DAGs
[2021-08-08 09:45:48,410] {logging_mixin.py:104} INFO - [2021-08-08 09:45:48,410] {dag.py:2306} INFO - Setting next_dagrun for example_task_group to 2021-08-06 00:00:00+00:00
[2021-08-08 09:45:48,420] {scheduler_job.py:189} INFO - Processing /home/airflow/.local/lib/python3.6/site-packages/airflow/example_dags/example_task_group.py took 0.058 seconds
[2021-08-08 09:46:18,800] {scheduler_job.py:181} INFO - Started process (PID=875) to work on /home/airflow/.local/lib/python3.6/site-packages/airflow/example_dags/example_task_group.py
[2021-08-08 09:46:18,801] {scheduler_job.py:632} INFO - Processing file /home/airflow/.local/lib/python3.6/site-packages/airflow/example_dags/example_task_group.py for tasks to queue
[2021-08-08 09:46:18,801] {logging_mixin.py:104} INFO - [2021-08-08 09:46:18,801] {dagbag.py:496} INFO - Filling up the DagBag from /home/airflow/.local/lib/python3.6/site-packages/airflow/example_dags/example_task_group.py
[2021-08-08 09:46:18,812] {scheduler_job.py:642} INFO - DAG(s) dict_keys(['example_task_group']) retrieved from /home/airflow/.local/lib/python3.6/site-packages/airflow/example_dags/example_task_group.py
[2021-08-08 09:46:18,829] {logging_mixin.py:104} INFO - [2021-08-08 09:46:18,829] {dag.py:1833} INFO - Sync 1 DAGs
[2021-08-08 09:46:18,841] {logging_mixin.py:104} INFO - [2021-08-08 09:46:18,841] {dag.py:2306} INFO - Setting next_dagrun for example_task_group to 2021-08-06 00:00:00+00:00
[2021-08-08 09:46:18,851] {scheduler_job.py:189} INFO - Processing /home/airflow/.local/lib/python3.6/site-packages/airflow/example_dags/example_task_group.py took 0.053 seconds
[2021-08-08 09:46:49,159] {scheduler_job.py:181} INFO - Started process (PID=930) to work on /home/airflow/.local/lib/python3.6/site-packages/airflow/example_dags/example_task_group.py
[2021-08-08 09:46:49,160] {scheduler_job.py:632} INFO - Processing file /home/airflow/.local/lib/python3.6/site-packages/airflow/example_dags/example_task_group.py for tasks to queue
[2021-08-08 09:46:49,160] {logging_mixin.py:104} INFO - [2021-08-08 09:46:49,160] {dagbag.py:496} INFO - Filling up the DagBag from /home/airflow/.local/lib/python3.6/site-packages/airflow/example_dags/example_task_group.py
[2021-08-08 09:46:49,173] {scheduler_job.py:642} INFO - DAG(s) dict_keys(['example_task_group']) retrieved from /home/airflow/.local/lib/python3.6/site-packages/airflow/example_dags/example_task_group.py
[2021-08-08 09:46:49,192] {logging_mixin.py:104} INFO - [2021-08-08 09:46:49,191] {dag.py:1833} INFO - Sync 1 DAGs
[2021-08-08 09:46:49,205] {logging_mixin.py:104} INFO - [2021-08-08 09:46:49,205] {dag.py:2306} INFO - Setting next_dagrun for example_task_group to 2021-08-06 00:00:00+00:00
[2021-08-08 09:46:49,216] {scheduler_job.py:189} INFO - Processing /home/airflow/.local/lib/python3.6/site-packages/airflow/example_dags/example_task_group.py took 0.059 seconds
[2021-08-08 09:47:37,162] {scheduler_job.py:181} INFO - Started process (PID=30) to work on /home/airflow/.local/lib/python3.6/site-packages/airflow/example_dags/example_task_group.py
[2021-08-08 09:47:37,164] {scheduler_job.py:632} INFO - Processing file /home/airflow/.local/lib/python3.6/site-packages/airflow/example_dags/example_task_group.py for tasks to queue
[2021-08-08 09:47:37,165] {logging_mixin.py:104} INFO - [2021-08-08 09:47:37,164] {dagbag.py:496} INFO - Filling up the DagBag from /home/airflow/.local/lib/python3.6/site-packages/airflow/example_dags/example_task_group.py
[2021-08-08 09:47:37,179] {scheduler_job.py:642} INFO - DAG(s) dict_keys(['example_task_group']) retrieved from /home/airflow/.local/lib/python3.6/site-packages/airflow/example_dags/example_task_group.py
[2021-08-08 09:47:37,202] {logging_mixin.py:104} INFO - [2021-08-08 09:47:37,202] {dag.py:1833} INFO - Sync 1 DAGs
[2021-08-08 09:47:37,218] {logging_mixin.py:104} INFO - [2021-08-08 09:47:37,218] {dag.py:2306} INFO - Setting next_dagrun for example_task_group to 2021-08-06 00:00:00+00:00
[2021-08-08 09:47:37,230] {scheduler_job.py:189} INFO - Processing /home/airflow/.local/lib/python3.6/site-packages/airflow/example_dags/example_task_group.py took 0.070 seconds
