[2021-08-08 09:43:38,181] {scheduler_job.py:181} INFO - Started process (PID=531) to work on /home/airflow/.local/lib/python3.6/site-packages/airflow/example_dags/example_external_task_marker_dag.py
[2021-08-08 09:43:38,183] {scheduler_job.py:632} INFO - Processing file /home/airflow/.local/lib/python3.6/site-packages/airflow/example_dags/example_external_task_marker_dag.py for tasks to queue
[2021-08-08 09:43:38,183] {logging_mixin.py:104} INFO - [2021-08-08 09:43:38,183] {dagbag.py:496} INFO - Filling up the DagBag from /home/airflow/.local/lib/python3.6/site-packages/airflow/example_dags/example_external_task_marker_dag.py
[2021-08-08 09:43:38,194] {scheduler_job.py:642} INFO - DAG(s) dict_keys(['example_external_task_marker_parent', 'example_external_task_marker_child']) retrieved from /home/airflow/.local/lib/python3.6/site-packages/airflow/example_dags/example_external_task_marker_dag.py
[2021-08-08 09:43:40,255] {logging_mixin.py:104} INFO - [2021-08-08 09:43:40,255] {dag.py:1833} INFO - Sync 2 DAGs
[2021-08-08 09:43:40,267] {logging_mixin.py:104} INFO - [2021-08-08 09:43:40,266] {dag.py:1852} INFO - Creating ORM DAG for example_external_task_marker_parent
[2021-08-08 09:43:40,267] {logging_mixin.py:104} INFO - [2021-08-08 09:43:40,267] {dag.py:1852} INFO - Creating ORM DAG for example_external_task_marker_child
[2021-08-08 09:43:40,273] {logging_mixin.py:104} INFO - [2021-08-08 09:43:40,273] {dag.py:2306} INFO - Setting next_dagrun for example_external_task_marker_child to None
[2021-08-08 09:43:40,273] {logging_mixin.py:104} INFO - [2021-08-08 09:43:40,273] {dag.py:2306} INFO - Setting next_dagrun for example_external_task_marker_parent to None
[2021-08-08 09:43:40,284] {scheduler_job.py:189} INFO - Processing /home/airflow/.local/lib/python3.6/site-packages/airflow/example_dags/example_external_task_marker_dag.py took 2.105 seconds
[2021-08-08 09:44:10,455] {scheduler_job.py:181} INFO - Started process (PID=627) to work on /home/airflow/.local/lib/python3.6/site-packages/airflow/example_dags/example_external_task_marker_dag.py
[2021-08-08 09:44:10,456] {scheduler_job.py:632} INFO - Processing file /home/airflow/.local/lib/python3.6/site-packages/airflow/example_dags/example_external_task_marker_dag.py for tasks to queue
[2021-08-08 09:44:10,456] {logging_mixin.py:104} INFO - [2021-08-08 09:44:10,456] {dagbag.py:496} INFO - Filling up the DagBag from /home/airflow/.local/lib/python3.6/site-packages/airflow/example_dags/example_external_task_marker_dag.py
[2021-08-08 09:44:10,466] {scheduler_job.py:642} INFO - DAG(s) dict_keys(['example_external_task_marker_parent', 'example_external_task_marker_child']) retrieved from /home/airflow/.local/lib/python3.6/site-packages/airflow/example_dags/example_external_task_marker_dag.py
[2021-08-08 09:44:10,685] {logging_mixin.py:104} INFO - [2021-08-08 09:44:10,685] {dag.py:1833} INFO - Sync 2 DAGs
[2021-08-08 09:44:10,697] {logging_mixin.py:104} INFO - [2021-08-08 09:44:10,697] {dag.py:2306} INFO - Setting next_dagrun for example_external_task_marker_child to None
[2021-08-08 09:44:10,698] {logging_mixin.py:104} INFO - [2021-08-08 09:44:10,698] {dag.py:2306} INFO - Setting next_dagrun for example_external_task_marker_parent to None
[2021-08-08 09:44:10,707] {scheduler_job.py:189} INFO - Processing /home/airflow/.local/lib/python3.6/site-packages/airflow/example_dags/example_external_task_marker_dag.py took 0.254 seconds
[2021-08-08 09:44:41,689] {scheduler_job.py:181} INFO - Started process (PID=683) to work on /home/airflow/.local/lib/python3.6/site-packages/airflow/example_dags/example_external_task_marker_dag.py
[2021-08-08 09:44:41,690] {scheduler_job.py:632} INFO - Processing file /home/airflow/.local/lib/python3.6/site-packages/airflow/example_dags/example_external_task_marker_dag.py for tasks to queue
[2021-08-08 09:44:41,691] {logging_mixin.py:104} INFO - [2021-08-08 09:44:41,691] {dagbag.py:496} INFO - Filling up the DagBag from /home/airflow/.local/lib/python3.6/site-packages/airflow/example_dags/example_external_task_marker_dag.py
[2021-08-08 09:44:41,699] {scheduler_job.py:642} INFO - DAG(s) dict_keys(['example_external_task_marker_parent', 'example_external_task_marker_child']) retrieved from /home/airflow/.local/lib/python3.6/site-packages/airflow/example_dags/example_external_task_marker_dag.py
[2021-08-08 09:44:41,718] {logging_mixin.py:104} INFO - [2021-08-08 09:44:41,718] {dag.py:1833} INFO - Sync 2 DAGs
[2021-08-08 09:44:41,732] {logging_mixin.py:104} INFO - [2021-08-08 09:44:41,732] {dag.py:2306} INFO - Setting next_dagrun for example_external_task_marker_child to None
[2021-08-08 09:44:41,733] {logging_mixin.py:104} INFO - [2021-08-08 09:44:41,733] {dag.py:2306} INFO - Setting next_dagrun for example_external_task_marker_parent to None
[2021-08-08 09:44:41,744] {scheduler_job.py:189} INFO - Processing /home/airflow/.local/lib/python3.6/site-packages/airflow/example_dags/example_external_task_marker_dag.py took 0.057 seconds
[2021-08-08 09:45:11,856] {scheduler_job.py:181} INFO - Started process (PID=746) to work on /home/airflow/.local/lib/python3.6/site-packages/airflow/example_dags/example_external_task_marker_dag.py
[2021-08-08 09:45:11,857] {scheduler_job.py:632} INFO - Processing file /home/airflow/.local/lib/python3.6/site-packages/airflow/example_dags/example_external_task_marker_dag.py for tasks to queue
[2021-08-08 09:45:11,858] {logging_mixin.py:104} INFO - [2021-08-08 09:45:11,857] {dagbag.py:496} INFO - Filling up the DagBag from /home/airflow/.local/lib/python3.6/site-packages/airflow/example_dags/example_external_task_marker_dag.py
[2021-08-08 09:45:11,866] {scheduler_job.py:642} INFO - DAG(s) dict_keys(['example_external_task_marker_parent', 'example_external_task_marker_child']) retrieved from /home/airflow/.local/lib/python3.6/site-packages/airflow/example_dags/example_external_task_marker_dag.py
[2021-08-08 09:45:12,044] {logging_mixin.py:104} INFO - [2021-08-08 09:45:12,044] {dag.py:1833} INFO - Sync 2 DAGs
[2021-08-08 09:45:12,058] {logging_mixin.py:104} INFO - [2021-08-08 09:45:12,058] {dag.py:2306} INFO - Setting next_dagrun for example_external_task_marker_child to None
[2021-08-08 09:45:12,058] {logging_mixin.py:104} INFO - [2021-08-08 09:45:12,058] {dag.py:2306} INFO - Setting next_dagrun for example_external_task_marker_parent to None
[2021-08-08 09:45:12,068] {scheduler_job.py:189} INFO - Processing /home/airflow/.local/lib/python3.6/site-packages/airflow/example_dags/example_external_task_marker_dag.py took 0.214 seconds
[2021-08-08 09:45:42,202] {scheduler_job.py:181} INFO - Started process (PID=808) to work on /home/airflow/.local/lib/python3.6/site-packages/airflow/example_dags/example_external_task_marker_dag.py
[2021-08-08 09:45:42,202] {scheduler_job.py:632} INFO - Processing file /home/airflow/.local/lib/python3.6/site-packages/airflow/example_dags/example_external_task_marker_dag.py for tasks to queue
[2021-08-08 09:45:42,203] {logging_mixin.py:104} INFO - [2021-08-08 09:45:42,203] {dagbag.py:496} INFO - Filling up the DagBag from /home/airflow/.local/lib/python3.6/site-packages/airflow/example_dags/example_external_task_marker_dag.py
[2021-08-08 09:45:42,211] {scheduler_job.py:642} INFO - DAG(s) dict_keys(['example_external_task_marker_parent', 'example_external_task_marker_child']) retrieved from /home/airflow/.local/lib/python3.6/site-packages/airflow/example_dags/example_external_task_marker_dag.py
[2021-08-08 09:45:42,383] {logging_mixin.py:104} INFO - [2021-08-08 09:45:42,383] {dag.py:1833} INFO - Sync 2 DAGs
[2021-08-08 09:45:42,393] {logging_mixin.py:104} INFO - [2021-08-08 09:45:42,393] {dag.py:2306} INFO - Setting next_dagrun for example_external_task_marker_child to None
[2021-08-08 09:45:42,394] {logging_mixin.py:104} INFO - [2021-08-08 09:45:42,394] {dag.py:2306} INFO - Setting next_dagrun for example_external_task_marker_parent to None
[2021-08-08 09:45:42,404] {scheduler_job.py:189} INFO - Processing /home/airflow/.local/lib/python3.6/site-packages/airflow/example_dags/example_external_task_marker_dag.py took 0.204 seconds
[2021-08-08 09:46:13,459] {scheduler_job.py:181} INFO - Started process (PID=861) to work on /home/airflow/.local/lib/python3.6/site-packages/airflow/example_dags/example_external_task_marker_dag.py
[2021-08-08 09:46:13,460] {scheduler_job.py:632} INFO - Processing file /home/airflow/.local/lib/python3.6/site-packages/airflow/example_dags/example_external_task_marker_dag.py for tasks to queue
[2021-08-08 09:46:13,460] {logging_mixin.py:104} INFO - [2021-08-08 09:46:13,460] {dagbag.py:496} INFO - Filling up the DagBag from /home/airflow/.local/lib/python3.6/site-packages/airflow/example_dags/example_external_task_marker_dag.py
[2021-08-08 09:46:13,472] {scheduler_job.py:642} INFO - DAG(s) dict_keys(['example_external_task_marker_parent', 'example_external_task_marker_child']) retrieved from /home/airflow/.local/lib/python3.6/site-packages/airflow/example_dags/example_external_task_marker_dag.py
[2021-08-08 09:46:13,665] {logging_mixin.py:104} INFO - [2021-08-08 09:46:13,665] {dag.py:1833} INFO - Sync 2 DAGs
[2021-08-08 09:46:13,676] {logging_mixin.py:104} INFO - [2021-08-08 09:46:13,676] {dag.py:2306} INFO - Setting next_dagrun for example_external_task_marker_child to None
[2021-08-08 09:46:13,677] {logging_mixin.py:104} INFO - [2021-08-08 09:46:13,677] {dag.py:2306} INFO - Setting next_dagrun for example_external_task_marker_parent to None
[2021-08-08 09:46:13,687] {scheduler_job.py:189} INFO - Processing /home/airflow/.local/lib/python3.6/site-packages/airflow/example_dags/example_external_task_marker_dag.py took 0.231 seconds
[2021-08-08 09:46:43,858] {scheduler_job.py:181} INFO - Started process (PID=926) to work on /home/airflow/.local/lib/python3.6/site-packages/airflow/example_dags/example_external_task_marker_dag.py
[2021-08-08 09:46:43,859] {scheduler_job.py:632} INFO - Processing file /home/airflow/.local/lib/python3.6/site-packages/airflow/example_dags/example_external_task_marker_dag.py for tasks to queue
[2021-08-08 09:46:43,859] {logging_mixin.py:104} INFO - [2021-08-08 09:46:43,859] {dagbag.py:496} INFO - Filling up the DagBag from /home/airflow/.local/lib/python3.6/site-packages/airflow/example_dags/example_external_task_marker_dag.py
[2021-08-08 09:46:43,868] {scheduler_job.py:642} INFO - DAG(s) dict_keys(['example_external_task_marker_parent', 'example_external_task_marker_child']) retrieved from /home/airflow/.local/lib/python3.6/site-packages/airflow/example_dags/example_external_task_marker_dag.py
[2021-08-08 09:46:44,040] {logging_mixin.py:104} INFO - [2021-08-08 09:46:44,040] {dag.py:1833} INFO - Sync 2 DAGs
[2021-08-08 09:46:44,050] {logging_mixin.py:104} INFO - [2021-08-08 09:46:44,050] {dag.py:2306} INFO - Setting next_dagrun for example_external_task_marker_child to None
[2021-08-08 09:46:44,051] {logging_mixin.py:104} INFO - [2021-08-08 09:46:44,051] {dag.py:2306} INFO - Setting next_dagrun for example_external_task_marker_parent to None
[2021-08-08 09:46:44,060] {scheduler_job.py:189} INFO - Processing /home/airflow/.local/lib/python3.6/site-packages/airflow/example_dags/example_external_task_marker_dag.py took 0.204 seconds
[2021-08-08 09:47:38,523] {scheduler_job.py:181} INFO - Started process (PID=52) to work on /home/airflow/.local/lib/python3.6/site-packages/airflow/example_dags/example_external_task_marker_dag.py
[2021-08-08 09:47:38,524] {scheduler_job.py:632} INFO - Processing file /home/airflow/.local/lib/python3.6/site-packages/airflow/example_dags/example_external_task_marker_dag.py for tasks to queue
[2021-08-08 09:47:38,525] {logging_mixin.py:104} INFO - [2021-08-08 09:47:38,525] {dagbag.py:496} INFO - Filling up the DagBag from /home/airflow/.local/lib/python3.6/site-packages/airflow/example_dags/example_external_task_marker_dag.py
[2021-08-08 09:47:38,536] {scheduler_job.py:642} INFO - DAG(s) dict_keys(['example_external_task_marker_parent', 'example_external_task_marker_child']) retrieved from /home/airflow/.local/lib/python3.6/site-packages/airflow/example_dags/example_external_task_marker_dag.py
[2021-08-08 09:47:38,731] {logging_mixin.py:104} INFO - [2021-08-08 09:47:38,731] {dag.py:1833} INFO - Sync 2 DAGs
[2021-08-08 09:47:38,744] {logging_mixin.py:104} INFO - [2021-08-08 09:47:38,744] {dag.py:2306} INFO - Setting next_dagrun for example_external_task_marker_child to None
[2021-08-08 09:47:38,745] {logging_mixin.py:104} INFO - [2021-08-08 09:47:38,745] {dag.py:2306} INFO - Setting next_dagrun for example_external_task_marker_parent to None
[2021-08-08 09:47:38,756] {scheduler_job.py:189} INFO - Processing /home/airflow/.local/lib/python3.6/site-packages/airflow/example_dags/example_external_task_marker_dag.py took 0.236 seconds
