[2021-08-08 09:43:25,429] {scheduler_job.py:181} INFO - Started process (PID=318) to work on /home/airflow/.local/lib/python3.6/site-packages/airflow/example_dags/example_python_operator.py
[2021-08-08 09:43:25,430] {scheduler_job.py:632} INFO - Processing file /home/airflow/.local/lib/python3.6/site-packages/airflow/example_dags/example_python_operator.py for tasks to queue
[2021-08-08 09:43:25,431] {logging_mixin.py:104} INFO - [2021-08-08 09:43:25,431] {dagbag.py:496} INFO - Filling up the DagBag from /home/airflow/.local/lib/python3.6/site-packages/airflow/example_dags/example_python_operator.py
[2021-08-08 09:43:25,441] {scheduler_job.py:642} INFO - DAG(s) dict_keys(['example_python_operator']) retrieved from /home/airflow/.local/lib/python3.6/site-packages/airflow/example_dags/example_python_operator.py
[2021-08-08 09:43:27,528] {logging_mixin.py:104} INFO - [2021-08-08 09:43:27,528] {dag.py:1833} INFO - Sync 1 DAGs
[2021-08-08 09:43:27,537] {logging_mixin.py:104} INFO - [2021-08-08 09:43:27,536] {dag.py:1852} INFO - Creating ORM DAG for example_python_operator
[2021-08-08 09:43:27,541] {logging_mixin.py:104} INFO - [2021-08-08 09:43:27,541] {dag.py:2306} INFO - Setting next_dagrun for example_python_operator to None
[2021-08-08 09:43:27,552] {scheduler_job.py:189} INFO - Processing /home/airflow/.local/lib/python3.6/site-packages/airflow/example_dags/example_python_operator.py took 2.125 seconds
[2021-08-08 09:43:58,023] {scheduler_job.py:181} INFO - Started process (PID=604) to work on /home/airflow/.local/lib/python3.6/site-packages/airflow/example_dags/example_python_operator.py
[2021-08-08 09:43:58,024] {scheduler_job.py:632} INFO - Processing file /home/airflow/.local/lib/python3.6/site-packages/airflow/example_dags/example_python_operator.py for tasks to queue
[2021-08-08 09:43:58,025] {logging_mixin.py:104} INFO - [2021-08-08 09:43:58,024] {dagbag.py:496} INFO - Filling up the DagBag from /home/airflow/.local/lib/python3.6/site-packages/airflow/example_dags/example_python_operator.py
[2021-08-08 09:43:58,034] {scheduler_job.py:642} INFO - DAG(s) dict_keys(['example_python_operator']) retrieved from /home/airflow/.local/lib/python3.6/site-packages/airflow/example_dags/example_python_operator.py
[2021-08-08 09:43:58,049] {logging_mixin.py:104} INFO - [2021-08-08 09:43:58,049] {dag.py:1833} INFO - Sync 1 DAGs
[2021-08-08 09:43:58,061] {logging_mixin.py:104} INFO - [2021-08-08 09:43:58,061] {dag.py:2306} INFO - Setting next_dagrun for example_python_operator to None
[2021-08-08 09:43:58,069] {scheduler_job.py:189} INFO - Processing /home/airflow/.local/lib/python3.6/site-packages/airflow/example_dags/example_python_operator.py took 0.048 seconds
[2021-08-08 09:44:28,155] {scheduler_job.py:181} INFO - Started process (PID=657) to work on /home/airflow/.local/lib/python3.6/site-packages/airflow/example_dags/example_python_operator.py
[2021-08-08 09:44:28,156] {scheduler_job.py:632} INFO - Processing file /home/airflow/.local/lib/python3.6/site-packages/airflow/example_dags/example_python_operator.py for tasks to queue
[2021-08-08 09:44:28,157] {logging_mixin.py:104} INFO - [2021-08-08 09:44:28,157] {dagbag.py:496} INFO - Filling up the DagBag from /home/airflow/.local/lib/python3.6/site-packages/airflow/example_dags/example_python_operator.py
[2021-08-08 09:44:28,173] {scheduler_job.py:642} INFO - DAG(s) dict_keys(['example_python_operator']) retrieved from /home/airflow/.local/lib/python3.6/site-packages/airflow/example_dags/example_python_operator.py
[2021-08-08 09:44:28,193] {logging_mixin.py:104} INFO - [2021-08-08 09:44:28,193] {dag.py:1833} INFO - Sync 1 DAGs
[2021-08-08 09:44:28,208] {logging_mixin.py:104} INFO - [2021-08-08 09:44:28,208] {dag.py:2306} INFO - Setting next_dagrun for example_python_operator to None
[2021-08-08 09:44:28,218] {scheduler_job.py:189} INFO - Processing /home/airflow/.local/lib/python3.6/site-packages/airflow/example_dags/example_python_operator.py took 0.065 seconds
[2021-08-08 09:44:58,406] {scheduler_job.py:181} INFO - Started process (PID=721) to work on /home/airflow/.local/lib/python3.6/site-packages/airflow/example_dags/example_python_operator.py
[2021-08-08 09:44:58,406] {scheduler_job.py:632} INFO - Processing file /home/airflow/.local/lib/python3.6/site-packages/airflow/example_dags/example_python_operator.py for tasks to queue
[2021-08-08 09:44:58,407] {logging_mixin.py:104} INFO - [2021-08-08 09:44:58,407] {dagbag.py:496} INFO - Filling up the DagBag from /home/airflow/.local/lib/python3.6/site-packages/airflow/example_dags/example_python_operator.py
[2021-08-08 09:44:58,416] {scheduler_job.py:642} INFO - DAG(s) dict_keys(['example_python_operator']) retrieved from /home/airflow/.local/lib/python3.6/site-packages/airflow/example_dags/example_python_operator.py
[2021-08-08 09:44:58,431] {logging_mixin.py:104} INFO - [2021-08-08 09:44:58,431] {dag.py:1833} INFO - Sync 1 DAGs
[2021-08-08 09:44:58,442] {logging_mixin.py:104} INFO - [2021-08-08 09:44:58,442] {dag.py:2306} INFO - Setting next_dagrun for example_python_operator to None
[2021-08-08 09:44:58,449] {scheduler_job.py:189} INFO - Processing /home/airflow/.local/lib/python3.6/site-packages/airflow/example_dags/example_python_operator.py took 0.045 seconds
[2021-08-08 09:45:28,746] {scheduler_job.py:181} INFO - Started process (PID=780) to work on /home/airflow/.local/lib/python3.6/site-packages/airflow/example_dags/example_python_operator.py
[2021-08-08 09:45:28,748] {scheduler_job.py:632} INFO - Processing file /home/airflow/.local/lib/python3.6/site-packages/airflow/example_dags/example_python_operator.py for tasks to queue
[2021-08-08 09:45:28,748] {logging_mixin.py:104} INFO - [2021-08-08 09:45:28,748] {dagbag.py:496} INFO - Filling up the DagBag from /home/airflow/.local/lib/python3.6/site-packages/airflow/example_dags/example_python_operator.py
[2021-08-08 09:45:28,760] {scheduler_job.py:642} INFO - DAG(s) dict_keys(['example_python_operator']) retrieved from /home/airflow/.local/lib/python3.6/site-packages/airflow/example_dags/example_python_operator.py
[2021-08-08 09:45:28,777] {logging_mixin.py:104} INFO - [2021-08-08 09:45:28,777] {dag.py:1833} INFO - Sync 1 DAGs
[2021-08-08 09:45:28,791] {logging_mixin.py:104} INFO - [2021-08-08 09:45:28,791] {dag.py:2306} INFO - Setting next_dagrun for example_python_operator to None
[2021-08-08 09:45:28,799] {scheduler_job.py:189} INFO - Processing /home/airflow/.local/lib/python3.6/site-packages/airflow/example_dags/example_python_operator.py took 0.055 seconds
[2021-08-08 09:45:59,688] {scheduler_job.py:181} INFO - Started process (PID=834) to work on /home/airflow/.local/lib/python3.6/site-packages/airflow/example_dags/example_python_operator.py
[2021-08-08 09:45:59,689] {scheduler_job.py:632} INFO - Processing file /home/airflow/.local/lib/python3.6/site-packages/airflow/example_dags/example_python_operator.py for tasks to queue
[2021-08-08 09:45:59,690] {logging_mixin.py:104} INFO - [2021-08-08 09:45:59,690] {dagbag.py:496} INFO - Filling up the DagBag from /home/airflow/.local/lib/python3.6/site-packages/airflow/example_dags/example_python_operator.py
[2021-08-08 09:45:59,698] {scheduler_job.py:642} INFO - DAG(s) dict_keys(['example_python_operator']) retrieved from /home/airflow/.local/lib/python3.6/site-packages/airflow/example_dags/example_python_operator.py
[2021-08-08 09:45:59,714] {logging_mixin.py:104} INFO - [2021-08-08 09:45:59,714] {dag.py:1833} INFO - Sync 1 DAGs
[2021-08-08 09:45:59,728] {logging_mixin.py:104} INFO - [2021-08-08 09:45:59,727] {dag.py:2306} INFO - Setting next_dagrun for example_python_operator to None
[2021-08-08 09:45:59,736] {scheduler_job.py:189} INFO - Processing /home/airflow/.local/lib/python3.6/site-packages/airflow/example_dags/example_python_operator.py took 0.050 seconds
[2021-08-08 09:46:30,171] {scheduler_job.py:181} INFO - Started process (PID=895) to work on /home/airflow/.local/lib/python3.6/site-packages/airflow/example_dags/example_python_operator.py
[2021-08-08 09:46:30,172] {scheduler_job.py:632} INFO - Processing file /home/airflow/.local/lib/python3.6/site-packages/airflow/example_dags/example_python_operator.py for tasks to queue
[2021-08-08 09:46:30,172] {logging_mixin.py:104} INFO - [2021-08-08 09:46:30,172] {dagbag.py:496} INFO - Filling up the DagBag from /home/airflow/.local/lib/python3.6/site-packages/airflow/example_dags/example_python_operator.py
[2021-08-08 09:46:30,183] {scheduler_job.py:642} INFO - DAG(s) dict_keys(['example_python_operator']) retrieved from /home/airflow/.local/lib/python3.6/site-packages/airflow/example_dags/example_python_operator.py
[2021-08-08 09:46:30,201] {logging_mixin.py:104} INFO - [2021-08-08 09:46:30,201] {dag.py:1833} INFO - Sync 1 DAGs
[2021-08-08 09:46:30,215] {logging_mixin.py:104} INFO - [2021-08-08 09:46:30,215] {dag.py:2306} INFO - Setting next_dagrun for example_python_operator to None
[2021-08-08 09:46:30,226] {scheduler_job.py:189} INFO - Processing /home/airflow/.local/lib/python3.6/site-packages/airflow/example_dags/example_python_operator.py took 0.057 seconds
[2021-08-08 09:47:00,476] {scheduler_job.py:181} INFO - Started process (PID=951) to work on /home/airflow/.local/lib/python3.6/site-packages/airflow/example_dags/example_python_operator.py
[2021-08-08 09:47:00,477] {scheduler_job.py:632} INFO - Processing file /home/airflow/.local/lib/python3.6/site-packages/airflow/example_dags/example_python_operator.py for tasks to queue
[2021-08-08 09:47:00,477] {logging_mixin.py:104} INFO - [2021-08-08 09:47:00,477] {dagbag.py:496} INFO - Filling up the DagBag from /home/airflow/.local/lib/python3.6/site-packages/airflow/example_dags/example_python_operator.py
[2021-08-08 09:47:00,487] {scheduler_job.py:642} INFO - DAG(s) dict_keys(['example_python_operator']) retrieved from /home/airflow/.local/lib/python3.6/site-packages/airflow/example_dags/example_python_operator.py
[2021-08-08 09:47:00,504] {logging_mixin.py:104} INFO - [2021-08-08 09:47:00,504] {dag.py:1833} INFO - Sync 1 DAGs
[2021-08-08 09:47:00,518] {logging_mixin.py:104} INFO - [2021-08-08 09:47:00,518] {dag.py:2306} INFO - Setting next_dagrun for example_python_operator to None
[2021-08-08 09:47:00,528] {scheduler_job.py:189} INFO - Processing /home/airflow/.local/lib/python3.6/site-packages/airflow/example_dags/example_python_operator.py took 0.054 seconds
[2021-08-08 09:47:37,814] {scheduler_job.py:181} INFO - Started process (PID=40) to work on /home/airflow/.local/lib/python3.6/site-packages/airflow/example_dags/example_python_operator.py
[2021-08-08 09:47:37,815] {scheduler_job.py:632} INFO - Processing file /home/airflow/.local/lib/python3.6/site-packages/airflow/example_dags/example_python_operator.py for tasks to queue
[2021-08-08 09:47:37,816] {logging_mixin.py:104} INFO - [2021-08-08 09:47:37,815] {dagbag.py:496} INFO - Filling up the DagBag from /home/airflow/.local/lib/python3.6/site-packages/airflow/example_dags/example_python_operator.py
[2021-08-08 09:47:37,828] {scheduler_job.py:642} INFO - DAG(s) dict_keys(['example_python_operator']) retrieved from /home/airflow/.local/lib/python3.6/site-packages/airflow/example_dags/example_python_operator.py
[2021-08-08 09:47:37,846] {logging_mixin.py:104} INFO - [2021-08-08 09:47:37,846] {dag.py:1833} INFO - Sync 1 DAGs
[2021-08-08 09:47:37,860] {logging_mixin.py:104} INFO - [2021-08-08 09:47:37,860] {dag.py:2306} INFO - Setting next_dagrun for example_python_operator to None
[2021-08-08 09:47:37,870] {scheduler_job.py:189} INFO - Processing /home/airflow/.local/lib/python3.6/site-packages/airflow/example_dags/example_python_operator.py took 0.058 seconds
