[2021-08-08 09:43:23,554] {scheduler_job.py:181} INFO - Started process (PID=285) to work on /home/airflow/.local/lib/python3.6/site-packages/airflow/example_dags/example_latest_only.py
[2021-08-08 09:43:23,555] {scheduler_job.py:632} INFO - Processing file /home/airflow/.local/lib/python3.6/site-packages/airflow/example_dags/example_latest_only.py for tasks to queue
[2021-08-08 09:43:23,556] {logging_mixin.py:104} INFO - [2021-08-08 09:43:23,556] {dagbag.py:496} INFO - Filling up the DagBag from /home/airflow/.local/lib/python3.6/site-packages/airflow/example_dags/example_latest_only.py
[2021-08-08 09:43:23,565] {scheduler_job.py:642} INFO - DAG(s) dict_keys(['latest_only']) retrieved from /home/airflow/.local/lib/python3.6/site-packages/airflow/example_dags/example_latest_only.py
[2021-08-08 09:43:25,557] {logging_mixin.py:104} INFO - [2021-08-08 09:43:25,557] {dag.py:1833} INFO - Sync 1 DAGs
[2021-08-08 09:43:25,567] {logging_mixin.py:104} INFO - [2021-08-08 09:43:25,566] {dag.py:1852} INFO - Creating ORM DAG for latest_only
[2021-08-08 09:43:25,573] {logging_mixin.py:104} INFO - [2021-08-08 09:43:25,572] {dag.py:2306} INFO - Setting next_dagrun for latest_only to 2021-08-06 00:00:00+00:00
[2021-08-08 09:43:25,584] {scheduler_job.py:189} INFO - Processing /home/airflow/.local/lib/python3.6/site-packages/airflow/example_dags/example_latest_only.py took 2.032 seconds
[2021-08-08 09:43:55,944] {scheduler_job.py:181} INFO - Started process (PID=592) to work on /home/airflow/.local/lib/python3.6/site-packages/airflow/example_dags/example_latest_only.py
[2021-08-08 09:43:55,945] {scheduler_job.py:632} INFO - Processing file /home/airflow/.local/lib/python3.6/site-packages/airflow/example_dags/example_latest_only.py for tasks to queue
[2021-08-08 09:43:55,945] {logging_mixin.py:104} INFO - [2021-08-08 09:43:55,945] {dagbag.py:496} INFO - Filling up the DagBag from /home/airflow/.local/lib/python3.6/site-packages/airflow/example_dags/example_latest_only.py
[2021-08-08 09:43:55,954] {scheduler_job.py:642} INFO - DAG(s) dict_keys(['latest_only']) retrieved from /home/airflow/.local/lib/python3.6/site-packages/airflow/example_dags/example_latest_only.py
[2021-08-08 09:43:55,974] {logging_mixin.py:104} INFO - [2021-08-08 09:43:55,973] {dag.py:1833} INFO - Sync 1 DAGs
[2021-08-08 09:43:55,987] {logging_mixin.py:104} INFO - [2021-08-08 09:43:55,986] {dag.py:2306} INFO - Setting next_dagrun for latest_only to 2021-08-06 00:00:00+00:00
[2021-08-08 09:43:55,995] {scheduler_job.py:189} INFO - Processing /home/airflow/.local/lib/python3.6/site-packages/airflow/example_dags/example_latest_only.py took 0.053 seconds
[2021-08-08 09:44:26,100] {scheduler_job.py:181} INFO - Started process (PID=656) to work on /home/airflow/.local/lib/python3.6/site-packages/airflow/example_dags/example_latest_only.py
[2021-08-08 09:44:26,101] {scheduler_job.py:632} INFO - Processing file /home/airflow/.local/lib/python3.6/site-packages/airflow/example_dags/example_latest_only.py for tasks to queue
[2021-08-08 09:44:26,101] {logging_mixin.py:104} INFO - [2021-08-08 09:44:26,101] {dagbag.py:496} INFO - Filling up the DagBag from /home/airflow/.local/lib/python3.6/site-packages/airflow/example_dags/example_latest_only.py
[2021-08-08 09:44:26,110] {scheduler_job.py:642} INFO - DAG(s) dict_keys(['latest_only']) retrieved from /home/airflow/.local/lib/python3.6/site-packages/airflow/example_dags/example_latest_only.py
[2021-08-08 09:44:26,128] {logging_mixin.py:104} INFO - [2021-08-08 09:44:26,128] {dag.py:1833} INFO - Sync 1 DAGs
[2021-08-08 09:44:26,142] {logging_mixin.py:104} INFO - [2021-08-08 09:44:26,142] {dag.py:2306} INFO - Setting next_dagrun for latest_only to 2021-08-06 00:00:00+00:00
[2021-08-08 09:44:26,153] {scheduler_job.py:189} INFO - Processing /home/airflow/.local/lib/python3.6/site-packages/airflow/example_dags/example_latest_only.py took 0.055 seconds
[2021-08-08 09:44:56,394] {scheduler_job.py:181} INFO - Started process (PID=720) to work on /home/airflow/.local/lib/python3.6/site-packages/airflow/example_dags/example_latest_only.py
[2021-08-08 09:44:56,394] {scheduler_job.py:632} INFO - Processing file /home/airflow/.local/lib/python3.6/site-packages/airflow/example_dags/example_latest_only.py for tasks to queue
[2021-08-08 09:44:56,395] {logging_mixin.py:104} INFO - [2021-08-08 09:44:56,395] {dagbag.py:496} INFO - Filling up the DagBag from /home/airflow/.local/lib/python3.6/site-packages/airflow/example_dags/example_latest_only.py
[2021-08-08 09:44:56,403] {scheduler_job.py:642} INFO - DAG(s) dict_keys(['latest_only']) retrieved from /home/airflow/.local/lib/python3.6/site-packages/airflow/example_dags/example_latest_only.py
[2021-08-08 09:44:56,419] {logging_mixin.py:104} INFO - [2021-08-08 09:44:56,418] {dag.py:1833} INFO - Sync 1 DAGs
[2021-08-08 09:44:56,431] {logging_mixin.py:104} INFO - [2021-08-08 09:44:56,431] {dag.py:2306} INFO - Setting next_dagrun for latest_only to 2021-08-06 00:00:00+00:00
[2021-08-08 09:44:56,439] {scheduler_job.py:189} INFO - Processing /home/airflow/.local/lib/python3.6/site-packages/airflow/example_dags/example_latest_only.py took 0.047 seconds
[2021-08-08 09:45:26,731] {scheduler_job.py:181} INFO - Started process (PID=772) to work on /home/airflow/.local/lib/python3.6/site-packages/airflow/example_dags/example_latest_only.py
[2021-08-08 09:45:26,732] {scheduler_job.py:632} INFO - Processing file /home/airflow/.local/lib/python3.6/site-packages/airflow/example_dags/example_latest_only.py for tasks to queue
[2021-08-08 09:45:26,733] {logging_mixin.py:104} INFO - [2021-08-08 09:45:26,733] {dagbag.py:496} INFO - Filling up the DagBag from /home/airflow/.local/lib/python3.6/site-packages/airflow/example_dags/example_latest_only.py
[2021-08-08 09:45:26,740] {scheduler_job.py:642} INFO - DAG(s) dict_keys(['latest_only']) retrieved from /home/airflow/.local/lib/python3.6/site-packages/airflow/example_dags/example_latest_only.py
[2021-08-08 09:45:26,757] {logging_mixin.py:104} INFO - [2021-08-08 09:45:26,757] {dag.py:1833} INFO - Sync 1 DAGs
[2021-08-08 09:45:26,771] {logging_mixin.py:104} INFO - [2021-08-08 09:45:26,771] {dag.py:2306} INFO - Setting next_dagrun for latest_only to 2021-08-06 00:00:00+00:00
[2021-08-08 09:45:26,782] {scheduler_job.py:189} INFO - Processing /home/airflow/.local/lib/python3.6/site-packages/airflow/example_dags/example_latest_only.py took 0.052 seconds
[2021-08-08 09:45:57,616] {scheduler_job.py:181} INFO - Started process (PID=833) to work on /home/airflow/.local/lib/python3.6/site-packages/airflow/example_dags/example_latest_only.py
[2021-08-08 09:45:57,617] {scheduler_job.py:632} INFO - Processing file /home/airflow/.local/lib/python3.6/site-packages/airflow/example_dags/example_latest_only.py for tasks to queue
[2021-08-08 09:45:57,618] {logging_mixin.py:104} INFO - [2021-08-08 09:45:57,618] {dagbag.py:496} INFO - Filling up the DagBag from /home/airflow/.local/lib/python3.6/site-packages/airflow/example_dags/example_latest_only.py
[2021-08-08 09:45:57,626] {scheduler_job.py:642} INFO - DAG(s) dict_keys(['latest_only']) retrieved from /home/airflow/.local/lib/python3.6/site-packages/airflow/example_dags/example_latest_only.py
[2021-08-08 09:45:57,642] {logging_mixin.py:104} INFO - [2021-08-08 09:45:57,642] {dag.py:1833} INFO - Sync 1 DAGs
[2021-08-08 09:45:57,655] {logging_mixin.py:104} INFO - [2021-08-08 09:45:57,655] {dag.py:2306} INFO - Setting next_dagrun for latest_only to 2021-08-06 00:00:00+00:00
[2021-08-08 09:45:57,664] {scheduler_job.py:189} INFO - Processing /home/airflow/.local/lib/python3.6/site-packages/airflow/example_dags/example_latest_only.py took 0.050 seconds
[2021-08-08 09:46:28,098] {scheduler_job.py:181} INFO - Started process (PID=894) to work on /home/airflow/.local/lib/python3.6/site-packages/airflow/example_dags/example_latest_only.py
[2021-08-08 09:46:28,099] {scheduler_job.py:632} INFO - Processing file /home/airflow/.local/lib/python3.6/site-packages/airflow/example_dags/example_latest_only.py for tasks to queue
[2021-08-08 09:46:28,099] {logging_mixin.py:104} INFO - [2021-08-08 09:46:28,099] {dagbag.py:496} INFO - Filling up the DagBag from /home/airflow/.local/lib/python3.6/site-packages/airflow/example_dags/example_latest_only.py
[2021-08-08 09:46:28,107] {scheduler_job.py:642} INFO - DAG(s) dict_keys(['latest_only']) retrieved from /home/airflow/.local/lib/python3.6/site-packages/airflow/example_dags/example_latest_only.py
[2021-08-08 09:46:28,123] {logging_mixin.py:104} INFO - [2021-08-08 09:46:28,123] {dag.py:1833} INFO - Sync 1 DAGs
[2021-08-08 09:46:28,136] {logging_mixin.py:104} INFO - [2021-08-08 09:46:28,136] {dag.py:2306} INFO - Setting next_dagrun for latest_only to 2021-08-06 00:00:00+00:00
[2021-08-08 09:46:28,145] {scheduler_job.py:189} INFO - Processing /home/airflow/.local/lib/python3.6/site-packages/airflow/example_dags/example_latest_only.py took 0.049 seconds
[2021-08-08 09:46:58,462] {scheduler_job.py:181} INFO - Started process (PID=950) to work on /home/airflow/.local/lib/python3.6/site-packages/airflow/example_dags/example_latest_only.py
[2021-08-08 09:46:58,463] {scheduler_job.py:632} INFO - Processing file /home/airflow/.local/lib/python3.6/site-packages/airflow/example_dags/example_latest_only.py for tasks to queue
[2021-08-08 09:46:58,464] {logging_mixin.py:104} INFO - [2021-08-08 09:46:58,464] {dagbag.py:496} INFO - Filling up the DagBag from /home/airflow/.local/lib/python3.6/site-packages/airflow/example_dags/example_latest_only.py
[2021-08-08 09:46:58,472] {scheduler_job.py:642} INFO - DAG(s) dict_keys(['latest_only']) retrieved from /home/airflow/.local/lib/python3.6/site-packages/airflow/example_dags/example_latest_only.py
[2021-08-08 09:46:58,490] {logging_mixin.py:104} INFO - [2021-08-08 09:46:58,490] {dag.py:1833} INFO - Sync 1 DAGs
[2021-08-08 09:46:58,504] {logging_mixin.py:104} INFO - [2021-08-08 09:46:58,503] {dag.py:2306} INFO - Setting next_dagrun for latest_only to 2021-08-06 00:00:00+00:00
[2021-08-08 09:46:58,515] {scheduler_job.py:189} INFO - Processing /home/airflow/.local/lib/python3.6/site-packages/airflow/example_dags/example_latest_only.py took 0.055 seconds
[2021-08-08 09:47:37,761] {scheduler_job.py:181} INFO - Started process (PID=39) to work on /home/airflow/.local/lib/python3.6/site-packages/airflow/example_dags/example_latest_only.py
[2021-08-08 09:47:37,762] {scheduler_job.py:632} INFO - Processing file /home/airflow/.local/lib/python3.6/site-packages/airflow/example_dags/example_latest_only.py for tasks to queue
[2021-08-08 09:47:37,763] {logging_mixin.py:104} INFO - [2021-08-08 09:47:37,763] {dagbag.py:496} INFO - Filling up the DagBag from /home/airflow/.local/lib/python3.6/site-packages/airflow/example_dags/example_latest_only.py
[2021-08-08 09:47:37,774] {scheduler_job.py:642} INFO - DAG(s) dict_keys(['latest_only']) retrieved from /home/airflow/.local/lib/python3.6/site-packages/airflow/example_dags/example_latest_only.py
[2021-08-08 09:47:37,796] {logging_mixin.py:104} INFO - [2021-08-08 09:47:37,796] {dag.py:1833} INFO - Sync 1 DAGs
[2021-08-08 09:47:37,811] {logging_mixin.py:104} INFO - [2021-08-08 09:47:37,811] {dag.py:2306} INFO - Setting next_dagrun for latest_only to 2021-08-06 00:00:00+00:00
[2021-08-08 09:47:37,820] {scheduler_job.py:189} INFO - Processing /home/airflow/.local/lib/python3.6/site-packages/airflow/example_dags/example_latest_only.py took 0.061 seconds
