[2021-08-08 09:43:33,829] {scheduler_job.py:181} INFO - Started process (PID=464) to work on /home/airflow/.local/lib/python3.6/site-packages/airflow/example_dags/example_trigger_controller_dag.py
[2021-08-08 09:43:33,830] {scheduler_job.py:632} INFO - Processing file /home/airflow/.local/lib/python3.6/site-packages/airflow/example_dags/example_trigger_controller_dag.py for tasks to queue
[2021-08-08 09:43:33,831] {logging_mixin.py:104} INFO - [2021-08-08 09:43:33,831] {dagbag.py:496} INFO - Filling up the DagBag from /home/airflow/.local/lib/python3.6/site-packages/airflow/example_dags/example_trigger_controller_dag.py
[2021-08-08 09:43:33,841] {scheduler_job.py:642} INFO - DAG(s) dict_keys(['example_trigger_controller_dag']) retrieved from /home/airflow/.local/lib/python3.6/site-packages/airflow/example_dags/example_trigger_controller_dag.py
[2021-08-08 09:43:35,908] {logging_mixin.py:104} INFO - [2021-08-08 09:43:35,908] {dag.py:1833} INFO - Sync 1 DAGs
[2021-08-08 09:43:35,918] {logging_mixin.py:104} INFO - [2021-08-08 09:43:35,917] {dag.py:1852} INFO - Creating ORM DAG for example_trigger_controller_dag
[2021-08-08 09:43:35,923] {logging_mixin.py:104} INFO - [2021-08-08 09:43:35,923] {dag.py:2306} INFO - Setting next_dagrun for example_trigger_controller_dag to 2021-08-06 00:00:00+00:00
[2021-08-08 09:43:35,935] {scheduler_job.py:189} INFO - Processing /home/airflow/.local/lib/python3.6/site-packages/airflow/example_dags/example_trigger_controller_dag.py took 2.108 seconds
[2021-08-08 09:44:06,314] {scheduler_job.py:181} INFO - Started process (PID=612) to work on /home/airflow/.local/lib/python3.6/site-packages/airflow/example_dags/example_trigger_controller_dag.py
[2021-08-08 09:44:06,315] {scheduler_job.py:632} INFO - Processing file /home/airflow/.local/lib/python3.6/site-packages/airflow/example_dags/example_trigger_controller_dag.py for tasks to queue
[2021-08-08 09:44:06,315] {logging_mixin.py:104} INFO - [2021-08-08 09:44:06,315] {dagbag.py:496} INFO - Filling up the DagBag from /home/airflow/.local/lib/python3.6/site-packages/airflow/example_dags/example_trigger_controller_dag.py
[2021-08-08 09:44:06,322] {scheduler_job.py:642} INFO - DAG(s) dict_keys(['example_trigger_controller_dag']) retrieved from /home/airflow/.local/lib/python3.6/site-packages/airflow/example_dags/example_trigger_controller_dag.py
[2021-08-08 09:44:06,338] {logging_mixin.py:104} INFO - [2021-08-08 09:44:06,337] {dag.py:1833} INFO - Sync 1 DAGs
[2021-08-08 09:44:06,351] {logging_mixin.py:104} INFO - [2021-08-08 09:44:06,350] {dag.py:2306} INFO - Setting next_dagrun for example_trigger_controller_dag to 2021-08-06 00:00:00+00:00
[2021-08-08 09:44:06,358] {scheduler_job.py:189} INFO - Processing /home/airflow/.local/lib/python3.6/site-packages/airflow/example_dags/example_trigger_controller_dag.py took 0.046 seconds
[2021-08-08 09:44:36,418] {scheduler_job.py:181} INFO - Started process (PID=676) to work on /home/airflow/.local/lib/python3.6/site-packages/airflow/example_dags/example_trigger_controller_dag.py
[2021-08-08 09:44:36,419] {scheduler_job.py:632} INFO - Processing file /home/airflow/.local/lib/python3.6/site-packages/airflow/example_dags/example_trigger_controller_dag.py for tasks to queue
[2021-08-08 09:44:36,420] {logging_mixin.py:104} INFO - [2021-08-08 09:44:36,419] {dagbag.py:496} INFO - Filling up the DagBag from /home/airflow/.local/lib/python3.6/site-packages/airflow/example_dags/example_trigger_controller_dag.py
[2021-08-08 09:44:36,427] {scheduler_job.py:642} INFO - DAG(s) dict_keys(['example_trigger_controller_dag']) retrieved from /home/airflow/.local/lib/python3.6/site-packages/airflow/example_dags/example_trigger_controller_dag.py
[2021-08-08 09:44:36,444] {logging_mixin.py:104} INFO - [2021-08-08 09:44:36,444] {dag.py:1833} INFO - Sync 1 DAGs
[2021-08-08 09:44:36,459] {logging_mixin.py:104} INFO - [2021-08-08 09:44:36,459] {dag.py:2306} INFO - Setting next_dagrun for example_trigger_controller_dag to 2021-08-06 00:00:00+00:00
[2021-08-08 09:44:36,473] {scheduler_job.py:189} INFO - Processing /home/airflow/.local/lib/python3.6/site-packages/airflow/example_dags/example_trigger_controller_dag.py took 0.057 seconds
[2021-08-08 09:45:06,638] {scheduler_job.py:181} INFO - Started process (PID=739) to work on /home/airflow/.local/lib/python3.6/site-packages/airflow/example_dags/example_trigger_controller_dag.py
[2021-08-08 09:45:06,639] {scheduler_job.py:632} INFO - Processing file /home/airflow/.local/lib/python3.6/site-packages/airflow/example_dags/example_trigger_controller_dag.py for tasks to queue
[2021-08-08 09:45:06,639] {logging_mixin.py:104} INFO - [2021-08-08 09:45:06,639] {dagbag.py:496} INFO - Filling up the DagBag from /home/airflow/.local/lib/python3.6/site-packages/airflow/example_dags/example_trigger_controller_dag.py
[2021-08-08 09:45:06,646] {scheduler_job.py:642} INFO - DAG(s) dict_keys(['example_trigger_controller_dag']) retrieved from /home/airflow/.local/lib/python3.6/site-packages/airflow/example_dags/example_trigger_controller_dag.py
[2021-08-08 09:45:06,662] {logging_mixin.py:104} INFO - [2021-08-08 09:45:06,662] {dag.py:1833} INFO - Sync 1 DAGs
[2021-08-08 09:45:06,675] {logging_mixin.py:104} INFO - [2021-08-08 09:45:06,675] {dag.py:2306} INFO - Setting next_dagrun for example_trigger_controller_dag to 2021-08-06 00:00:00+00:00
[2021-08-08 09:45:06,683] {scheduler_job.py:189} INFO - Processing /home/airflow/.local/lib/python3.6/site-packages/airflow/example_dags/example_trigger_controller_dag.py took 0.047 seconds
[2021-08-08 09:45:37,031] {scheduler_job.py:181} INFO - Started process (PID=791) to work on /home/airflow/.local/lib/python3.6/site-packages/airflow/example_dags/example_trigger_controller_dag.py
[2021-08-08 09:45:37,032] {scheduler_job.py:632} INFO - Processing file /home/airflow/.local/lib/python3.6/site-packages/airflow/example_dags/example_trigger_controller_dag.py for tasks to queue
[2021-08-08 09:45:37,033] {logging_mixin.py:104} INFO - [2021-08-08 09:45:37,032] {dagbag.py:496} INFO - Filling up the DagBag from /home/airflow/.local/lib/python3.6/site-packages/airflow/example_dags/example_trigger_controller_dag.py
[2021-08-08 09:45:37,039] {scheduler_job.py:642} INFO - DAG(s) dict_keys(['example_trigger_controller_dag']) retrieved from /home/airflow/.local/lib/python3.6/site-packages/airflow/example_dags/example_trigger_controller_dag.py
[2021-08-08 09:45:37,056] {logging_mixin.py:104} INFO - [2021-08-08 09:45:37,056] {dag.py:1833} INFO - Sync 1 DAGs
[2021-08-08 09:45:37,070] {logging_mixin.py:104} INFO - [2021-08-08 09:45:37,069] {dag.py:2306} INFO - Setting next_dagrun for example_trigger_controller_dag to 2021-08-06 00:00:00+00:00
[2021-08-08 09:45:37,080] {scheduler_job.py:189} INFO - Processing /home/airflow/.local/lib/python3.6/site-packages/airflow/example_dags/example_trigger_controller_dag.py took 0.050 seconds
[2021-08-08 09:46:07,154] {scheduler_job.py:181} INFO - Started process (PID=852) to work on /home/airflow/.local/lib/python3.6/site-packages/airflow/example_dags/example_trigger_controller_dag.py
[2021-08-08 09:46:07,156] {scheduler_job.py:632} INFO - Processing file /home/airflow/.local/lib/python3.6/site-packages/airflow/example_dags/example_trigger_controller_dag.py for tasks to queue
[2021-08-08 09:46:07,157] {logging_mixin.py:104} INFO - [2021-08-08 09:46:07,157] {dagbag.py:496} INFO - Filling up the DagBag from /home/airflow/.local/lib/python3.6/site-packages/airflow/example_dags/example_trigger_controller_dag.py
[2021-08-08 09:46:07,167] {scheduler_job.py:642} INFO - DAG(s) dict_keys(['example_trigger_controller_dag']) retrieved from /home/airflow/.local/lib/python3.6/site-packages/airflow/example_dags/example_trigger_controller_dag.py
[2021-08-08 09:46:07,183] {logging_mixin.py:104} INFO - [2021-08-08 09:46:07,183] {dag.py:1833} INFO - Sync 1 DAGs
[2021-08-08 09:46:07,195] {logging_mixin.py:104} INFO - [2021-08-08 09:46:07,195] {dag.py:2306} INFO - Setting next_dagrun for example_trigger_controller_dag to 2021-08-06 00:00:00+00:00
[2021-08-08 09:46:07,204] {scheduler_job.py:189} INFO - Processing /home/airflow/.local/lib/python3.6/site-packages/airflow/example_dags/example_trigger_controller_dag.py took 0.053 seconds
[2021-08-08 09:46:37,545] {scheduler_job.py:181} INFO - Started process (PID=907) to work on /home/airflow/.local/lib/python3.6/site-packages/airflow/example_dags/example_trigger_controller_dag.py
[2021-08-08 09:46:37,547] {scheduler_job.py:632} INFO - Processing file /home/airflow/.local/lib/python3.6/site-packages/airflow/example_dags/example_trigger_controller_dag.py for tasks to queue
[2021-08-08 09:46:37,547] {logging_mixin.py:104} INFO - [2021-08-08 09:46:37,547] {dagbag.py:496} INFO - Filling up the DagBag from /home/airflow/.local/lib/python3.6/site-packages/airflow/example_dags/example_trigger_controller_dag.py
[2021-08-08 09:46:37,554] {scheduler_job.py:642} INFO - DAG(s) dict_keys(['example_trigger_controller_dag']) retrieved from /home/airflow/.local/lib/python3.6/site-packages/airflow/example_dags/example_trigger_controller_dag.py
[2021-08-08 09:46:37,570] {logging_mixin.py:104} INFO - [2021-08-08 09:46:37,570] {dag.py:1833} INFO - Sync 1 DAGs
[2021-08-08 09:46:37,581] {logging_mixin.py:104} INFO - [2021-08-08 09:46:37,581] {dag.py:2306} INFO - Setting next_dagrun for example_trigger_controller_dag to 2021-08-06 00:00:00+00:00
[2021-08-08 09:46:37,591] {scheduler_job.py:189} INFO - Processing /home/airflow/.local/lib/python3.6/site-packages/airflow/example_dags/example_trigger_controller_dag.py took 0.048 seconds
[2021-08-08 09:47:07,723] {scheduler_job.py:181} INFO - Started process (PID=968) to work on /home/airflow/.local/lib/python3.6/site-packages/airflow/example_dags/example_trigger_controller_dag.py
[2021-08-08 09:47:07,724] {scheduler_job.py:632} INFO - Processing file /home/airflow/.local/lib/python3.6/site-packages/airflow/example_dags/example_trigger_controller_dag.py for tasks to queue
[2021-08-08 09:47:07,724] {logging_mixin.py:104} INFO - [2021-08-08 09:47:07,724] {dagbag.py:496} INFO - Filling up the DagBag from /home/airflow/.local/lib/python3.6/site-packages/airflow/example_dags/example_trigger_controller_dag.py
[2021-08-08 09:47:07,731] {scheduler_job.py:642} INFO - DAG(s) dict_keys(['example_trigger_controller_dag']) retrieved from /home/airflow/.local/lib/python3.6/site-packages/airflow/example_dags/example_trigger_controller_dag.py
[2021-08-08 09:47:07,746] {logging_mixin.py:104} INFO - [2021-08-08 09:47:07,746] {dag.py:1833} INFO - Sync 1 DAGs
[2021-08-08 09:47:07,759] {logging_mixin.py:104} INFO - [2021-08-08 09:47:07,758] {dag.py:2306} INFO - Setting next_dagrun for example_trigger_controller_dag to 2021-08-06 00:00:00+00:00
[2021-08-08 09:47:07,767] {scheduler_job.py:189} INFO - Processing /home/airflow/.local/lib/python3.6/site-packages/airflow/example_dags/example_trigger_controller_dag.py took 0.046 seconds
[2021-08-08 09:47:38,297] {scheduler_job.py:181} INFO - Started process (PID=48) to work on /home/airflow/.local/lib/python3.6/site-packages/airflow/example_dags/example_trigger_controller_dag.py
[2021-08-08 09:47:38,298] {scheduler_job.py:632} INFO - Processing file /home/airflow/.local/lib/python3.6/site-packages/airflow/example_dags/example_trigger_controller_dag.py for tasks to queue
[2021-08-08 09:47:38,299] {logging_mixin.py:104} INFO - [2021-08-08 09:47:38,299] {dagbag.py:496} INFO - Filling up the DagBag from /home/airflow/.local/lib/python3.6/site-packages/airflow/example_dags/example_trigger_controller_dag.py
[2021-08-08 09:47:38,311] {scheduler_job.py:642} INFO - DAG(s) dict_keys(['example_trigger_controller_dag']) retrieved from /home/airflow/.local/lib/python3.6/site-packages/airflow/example_dags/example_trigger_controller_dag.py
[2021-08-08 09:47:38,329] {logging_mixin.py:104} INFO - [2021-08-08 09:47:38,329] {dag.py:1833} INFO - Sync 1 DAGs
[2021-08-08 09:47:38,343] {logging_mixin.py:104} INFO - [2021-08-08 09:47:38,343] {dag.py:2306} INFO - Setting next_dagrun for example_trigger_controller_dag to 2021-08-06 00:00:00+00:00
[2021-08-08 09:47:38,354] {scheduler_job.py:189} INFO - Processing /home/airflow/.local/lib/python3.6/site-packages/airflow/example_dags/example_trigger_controller_dag.py took 0.058 seconds
