[2021-08-08 09:43:31,621] {scheduler_job.py:181} INFO - Started process (PID=420) to work on /home/airflow/.local/lib/python3.6/site-packages/airflow/example_dags/example_task_group_decorator.py
[2021-08-08 09:43:31,622] {scheduler_job.py:632} INFO - Processing file /home/airflow/.local/lib/python3.6/site-packages/airflow/example_dags/example_task_group_decorator.py for tasks to queue
[2021-08-08 09:43:31,623] {logging_mixin.py:104} INFO - [2021-08-08 09:43:31,623] {dagbag.py:496} INFO - Filling up the DagBag from /home/airflow/.local/lib/python3.6/site-packages/airflow/example_dags/example_task_group_decorator.py
[2021-08-08 09:43:31,646] {scheduler_job.py:642} INFO - DAG(s) dict_keys(['example_task_group_decorator']) retrieved from /home/airflow/.local/lib/python3.6/site-packages/airflow/example_dags/example_task_group_decorator.py
[2021-08-08 09:43:33,774] {logging_mixin.py:104} INFO - [2021-08-08 09:43:33,773] {dag.py:1833} INFO - Sync 1 DAGs
[2021-08-08 09:43:33,783] {logging_mixin.py:104} INFO - [2021-08-08 09:43:33,782] {dag.py:1852} INFO - Creating ORM DAG for example_task_group_decorator
[2021-08-08 09:43:33,788] {logging_mixin.py:104} INFO - [2021-08-08 09:43:33,788] {dag.py:2306} INFO - Setting next_dagrun for example_task_group_decorator to 2021-08-06 00:00:00+00:00
[2021-08-08 09:43:33,798] {scheduler_job.py:189} INFO - Processing /home/airflow/.local/lib/python3.6/site-packages/airflow/example_dags/example_task_group_decorator.py took 2.179 seconds
[2021-08-08 09:44:04,233] {scheduler_job.py:181} INFO - Started process (PID=610) to work on /home/airflow/.local/lib/python3.6/site-packages/airflow/example_dags/example_task_group_decorator.py
[2021-08-08 09:44:04,234] {scheduler_job.py:632} INFO - Processing file /home/airflow/.local/lib/python3.6/site-packages/airflow/example_dags/example_task_group_decorator.py for tasks to queue
[2021-08-08 09:44:04,235] {logging_mixin.py:104} INFO - [2021-08-08 09:44:04,235] {dagbag.py:496} INFO - Filling up the DagBag from /home/airflow/.local/lib/python3.6/site-packages/airflow/example_dags/example_task_group_decorator.py
[2021-08-08 09:44:04,255] {scheduler_job.py:642} INFO - DAG(s) dict_keys(['example_task_group_decorator']) retrieved from /home/airflow/.local/lib/python3.6/site-packages/airflow/example_dags/example_task_group_decorator.py
[2021-08-08 09:44:04,428] {logging_mixin.py:104} INFO - [2021-08-08 09:44:04,428] {dag.py:1833} INFO - Sync 1 DAGs
[2021-08-08 09:44:04,439] {logging_mixin.py:104} INFO - [2021-08-08 09:44:04,438] {dag.py:2306} INFO - Setting next_dagrun for example_task_group_decorator to 2021-08-06 00:00:00+00:00
[2021-08-08 09:44:04,447] {scheduler_job.py:189} INFO - Processing /home/airflow/.local/lib/python3.6/site-packages/airflow/example_dags/example_task_group_decorator.py took 0.215 seconds
[2021-08-08 09:44:35,344] {scheduler_job.py:181} INFO - Started process (PID=675) to work on /home/airflow/.local/lib/python3.6/site-packages/airflow/example_dags/example_task_group_decorator.py
[2021-08-08 09:44:35,345] {scheduler_job.py:632} INFO - Processing file /home/airflow/.local/lib/python3.6/site-packages/airflow/example_dags/example_task_group_decorator.py for tasks to queue
[2021-08-08 09:44:35,346] {logging_mixin.py:104} INFO - [2021-08-08 09:44:35,346] {dagbag.py:496} INFO - Filling up the DagBag from /home/airflow/.local/lib/python3.6/site-packages/airflow/example_dags/example_task_group_decorator.py
[2021-08-08 09:44:35,368] {scheduler_job.py:642} INFO - DAG(s) dict_keys(['example_task_group_decorator']) retrieved from /home/airflow/.local/lib/python3.6/site-packages/airflow/example_dags/example_task_group_decorator.py
[2021-08-08 09:44:35,569] {logging_mixin.py:104} INFO - [2021-08-08 09:44:35,569] {dag.py:1833} INFO - Sync 1 DAGs
[2021-08-08 09:44:35,580] {logging_mixin.py:104} INFO - [2021-08-08 09:44:35,580] {dag.py:2306} INFO - Setting next_dagrun for example_task_group_decorator to 2021-08-06 00:00:00+00:00
[2021-08-08 09:44:35,590] {scheduler_job.py:189} INFO - Processing /home/airflow/.local/lib/python3.6/site-packages/airflow/example_dags/example_task_group_decorator.py took 0.248 seconds
[2021-08-08 09:45:05,634] {scheduler_job.py:181} INFO - Started process (PID=737) to work on /home/airflow/.local/lib/python3.6/site-packages/airflow/example_dags/example_task_group_decorator.py
[2021-08-08 09:45:05,635] {scheduler_job.py:632} INFO - Processing file /home/airflow/.local/lib/python3.6/site-packages/airflow/example_dags/example_task_group_decorator.py for tasks to queue
[2021-08-08 09:45:05,636] {logging_mixin.py:104} INFO - [2021-08-08 09:45:05,635] {dagbag.py:496} INFO - Filling up the DagBag from /home/airflow/.local/lib/python3.6/site-packages/airflow/example_dags/example_task_group_decorator.py
[2021-08-08 09:45:05,657] {scheduler_job.py:642} INFO - DAG(s) dict_keys(['example_task_group_decorator']) retrieved from /home/airflow/.local/lib/python3.6/site-packages/airflow/example_dags/example_task_group_decorator.py
[2021-08-08 09:45:05,856] {logging_mixin.py:104} INFO - [2021-08-08 09:45:05,856] {dag.py:1833} INFO - Sync 1 DAGs
[2021-08-08 09:45:05,868] {logging_mixin.py:104} INFO - [2021-08-08 09:45:05,868] {dag.py:2306} INFO - Setting next_dagrun for example_task_group_decorator to 2021-08-06 00:00:00+00:00
[2021-08-08 09:45:05,878] {scheduler_job.py:189} INFO - Processing /home/airflow/.local/lib/python3.6/site-packages/airflow/example_dags/example_task_group_decorator.py took 0.247 seconds
[2021-08-08 09:45:35,990] {scheduler_job.py:181} INFO - Started process (PID=790) to work on /home/airflow/.local/lib/python3.6/site-packages/airflow/example_dags/example_task_group_decorator.py
[2021-08-08 09:45:35,991] {scheduler_job.py:632} INFO - Processing file /home/airflow/.local/lib/python3.6/site-packages/airflow/example_dags/example_task_group_decorator.py for tasks to queue
[2021-08-08 09:45:35,992] {logging_mixin.py:104} INFO - [2021-08-08 09:45:35,992] {dagbag.py:496} INFO - Filling up the DagBag from /home/airflow/.local/lib/python3.6/site-packages/airflow/example_dags/example_task_group_decorator.py
[2021-08-08 09:45:36,011] {scheduler_job.py:642} INFO - DAG(s) dict_keys(['example_task_group_decorator']) retrieved from /home/airflow/.local/lib/python3.6/site-packages/airflow/example_dags/example_task_group_decorator.py
[2021-08-08 09:45:36,195] {logging_mixin.py:104} INFO - [2021-08-08 09:45:36,195] {dag.py:1833} INFO - Sync 1 DAGs
[2021-08-08 09:45:36,205] {logging_mixin.py:104} INFO - [2021-08-08 09:45:36,205] {dag.py:2306} INFO - Setting next_dagrun for example_task_group_decorator to 2021-08-06 00:00:00+00:00
[2021-08-08 09:45:36,214] {scheduler_job.py:189} INFO - Processing /home/airflow/.local/lib/python3.6/site-packages/airflow/example_dags/example_task_group_decorator.py took 0.226 seconds
[2021-08-08 09:46:07,153] {scheduler_job.py:181} INFO - Started process (PID=851) to work on /home/airflow/.local/lib/python3.6/site-packages/airflow/example_dags/example_task_group_decorator.py
[2021-08-08 09:46:07,154] {scheduler_job.py:632} INFO - Processing file /home/airflow/.local/lib/python3.6/site-packages/airflow/example_dags/example_task_group_decorator.py for tasks to queue
[2021-08-08 09:46:07,155] {logging_mixin.py:104} INFO - [2021-08-08 09:46:07,155] {dagbag.py:496} INFO - Filling up the DagBag from /home/airflow/.local/lib/python3.6/site-packages/airflow/example_dags/example_task_group_decorator.py
[2021-08-08 09:46:07,177] {scheduler_job.py:642} INFO - DAG(s) dict_keys(['example_task_group_decorator']) retrieved from /home/airflow/.local/lib/python3.6/site-packages/airflow/example_dags/example_task_group_decorator.py
[2021-08-08 09:46:07,351] {logging_mixin.py:104} INFO - [2021-08-08 09:46:07,351] {dag.py:1833} INFO - Sync 1 DAGs
[2021-08-08 09:46:07,361] {logging_mixin.py:104} INFO - [2021-08-08 09:46:07,361] {dag.py:2306} INFO - Setting next_dagrun for example_task_group_decorator to 2021-08-06 00:00:00+00:00
[2021-08-08 09:46:07,371] {scheduler_job.py:189} INFO - Processing /home/airflow/.local/lib/python3.6/site-packages/airflow/example_dags/example_task_group_decorator.py took 0.220 seconds
[2021-08-08 09:46:37,545] {scheduler_job.py:181} INFO - Started process (PID=906) to work on /home/airflow/.local/lib/python3.6/site-packages/airflow/example_dags/example_task_group_decorator.py
[2021-08-08 09:46:37,546] {scheduler_job.py:632} INFO - Processing file /home/airflow/.local/lib/python3.6/site-packages/airflow/example_dags/example_task_group_decorator.py for tasks to queue
[2021-08-08 09:46:37,547] {logging_mixin.py:104} INFO - [2021-08-08 09:46:37,547] {dagbag.py:496} INFO - Filling up the DagBag from /home/airflow/.local/lib/python3.6/site-packages/airflow/example_dags/example_task_group_decorator.py
[2021-08-08 09:46:37,568] {scheduler_job.py:642} INFO - DAG(s) dict_keys(['example_task_group_decorator']) retrieved from /home/airflow/.local/lib/python3.6/site-packages/airflow/example_dags/example_task_group_decorator.py
[2021-08-08 09:46:37,756] {logging_mixin.py:104} INFO - [2021-08-08 09:46:37,756] {dag.py:1833} INFO - Sync 1 DAGs
[2021-08-08 09:46:37,768] {logging_mixin.py:104} INFO - [2021-08-08 09:46:37,768] {dag.py:2306} INFO - Setting next_dagrun for example_task_group_decorator to 2021-08-06 00:00:00+00:00
[2021-08-08 09:46:37,778] {scheduler_job.py:189} INFO - Processing /home/airflow/.local/lib/python3.6/site-packages/airflow/example_dags/example_task_group_decorator.py took 0.234 seconds
[2021-08-08 09:47:08,779] {scheduler_job.py:181} INFO - Started process (PID=969) to work on /home/airflow/.local/lib/python3.6/site-packages/airflow/example_dags/example_task_group_decorator.py
[2021-08-08 09:47:08,780] {scheduler_job.py:632} INFO - Processing file /home/airflow/.local/lib/python3.6/site-packages/airflow/example_dags/example_task_group_decorator.py for tasks to queue
[2021-08-08 09:47:08,781] {logging_mixin.py:104} INFO - [2021-08-08 09:47:08,781] {dagbag.py:496} INFO - Filling up the DagBag from /home/airflow/.local/lib/python3.6/site-packages/airflow/example_dags/example_task_group_decorator.py
[2021-08-08 09:47:08,802] {scheduler_job.py:642} INFO - DAG(s) dict_keys(['example_task_group_decorator']) retrieved from /home/airflow/.local/lib/python3.6/site-packages/airflow/example_dags/example_task_group_decorator.py
[2021-08-08 09:47:38,150] {scheduler_job.py:181} INFO - Started process (PID=46) to work on /home/airflow/.local/lib/python3.6/site-packages/airflow/example_dags/example_task_group_decorator.py
[2021-08-08 09:47:38,151] {scheduler_job.py:632} INFO - Processing file /home/airflow/.local/lib/python3.6/site-packages/airflow/example_dags/example_task_group_decorator.py for tasks to queue
[2021-08-08 09:47:38,152] {logging_mixin.py:104} INFO - [2021-08-08 09:47:38,152] {dagbag.py:496} INFO - Filling up the DagBag from /home/airflow/.local/lib/python3.6/site-packages/airflow/example_dags/example_task_group_decorator.py
[2021-08-08 09:47:38,178] {scheduler_job.py:642} INFO - DAG(s) dict_keys(['example_task_group_decorator']) retrieved from /home/airflow/.local/lib/python3.6/site-packages/airflow/example_dags/example_task_group_decorator.py
[2021-08-08 09:47:38,402] {logging_mixin.py:104} INFO - [2021-08-08 09:47:38,401] {dag.py:1833} INFO - Sync 1 DAGs
[2021-08-08 09:47:38,415] {logging_mixin.py:104} INFO - [2021-08-08 09:47:38,415] {dag.py:2306} INFO - Setting next_dagrun for example_task_group_decorator to 2021-08-06 00:00:00+00:00
[2021-08-08 09:47:38,430] {scheduler_job.py:189} INFO - Processing /home/airflow/.local/lib/python3.6/site-packages/airflow/example_dags/example_task_group_decorator.py took 0.282 seconds
