[2021-08-08 09:43:29,593] {scheduler_job.py:181} INFO - Started process (PID=386) to work on /home/airflow/.local/lib/python3.6/site-packages/airflow/example_dags/example_bash_operator.py
[2021-08-08 09:43:29,594] {scheduler_job.py:632} INFO - Processing file /home/airflow/.local/lib/python3.6/site-packages/airflow/example_dags/example_bash_operator.py for tasks to queue
[2021-08-08 09:43:29,594] {logging_mixin.py:104} INFO - [2021-08-08 09:43:29,594] {dagbag.py:496} INFO - Filling up the DagBag from /home/airflow/.local/lib/python3.6/site-packages/airflow/example_dags/example_bash_operator.py
[2021-08-08 09:43:29,607] {scheduler_job.py:642} INFO - DAG(s) dict_keys(['example_bash_operator']) retrieved from /home/airflow/.local/lib/python3.6/site-packages/airflow/example_dags/example_bash_operator.py
[2021-08-08 09:43:31,574] {logging_mixin.py:104} INFO - [2021-08-08 09:43:31,574] {dag.py:1833} INFO - Sync 1 DAGs
[2021-08-08 09:43:31,583] {logging_mixin.py:104} INFO - [2021-08-08 09:43:31,583] {dag.py:1852} INFO - Creating ORM DAG for example_bash_operator
[2021-08-08 09:43:31,591] {logging_mixin.py:104} INFO - [2021-08-08 09:43:31,591] {dag.py:2306} INFO - Setting next_dagrun for example_bash_operator to 2021-08-06 00:00:00+00:00
[2021-08-08 09:43:31,601] {scheduler_job.py:189} INFO - Processing /home/airflow/.local/lib/python3.6/site-packages/airflow/example_dags/example_bash_operator.py took 2.010 seconds
[2021-08-08 09:44:02,166] {scheduler_job.py:181} INFO - Started process (PID=608) to work on /home/airflow/.local/lib/python3.6/site-packages/airflow/example_dags/example_bash_operator.py
[2021-08-08 09:44:02,167] {scheduler_job.py:632} INFO - Processing file /home/airflow/.local/lib/python3.6/site-packages/airflow/example_dags/example_bash_operator.py for tasks to queue
[2021-08-08 09:44:02,168] {logging_mixin.py:104} INFO - [2021-08-08 09:44:02,168] {dagbag.py:496} INFO - Filling up the DagBag from /home/airflow/.local/lib/python3.6/site-packages/airflow/example_dags/example_bash_operator.py
[2021-08-08 09:44:02,178] {scheduler_job.py:642} INFO - DAG(s) dict_keys(['example_bash_operator']) retrieved from /home/airflow/.local/lib/python3.6/site-packages/airflow/example_dags/example_bash_operator.py
[2021-08-08 09:44:02,194] {logging_mixin.py:104} INFO - [2021-08-08 09:44:02,194] {dag.py:1833} INFO - Sync 1 DAGs
[2021-08-08 09:44:02,208] {logging_mixin.py:104} INFO - [2021-08-08 09:44:02,208] {dag.py:2306} INFO - Setting next_dagrun for example_bash_operator to 2021-08-06 00:00:00+00:00
[2021-08-08 09:44:02,216] {scheduler_job.py:189} INFO - Processing /home/airflow/.local/lib/python3.6/site-packages/airflow/example_dags/example_bash_operator.py took 0.051 seconds
[2021-08-08 09:44:32,254] {scheduler_job.py:181} INFO - Started process (PID=672) to work on /home/airflow/.local/lib/python3.6/site-packages/airflow/example_dags/example_bash_operator.py
[2021-08-08 09:44:32,255] {scheduler_job.py:632} INFO - Processing file /home/airflow/.local/lib/python3.6/site-packages/airflow/example_dags/example_bash_operator.py for tasks to queue
[2021-08-08 09:44:32,256] {logging_mixin.py:104} INFO - [2021-08-08 09:44:32,256] {dagbag.py:496} INFO - Filling up the DagBag from /home/airflow/.local/lib/python3.6/site-packages/airflow/example_dags/example_bash_operator.py
[2021-08-08 09:44:32,270] {scheduler_job.py:642} INFO - DAG(s) dict_keys(['example_bash_operator']) retrieved from /home/airflow/.local/lib/python3.6/site-packages/airflow/example_dags/example_bash_operator.py
[2021-08-08 09:44:32,290] {logging_mixin.py:104} INFO - [2021-08-08 09:44:32,290] {dag.py:1833} INFO - Sync 1 DAGs
[2021-08-08 09:44:32,307] {logging_mixin.py:104} INFO - [2021-08-08 09:44:32,307] {dag.py:2306} INFO - Setting next_dagrun for example_bash_operator to 2021-08-06 00:00:00+00:00
[2021-08-08 09:44:32,317] {scheduler_job.py:189} INFO - Processing /home/airflow/.local/lib/python3.6/site-packages/airflow/example_dags/example_bash_operator.py took 0.066 seconds
[2021-08-08 09:45:02,483] {scheduler_job.py:181} INFO - Started process (PID=725) to work on /home/airflow/.local/lib/python3.6/site-packages/airflow/example_dags/example_bash_operator.py
[2021-08-08 09:45:02,485] {scheduler_job.py:632} INFO - Processing file /home/airflow/.local/lib/python3.6/site-packages/airflow/example_dags/example_bash_operator.py for tasks to queue
[2021-08-08 09:45:02,485] {logging_mixin.py:104} INFO - [2021-08-08 09:45:02,485] {dagbag.py:496} INFO - Filling up the DagBag from /home/airflow/.local/lib/python3.6/site-packages/airflow/example_dags/example_bash_operator.py
[2021-08-08 09:45:02,496] {scheduler_job.py:642} INFO - DAG(s) dict_keys(['example_bash_operator']) retrieved from /home/airflow/.local/lib/python3.6/site-packages/airflow/example_dags/example_bash_operator.py
[2021-08-08 09:45:02,512] {logging_mixin.py:104} INFO - [2021-08-08 09:45:02,512] {dag.py:1833} INFO - Sync 1 DAGs
[2021-08-08 09:45:02,528] {logging_mixin.py:104} INFO - [2021-08-08 09:45:02,527] {dag.py:2306} INFO - Setting next_dagrun for example_bash_operator to 2021-08-06 00:00:00+00:00
[2021-08-08 09:45:02,536] {scheduler_job.py:189} INFO - Processing /home/airflow/.local/lib/python3.6/site-packages/airflow/example_dags/example_bash_operator.py took 0.055 seconds
[2021-08-08 09:45:32,914] {scheduler_job.py:181} INFO - Started process (PID=787) to work on /home/airflow/.local/lib/python3.6/site-packages/airflow/example_dags/example_bash_operator.py
[2021-08-08 09:45:32,914] {scheduler_job.py:632} INFO - Processing file /home/airflow/.local/lib/python3.6/site-packages/airflow/example_dags/example_bash_operator.py for tasks to queue
[2021-08-08 09:45:32,915] {logging_mixin.py:104} INFO - [2021-08-08 09:45:32,915] {dagbag.py:496} INFO - Filling up the DagBag from /home/airflow/.local/lib/python3.6/site-packages/airflow/example_dags/example_bash_operator.py
[2021-08-08 09:45:32,925] {scheduler_job.py:642} INFO - DAG(s) dict_keys(['example_bash_operator']) retrieved from /home/airflow/.local/lib/python3.6/site-packages/airflow/example_dags/example_bash_operator.py
[2021-08-08 09:45:32,941] {logging_mixin.py:104} INFO - [2021-08-08 09:45:32,941] {dag.py:1833} INFO - Sync 1 DAGs
[2021-08-08 09:45:32,956] {logging_mixin.py:104} INFO - [2021-08-08 09:45:32,956] {dag.py:2306} INFO - Setting next_dagrun for example_bash_operator to 2021-08-06 00:00:00+00:00
[2021-08-08 09:45:32,965] {scheduler_job.py:189} INFO - Processing /home/airflow/.local/lib/python3.6/site-packages/airflow/example_dags/example_bash_operator.py took 0.053 seconds
[2021-08-08 09:46:03,035] {scheduler_job.py:181} INFO - Started process (PID=838) to work on /home/airflow/.local/lib/python3.6/site-packages/airflow/example_dags/example_bash_operator.py
[2021-08-08 09:46:03,037] {scheduler_job.py:632} INFO - Processing file /home/airflow/.local/lib/python3.6/site-packages/airflow/example_dags/example_bash_operator.py for tasks to queue
[2021-08-08 09:46:03,039] {logging_mixin.py:104} INFO - [2021-08-08 09:46:03,039] {dagbag.py:496} INFO - Filling up the DagBag from /home/airflow/.local/lib/python3.6/site-packages/airflow/example_dags/example_bash_operator.py
[2021-08-08 09:46:03,060] {scheduler_job.py:642} INFO - DAG(s) dict_keys(['example_bash_operator']) retrieved from /home/airflow/.local/lib/python3.6/site-packages/airflow/example_dags/example_bash_operator.py
[2021-08-08 09:46:03,091] {logging_mixin.py:104} INFO - [2021-08-08 09:46:03,091] {dag.py:1833} INFO - Sync 1 DAGs
[2021-08-08 09:46:03,111] {logging_mixin.py:104} INFO - [2021-08-08 09:46:03,111] {dag.py:2306} INFO - Setting next_dagrun for example_bash_operator to 2021-08-06 00:00:00+00:00
[2021-08-08 09:46:03,123] {scheduler_job.py:189} INFO - Processing /home/airflow/.local/lib/python3.6/site-packages/airflow/example_dags/example_bash_operator.py took 0.091 seconds
[2021-08-08 09:46:33,451] {scheduler_job.py:181} INFO - Started process (PID=903) to work on /home/airflow/.local/lib/python3.6/site-packages/airflow/example_dags/example_bash_operator.py
[2021-08-08 09:46:33,452] {scheduler_job.py:632} INFO - Processing file /home/airflow/.local/lib/python3.6/site-packages/airflow/example_dags/example_bash_operator.py for tasks to queue
[2021-08-08 09:46:33,452] {logging_mixin.py:104} INFO - [2021-08-08 09:46:33,452] {dagbag.py:496} INFO - Filling up the DagBag from /home/airflow/.local/lib/python3.6/site-packages/airflow/example_dags/example_bash_operator.py
[2021-08-08 09:46:33,465] {scheduler_job.py:642} INFO - DAG(s) dict_keys(['example_bash_operator']) retrieved from /home/airflow/.local/lib/python3.6/site-packages/airflow/example_dags/example_bash_operator.py
[2021-08-08 09:46:33,487] {logging_mixin.py:104} INFO - [2021-08-08 09:46:33,487] {dag.py:1833} INFO - Sync 1 DAGs
[2021-08-08 09:46:33,505] {logging_mixin.py:104} INFO - [2021-08-08 09:46:33,505] {dag.py:2306} INFO - Setting next_dagrun for example_bash_operator to 2021-08-06 00:00:00+00:00
[2021-08-08 09:46:33,516] {scheduler_job.py:189} INFO - Processing /home/airflow/.local/lib/python3.6/site-packages/airflow/example_dags/example_bash_operator.py took 0.067 seconds
[2021-08-08 09:47:03,626] {scheduler_job.py:181} INFO - Started process (PID=965) to work on /home/airflow/.local/lib/python3.6/site-packages/airflow/example_dags/example_bash_operator.py
[2021-08-08 09:47:03,629] {scheduler_job.py:632} INFO - Processing file /home/airflow/.local/lib/python3.6/site-packages/airflow/example_dags/example_bash_operator.py for tasks to queue
[2021-08-08 09:47:03,630] {logging_mixin.py:104} INFO - [2021-08-08 09:47:03,630] {dagbag.py:496} INFO - Filling up the DagBag from /home/airflow/.local/lib/python3.6/site-packages/airflow/example_dags/example_bash_operator.py
[2021-08-08 09:47:03,643] {scheduler_job.py:642} INFO - DAG(s) dict_keys(['example_bash_operator']) retrieved from /home/airflow/.local/lib/python3.6/site-packages/airflow/example_dags/example_bash_operator.py
[2021-08-08 09:47:03,662] {logging_mixin.py:104} INFO - [2021-08-08 09:47:03,662] {dag.py:1833} INFO - Sync 1 DAGs
[2021-08-08 09:47:03,682] {logging_mixin.py:104} INFO - [2021-08-08 09:47:03,682] {dag.py:2306} INFO - Setting next_dagrun for example_bash_operator to 2021-08-06 00:00:00+00:00
[2021-08-08 09:47:03,691] {scheduler_job.py:189} INFO - Processing /home/airflow/.local/lib/python3.6/site-packages/airflow/example_dags/example_bash_operator.py took 0.068 seconds
[2021-08-08 09:47:38,064] {scheduler_job.py:181} INFO - Started process (PID=44) to work on /home/airflow/.local/lib/python3.6/site-packages/airflow/example_dags/example_bash_operator.py
[2021-08-08 09:47:38,065] {scheduler_job.py:632} INFO - Processing file /home/airflow/.local/lib/python3.6/site-packages/airflow/example_dags/example_bash_operator.py for tasks to queue
[2021-08-08 09:47:38,066] {logging_mixin.py:104} INFO - [2021-08-08 09:47:38,066] {dagbag.py:496} INFO - Filling up the DagBag from /home/airflow/.local/lib/python3.6/site-packages/airflow/example_dags/example_bash_operator.py
[2021-08-08 09:47:38,081] {scheduler_job.py:642} INFO - DAG(s) dict_keys(['example_bash_operator']) retrieved from /home/airflow/.local/lib/python3.6/site-packages/airflow/example_dags/example_bash_operator.py
[2021-08-08 09:47:38,104] {logging_mixin.py:104} INFO - [2021-08-08 09:47:38,103] {dag.py:1833} INFO - Sync 1 DAGs
[2021-08-08 09:47:38,121] {logging_mixin.py:104} INFO - [2021-08-08 09:47:38,121] {dag.py:2306} INFO - Setting next_dagrun for example_bash_operator to 2021-08-06 00:00:00+00:00
[2021-08-08 09:47:38,135] {scheduler_job.py:189} INFO - Processing /home/airflow/.local/lib/python3.6/site-packages/airflow/example_dags/example_bash_operator.py took 0.073 seconds
