[2021-08-08 09:43:37,019] {scheduler_job.py:181} INFO - Started process (PID=514) to work on /home/airflow/.local/lib/python3.6/site-packages/airflow/example_dags/example_subdag_operator.py
[2021-08-08 09:43:37,020] {scheduler_job.py:632} INFO - Processing file /home/airflow/.local/lib/python3.6/site-packages/airflow/example_dags/example_subdag_operator.py for tasks to queue
[2021-08-08 09:43:37,021] {logging_mixin.py:104} INFO - [2021-08-08 09:43:37,021] {dagbag.py:496} INFO - Filling up the DagBag from /home/airflow/.local/lib/python3.6/site-packages/airflow/example_dags/example_subdag_operator.py
[2021-08-08 09:43:37,053] {scheduler_job.py:642} INFO - DAG(s) dict_keys(['example_subdag_operator.section-1', 'example_subdag_operator.section-2', 'example_subdag_operator']) retrieved from /home/airflow/.local/lib/python3.6/site-packages/airflow/example_dags/example_subdag_operator.py
[2021-08-08 09:43:39,170] {logging_mixin.py:104} INFO - [2021-08-08 09:43:39,170] {dag.py:1833} INFO - Sync 3 DAGs
[2021-08-08 09:43:39,180] {logging_mixin.py:104} INFO - [2021-08-08 09:43:39,179] {dag.py:1852} INFO - Creating ORM DAG for example_subdag_operator.section-2
[2021-08-08 09:43:39,180] {logging_mixin.py:104} INFO - [2021-08-08 09:43:39,180] {dag.py:1852} INFO - Creating ORM DAG for example_subdag_operator
[2021-08-08 09:43:39,181] {logging_mixin.py:104} INFO - [2021-08-08 09:43:39,181] {dag.py:1852} INFO - Creating ORM DAG for example_subdag_operator.section-1
[2021-08-08 09:43:39,185] {logging_mixin.py:104} INFO - [2021-08-08 09:43:39,185] {dag.py:2306} INFO - Setting next_dagrun for example_subdag_operator to 2021-08-06 00:00:00+00:00
[2021-08-08 09:43:39,186] {logging_mixin.py:104} INFO - [2021-08-08 09:43:39,186] {dag.py:2306} INFO - Setting next_dagrun for example_subdag_operator.section-1 to None
[2021-08-08 09:43:39,187] {logging_mixin.py:104} INFO - [2021-08-08 09:43:39,187] {dag.py:2306} INFO - Setting next_dagrun for example_subdag_operator.section-2 to None
[2021-08-08 09:43:39,196] {logging_mixin.py:104} INFO - [2021-08-08 09:43:39,196] {dag.py:1833} INFO - Sync 2 DAGs
[2021-08-08 09:43:39,204] {logging_mixin.py:104} INFO - [2021-08-08 09:43:39,203] {dag.py:2306} INFO - Setting next_dagrun for example_subdag_operator.section-1 to None
[2021-08-08 09:43:39,204] {logging_mixin.py:104} INFO - [2021-08-08 09:43:39,204] {dag.py:2306} INFO - Setting next_dagrun for example_subdag_operator.section-2 to None
[2021-08-08 09:43:39,211] {scheduler_job.py:189} INFO - Processing /home/airflow/.local/lib/python3.6/site-packages/airflow/example_dags/example_subdag_operator.py took 2.193 seconds
[2021-08-08 09:44:09,402] {scheduler_job.py:181} INFO - Started process (PID=626) to work on /home/airflow/.local/lib/python3.6/site-packages/airflow/example_dags/example_subdag_operator.py
[2021-08-08 09:44:09,403] {scheduler_job.py:632} INFO - Processing file /home/airflow/.local/lib/python3.6/site-packages/airflow/example_dags/example_subdag_operator.py for tasks to queue
[2021-08-08 09:44:09,404] {logging_mixin.py:104} INFO - [2021-08-08 09:44:09,404] {dagbag.py:496} INFO - Filling up the DagBag from /home/airflow/.local/lib/python3.6/site-packages/airflow/example_dags/example_subdag_operator.py
[2021-08-08 09:44:09,426] {scheduler_job.py:642} INFO - DAG(s) dict_keys(['example_subdag_operator.section-1', 'example_subdag_operator.section-2', 'example_subdag_operator']) retrieved from /home/airflow/.local/lib/python3.6/site-packages/airflow/example_dags/example_subdag_operator.py
[2021-08-08 09:44:09,438] {logging_mixin.py:104} INFO - [2021-08-08 09:44:09,438] {dag.py:1833} INFO - Sync 3 DAGs
[2021-08-08 09:44:09,450] {logging_mixin.py:104} INFO - [2021-08-08 09:44:09,450] {dag.py:2306} INFO - Setting next_dagrun for example_subdag_operator to 2021-08-06 00:00:00+00:00
[2021-08-08 09:44:09,451] {logging_mixin.py:104} INFO - [2021-08-08 09:44:09,451] {dag.py:2306} INFO - Setting next_dagrun for example_subdag_operator.section-1 to None
[2021-08-08 09:44:09,451] {logging_mixin.py:104} INFO - [2021-08-08 09:44:09,451] {dag.py:2306} INFO - Setting next_dagrun for example_subdag_operator.section-2 to None
[2021-08-08 09:44:09,458] {logging_mixin.py:104} INFO - [2021-08-08 09:44:09,458] {dag.py:1833} INFO - Sync 2 DAGs
[2021-08-08 09:44:09,464] {logging_mixin.py:104} INFO - [2021-08-08 09:44:09,464] {dag.py:2306} INFO - Setting next_dagrun for example_subdag_operator.section-1 to None
[2021-08-08 09:44:09,464] {logging_mixin.py:104} INFO - [2021-08-08 09:44:09,464] {dag.py:2306} INFO - Setting next_dagrun for example_subdag_operator.section-2 to None
[2021-08-08 09:44:09,470] {scheduler_job.py:189} INFO - Processing /home/airflow/.local/lib/python3.6/site-packages/airflow/example_dags/example_subdag_operator.py took 0.070 seconds
[2021-08-08 09:44:39,494] {scheduler_job.py:181} INFO - Started process (PID=679) to work on /home/airflow/.local/lib/python3.6/site-packages/airflow/example_dags/example_subdag_operator.py
[2021-08-08 09:44:39,495] {scheduler_job.py:632} INFO - Processing file /home/airflow/.local/lib/python3.6/site-packages/airflow/example_dags/example_subdag_operator.py for tasks to queue
[2021-08-08 09:44:39,496] {logging_mixin.py:104} INFO - [2021-08-08 09:44:39,496] {dagbag.py:496} INFO - Filling up the DagBag from /home/airflow/.local/lib/python3.6/site-packages/airflow/example_dags/example_subdag_operator.py
[2021-08-08 09:44:39,518] {scheduler_job.py:642} INFO - DAG(s) dict_keys(['example_subdag_operator.section-1', 'example_subdag_operator.section-2', 'example_subdag_operator']) retrieved from /home/airflow/.local/lib/python3.6/site-packages/airflow/example_dags/example_subdag_operator.py
[2021-08-08 09:44:39,529] {logging_mixin.py:104} INFO - [2021-08-08 09:44:39,529] {dag.py:1833} INFO - Sync 3 DAGs
[2021-08-08 09:44:39,541] {logging_mixin.py:104} INFO - [2021-08-08 09:44:39,540] {dag.py:2306} INFO - Setting next_dagrun for example_subdag_operator to 2021-08-06 00:00:00+00:00
[2021-08-08 09:44:39,541] {logging_mixin.py:104} INFO - [2021-08-08 09:44:39,541] {dag.py:2306} INFO - Setting next_dagrun for example_subdag_operator.section-1 to None
[2021-08-08 09:44:39,542] {logging_mixin.py:104} INFO - [2021-08-08 09:44:39,542] {dag.py:2306} INFO - Setting next_dagrun for example_subdag_operator.section-2 to None
[2021-08-08 09:44:39,549] {logging_mixin.py:104} INFO - [2021-08-08 09:44:39,549] {dag.py:1833} INFO - Sync 2 DAGs
[2021-08-08 09:44:39,556] {logging_mixin.py:104} INFO - [2021-08-08 09:44:39,556] {dag.py:2306} INFO - Setting next_dagrun for example_subdag_operator.section-1 to None
[2021-08-08 09:44:39,557] {logging_mixin.py:104} INFO - [2021-08-08 09:44:39,557] {dag.py:2306} INFO - Setting next_dagrun for example_subdag_operator.section-2 to None
[2021-08-08 09:44:39,562] {scheduler_job.py:189} INFO - Processing /home/airflow/.local/lib/python3.6/site-packages/airflow/example_dags/example_subdag_operator.py took 0.069 seconds
[2021-08-08 09:45:09,719] {scheduler_job.py:181} INFO - Started process (PID=742) to work on /home/airflow/.local/lib/python3.6/site-packages/airflow/example_dags/example_subdag_operator.py
[2021-08-08 09:45:09,720] {scheduler_job.py:632} INFO - Processing file /home/airflow/.local/lib/python3.6/site-packages/airflow/example_dags/example_subdag_operator.py for tasks to queue
[2021-08-08 09:45:09,721] {logging_mixin.py:104} INFO - [2021-08-08 09:45:09,721] {dagbag.py:496} INFO - Filling up the DagBag from /home/airflow/.local/lib/python3.6/site-packages/airflow/example_dags/example_subdag_operator.py
[2021-08-08 09:45:09,741] {scheduler_job.py:642} INFO - DAG(s) dict_keys(['example_subdag_operator.section-1', 'example_subdag_operator.section-2', 'example_subdag_operator']) retrieved from /home/airflow/.local/lib/python3.6/site-packages/airflow/example_dags/example_subdag_operator.py
[2021-08-08 09:45:09,751] {logging_mixin.py:104} INFO - [2021-08-08 09:45:09,751] {dag.py:1833} INFO - Sync 3 DAGs
[2021-08-08 09:45:09,762] {logging_mixin.py:104} INFO - [2021-08-08 09:45:09,762] {dag.py:2306} INFO - Setting next_dagrun for example_subdag_operator to 2021-08-06 00:00:00+00:00
[2021-08-08 09:45:09,763] {logging_mixin.py:104} INFO - [2021-08-08 09:45:09,763] {dag.py:2306} INFO - Setting next_dagrun for example_subdag_operator.section-1 to None
[2021-08-08 09:45:09,763] {logging_mixin.py:104} INFO - [2021-08-08 09:45:09,763] {dag.py:2306} INFO - Setting next_dagrun for example_subdag_operator.section-2 to None
[2021-08-08 09:45:09,770] {logging_mixin.py:104} INFO - [2021-08-08 09:45:09,770] {dag.py:1833} INFO - Sync 2 DAGs
[2021-08-08 09:45:09,777] {logging_mixin.py:104} INFO - [2021-08-08 09:45:09,777] {dag.py:2306} INFO - Setting next_dagrun for example_subdag_operator.section-1 to None
[2021-08-08 09:45:09,777] {logging_mixin.py:104} INFO - [2021-08-08 09:45:09,777] {dag.py:2306} INFO - Setting next_dagrun for example_subdag_operator.section-2 to None
[2021-08-08 09:45:09,782] {scheduler_job.py:189} INFO - Processing /home/airflow/.local/lib/python3.6/site-packages/airflow/example_dags/example_subdag_operator.py took 0.065 seconds
[2021-08-08 09:45:40,111] {scheduler_job.py:181} INFO - Started process (PID=794) to work on /home/airflow/.local/lib/python3.6/site-packages/airflow/example_dags/example_subdag_operator.py
[2021-08-08 09:45:40,112] {scheduler_job.py:632} INFO - Processing file /home/airflow/.local/lib/python3.6/site-packages/airflow/example_dags/example_subdag_operator.py for tasks to queue
[2021-08-08 09:45:40,113] {logging_mixin.py:104} INFO - [2021-08-08 09:45:40,113] {dagbag.py:496} INFO - Filling up the DagBag from /home/airflow/.local/lib/python3.6/site-packages/airflow/example_dags/example_subdag_operator.py
[2021-08-08 09:45:40,142] {scheduler_job.py:642} INFO - DAG(s) dict_keys(['example_subdag_operator.section-1', 'example_subdag_operator.section-2', 'example_subdag_operator']) retrieved from /home/airflow/.local/lib/python3.6/site-packages/airflow/example_dags/example_subdag_operator.py
[2021-08-08 09:45:40,154] {logging_mixin.py:104} INFO - [2021-08-08 09:45:40,154] {dag.py:1833} INFO - Sync 3 DAGs
[2021-08-08 09:45:40,169] {logging_mixin.py:104} INFO - [2021-08-08 09:45:40,169] {dag.py:2306} INFO - Setting next_dagrun for example_subdag_operator to 2021-08-06 00:00:00+00:00
[2021-08-08 09:45:40,170] {logging_mixin.py:104} INFO - [2021-08-08 09:45:40,170] {dag.py:2306} INFO - Setting next_dagrun for example_subdag_operator.section-1 to None
[2021-08-08 09:45:40,171] {logging_mixin.py:104} INFO - [2021-08-08 09:45:40,171] {dag.py:2306} INFO - Setting next_dagrun for example_subdag_operator.section-2 to None
[2021-08-08 09:45:40,179] {logging_mixin.py:104} INFO - [2021-08-08 09:45:40,179] {dag.py:1833} INFO - Sync 2 DAGs
[2021-08-08 09:45:40,189] {logging_mixin.py:104} INFO - [2021-08-08 09:45:40,189] {dag.py:2306} INFO - Setting next_dagrun for example_subdag_operator.section-1 to None
[2021-08-08 09:45:40,190] {logging_mixin.py:104} INFO - [2021-08-08 09:45:40,190] {dag.py:2306} INFO - Setting next_dagrun for example_subdag_operator.section-2 to None
[2021-08-08 09:45:40,197] {scheduler_job.py:189} INFO - Processing /home/airflow/.local/lib/python3.6/site-packages/airflow/example_dags/example_subdag_operator.py took 0.087 seconds
[2021-08-08 09:46:10,296] {scheduler_job.py:181} INFO - Started process (PID=855) to work on /home/airflow/.local/lib/python3.6/site-packages/airflow/example_dags/example_subdag_operator.py
[2021-08-08 09:46:10,297] {scheduler_job.py:632} INFO - Processing file /home/airflow/.local/lib/python3.6/site-packages/airflow/example_dags/example_subdag_operator.py for tasks to queue
[2021-08-08 09:46:10,297] {logging_mixin.py:104} INFO - [2021-08-08 09:46:10,297] {dagbag.py:496} INFO - Filling up the DagBag from /home/airflow/.local/lib/python3.6/site-packages/airflow/example_dags/example_subdag_operator.py
[2021-08-08 09:46:10,320] {scheduler_job.py:642} INFO - DAG(s) dict_keys(['example_subdag_operator.section-1', 'example_subdag_operator.section-2', 'example_subdag_operator']) retrieved from /home/airflow/.local/lib/python3.6/site-packages/airflow/example_dags/example_subdag_operator.py
[2021-08-08 09:46:10,331] {logging_mixin.py:104} INFO - [2021-08-08 09:46:10,331] {dag.py:1833} INFO - Sync 3 DAGs
[2021-08-08 09:46:10,343] {logging_mixin.py:104} INFO - [2021-08-08 09:46:10,343] {dag.py:2306} INFO - Setting next_dagrun for example_subdag_operator to 2021-08-06 00:00:00+00:00
[2021-08-08 09:46:10,344] {logging_mixin.py:104} INFO - [2021-08-08 09:46:10,344] {dag.py:2306} INFO - Setting next_dagrun for example_subdag_operator.section-1 to None
[2021-08-08 09:46:10,345] {logging_mixin.py:104} INFO - [2021-08-08 09:46:10,345] {dag.py:2306} INFO - Setting next_dagrun for example_subdag_operator.section-2 to None
[2021-08-08 09:46:10,355] {logging_mixin.py:104} INFO - [2021-08-08 09:46:10,355] {dag.py:1833} INFO - Sync 2 DAGs
[2021-08-08 09:46:10,361] {logging_mixin.py:104} INFO - [2021-08-08 09:46:10,361] {dag.py:2306} INFO - Setting next_dagrun for example_subdag_operator.section-1 to None
[2021-08-08 09:46:10,361] {logging_mixin.py:104} INFO - [2021-08-08 09:46:10,361] {dag.py:2306} INFO - Setting next_dagrun for example_subdag_operator.section-2 to None
[2021-08-08 09:46:10,367] {scheduler_job.py:189} INFO - Processing /home/airflow/.local/lib/python3.6/site-packages/airflow/example_dags/example_subdag_operator.py took 0.073 seconds
[2021-08-08 09:46:40,694] {scheduler_job.py:181} INFO - Started process (PID=920) to work on /home/airflow/.local/lib/python3.6/site-packages/airflow/example_dags/example_subdag_operator.py
[2021-08-08 09:46:40,695] {scheduler_job.py:632} INFO - Processing file /home/airflow/.local/lib/python3.6/site-packages/airflow/example_dags/example_subdag_operator.py for tasks to queue
[2021-08-08 09:46:40,695] {logging_mixin.py:104} INFO - [2021-08-08 09:46:40,695] {dagbag.py:496} INFO - Filling up the DagBag from /home/airflow/.local/lib/python3.6/site-packages/airflow/example_dags/example_subdag_operator.py
[2021-08-08 09:46:40,716] {scheduler_job.py:642} INFO - DAG(s) dict_keys(['example_subdag_operator.section-1', 'example_subdag_operator.section-2', 'example_subdag_operator']) retrieved from /home/airflow/.local/lib/python3.6/site-packages/airflow/example_dags/example_subdag_operator.py
[2021-08-08 09:46:40,726] {logging_mixin.py:104} INFO - [2021-08-08 09:46:40,726] {dag.py:1833} INFO - Sync 3 DAGs
[2021-08-08 09:46:40,737] {logging_mixin.py:104} INFO - [2021-08-08 09:46:40,737] {dag.py:2306} INFO - Setting next_dagrun for example_subdag_operator to 2021-08-06 00:00:00+00:00
[2021-08-08 09:46:40,738] {logging_mixin.py:104} INFO - [2021-08-08 09:46:40,738] {dag.py:2306} INFO - Setting next_dagrun for example_subdag_operator.section-1 to None
[2021-08-08 09:46:40,738] {logging_mixin.py:104} INFO - [2021-08-08 09:46:40,738] {dag.py:2306} INFO - Setting next_dagrun for example_subdag_operator.section-2 to None
[2021-08-08 09:46:40,747] {logging_mixin.py:104} INFO - [2021-08-08 09:46:40,747] {dag.py:1833} INFO - Sync 2 DAGs
[2021-08-08 09:46:40,754] {logging_mixin.py:104} INFO - [2021-08-08 09:46:40,753] {dag.py:2306} INFO - Setting next_dagrun for example_subdag_operator.section-1 to None
[2021-08-08 09:46:40,754] {logging_mixin.py:104} INFO - [2021-08-08 09:46:40,754] {dag.py:2306} INFO - Setting next_dagrun for example_subdag_operator.section-2 to None
[2021-08-08 09:46:40,759] {scheduler_job.py:189} INFO - Processing /home/airflow/.local/lib/python3.6/site-packages/airflow/example_dags/example_subdag_operator.py took 0.067 seconds
[2021-08-08 09:47:38,447] {scheduler_job.py:181} INFO - Started process (PID=51) to work on /home/airflow/.local/lib/python3.6/site-packages/airflow/example_dags/example_subdag_operator.py
[2021-08-08 09:47:38,448] {scheduler_job.py:632} INFO - Processing file /home/airflow/.local/lib/python3.6/site-packages/airflow/example_dags/example_subdag_operator.py for tasks to queue
[2021-08-08 09:47:38,449] {logging_mixin.py:104} INFO - [2021-08-08 09:47:38,449] {dagbag.py:496} INFO - Filling up the DagBag from /home/airflow/.local/lib/python3.6/site-packages/airflow/example_dags/example_subdag_operator.py
[2021-08-08 09:47:38,479] {scheduler_job.py:642} INFO - DAG(s) dict_keys(['example_subdag_operator.section-1', 'example_subdag_operator.section-2', 'example_subdag_operator']) retrieved from /home/airflow/.local/lib/python3.6/site-packages/airflow/example_dags/example_subdag_operator.py
[2021-08-08 09:47:38,492] {logging_mixin.py:104} INFO - [2021-08-08 09:47:38,492] {dag.py:1833} INFO - Sync 3 DAGs
[2021-08-08 09:47:38,506] {logging_mixin.py:104} INFO - [2021-08-08 09:47:38,506] {dag.py:2306} INFO - Setting next_dagrun for example_subdag_operator to 2021-08-06 00:00:00+00:00
[2021-08-08 09:47:38,507] {logging_mixin.py:104} INFO - [2021-08-08 09:47:38,507] {dag.py:2306} INFO - Setting next_dagrun for example_subdag_operator.section-1 to None
[2021-08-08 09:47:38,508] {logging_mixin.py:104} INFO - [2021-08-08 09:47:38,508] {dag.py:2306} INFO - Setting next_dagrun for example_subdag_operator.section-2 to None
[2021-08-08 09:47:38,516] {logging_mixin.py:104} INFO - [2021-08-08 09:47:38,516] {dag.py:1833} INFO - Sync 2 DAGs
[2021-08-08 09:47:38,524] {logging_mixin.py:104} INFO - [2021-08-08 09:47:38,524] {dag.py:2306} INFO - Setting next_dagrun for example_subdag_operator.section-1 to None
[2021-08-08 09:47:38,525] {logging_mixin.py:104} INFO - [2021-08-08 09:47:38,525] {dag.py:2306} INFO - Setting next_dagrun for example_subdag_operator.section-2 to None
[2021-08-08 09:47:38,531] {scheduler_job.py:189} INFO - Processing /home/airflow/.local/lib/python3.6/site-packages/airflow/example_dags/example_subdag_operator.py took 0.087 seconds
