[2021-08-08 09:43:16,608] {scheduler_job.py:181} INFO - Started process (PID=172) to work on /home/airflow/.local/lib/python3.6/site-packages/airflow/example_dags/example_kubernetes_executor_config.py
[2021-08-08 09:43:16,609] {scheduler_job.py:632} INFO - Processing file /home/airflow/.local/lib/python3.6/site-packages/airflow/example_dags/example_kubernetes_executor_config.py for tasks to queue
[2021-08-08 09:43:16,611] {logging_mixin.py:104} INFO - [2021-08-08 09:43:16,610] {dagbag.py:496} INFO - Filling up the DagBag from /home/airflow/.local/lib/python3.6/site-packages/airflow/example_dags/example_kubernetes_executor_config.py
[2021-08-08 09:43:16,623] {scheduler_job.py:642} INFO - DAG(s) dict_keys(['example_kubernetes_executor_config']) retrieved from /home/airflow/.local/lib/python3.6/site-packages/airflow/example_dags/example_kubernetes_executor_config.py
[2021-08-08 09:43:18,841] {logging_mixin.py:104} INFO - [2021-08-08 09:43:18,840] {dag.py:1833} INFO - Sync 1 DAGs
[2021-08-08 09:43:18,853] {logging_mixin.py:104} INFO - [2021-08-08 09:43:18,852] {dag.py:1852} INFO - Creating ORM DAG for example_kubernetes_executor_config
[2021-08-08 09:43:18,858] {logging_mixin.py:104} INFO - [2021-08-08 09:43:18,858] {dag.py:2306} INFO - Setting next_dagrun for example_kubernetes_executor_config to None
[2021-08-08 09:43:18,868] {scheduler_job.py:189} INFO - Processing /home/airflow/.local/lib/python3.6/site-packages/airflow/example_dags/example_kubernetes_executor_config.py took 2.262 seconds
[2021-08-08 09:43:49,797] {scheduler_job.py:181} INFO - Started process (PID=585) to work on /home/airflow/.local/lib/python3.6/site-packages/airflow/example_dags/example_kubernetes_executor_config.py
[2021-08-08 09:43:49,798] {scheduler_job.py:632} INFO - Processing file /home/airflow/.local/lib/python3.6/site-packages/airflow/example_dags/example_kubernetes_executor_config.py for tasks to queue
[2021-08-08 09:43:49,799] {logging_mixin.py:104} INFO - [2021-08-08 09:43:49,799] {dagbag.py:496} INFO - Filling up the DagBag from /home/airflow/.local/lib/python3.6/site-packages/airflow/example_dags/example_kubernetes_executor_config.py
[2021-08-08 09:43:49,808] {scheduler_job.py:642} INFO - DAG(s) dict_keys(['example_kubernetes_executor_config']) retrieved from /home/airflow/.local/lib/python3.6/site-packages/airflow/example_dags/example_kubernetes_executor_config.py
[2021-08-08 09:43:49,824] {logging_mixin.py:104} INFO - [2021-08-08 09:43:49,824] {dag.py:1833} INFO - Sync 1 DAGs
[2021-08-08 09:43:49,835] {logging_mixin.py:104} INFO - [2021-08-08 09:43:49,835] {dag.py:2306} INFO - Setting next_dagrun for example_kubernetes_executor_config to None
[2021-08-08 09:43:49,843] {scheduler_job.py:189} INFO - Processing /home/airflow/.local/lib/python3.6/site-packages/airflow/example_dags/example_kubernetes_executor_config.py took 0.048 seconds
[2021-08-08 09:44:19,935] {scheduler_job.py:181} INFO - Started process (PID=649) to work on /home/airflow/.local/lib/python3.6/site-packages/airflow/example_dags/example_kubernetes_executor_config.py
[2021-08-08 09:44:19,936] {scheduler_job.py:632} INFO - Processing file /home/airflow/.local/lib/python3.6/site-packages/airflow/example_dags/example_kubernetes_executor_config.py for tasks to queue
[2021-08-08 09:44:19,937] {logging_mixin.py:104} INFO - [2021-08-08 09:44:19,937] {dagbag.py:496} INFO - Filling up the DagBag from /home/airflow/.local/lib/python3.6/site-packages/airflow/example_dags/example_kubernetes_executor_config.py
[2021-08-08 09:44:19,946] {scheduler_job.py:642} INFO - DAG(s) dict_keys(['example_kubernetes_executor_config']) retrieved from /home/airflow/.local/lib/python3.6/site-packages/airflow/example_dags/example_kubernetes_executor_config.py
[2021-08-08 09:44:19,967] {logging_mixin.py:104} INFO - [2021-08-08 09:44:19,967] {dag.py:1833} INFO - Sync 1 DAGs
[2021-08-08 09:44:19,981] {logging_mixin.py:104} INFO - [2021-08-08 09:44:19,981] {dag.py:2306} INFO - Setting next_dagrun for example_kubernetes_executor_config to None
[2021-08-08 09:44:19,991] {scheduler_job.py:189} INFO - Processing /home/airflow/.local/lib/python3.6/site-packages/airflow/example_dags/example_kubernetes_executor_config.py took 0.057 seconds
[2021-08-08 09:44:50,249] {scheduler_job.py:181} INFO - Started process (PID=702) to work on /home/airflow/.local/lib/python3.6/site-packages/airflow/example_dags/example_kubernetes_executor_config.py
[2021-08-08 09:44:50,250] {scheduler_job.py:632} INFO - Processing file /home/airflow/.local/lib/python3.6/site-packages/airflow/example_dags/example_kubernetes_executor_config.py for tasks to queue
[2021-08-08 09:44:50,250] {logging_mixin.py:104} INFO - [2021-08-08 09:44:50,250] {dagbag.py:496} INFO - Filling up the DagBag from /home/airflow/.local/lib/python3.6/site-packages/airflow/example_dags/example_kubernetes_executor_config.py
[2021-08-08 09:44:50,260] {scheduler_job.py:642} INFO - DAG(s) dict_keys(['example_kubernetes_executor_config']) retrieved from /home/airflow/.local/lib/python3.6/site-packages/airflow/example_dags/example_kubernetes_executor_config.py
[2021-08-08 09:44:50,278] {logging_mixin.py:104} INFO - [2021-08-08 09:44:50,278] {dag.py:1833} INFO - Sync 1 DAGs
[2021-08-08 09:44:50,292] {logging_mixin.py:104} INFO - [2021-08-08 09:44:50,292] {dag.py:2306} INFO - Setting next_dagrun for example_kubernetes_executor_config to None
[2021-08-08 09:44:50,300] {scheduler_job.py:189} INFO - Processing /home/airflow/.local/lib/python3.6/site-packages/airflow/example_dags/example_kubernetes_executor_config.py took 0.053 seconds
[2021-08-08 09:45:20,603] {scheduler_job.py:181} INFO - Started process (PID=765) to work on /home/airflow/.local/lib/python3.6/site-packages/airflow/example_dags/example_kubernetes_executor_config.py
[2021-08-08 09:45:20,604] {scheduler_job.py:632} INFO - Processing file /home/airflow/.local/lib/python3.6/site-packages/airflow/example_dags/example_kubernetes_executor_config.py for tasks to queue
[2021-08-08 09:45:20,605] {logging_mixin.py:104} INFO - [2021-08-08 09:45:20,605] {dagbag.py:496} INFO - Filling up the DagBag from /home/airflow/.local/lib/python3.6/site-packages/airflow/example_dags/example_kubernetes_executor_config.py
[2021-08-08 09:45:20,614] {scheduler_job.py:642} INFO - DAG(s) dict_keys(['example_kubernetes_executor_config']) retrieved from /home/airflow/.local/lib/python3.6/site-packages/airflow/example_dags/example_kubernetes_executor_config.py
[2021-08-08 09:45:20,630] {logging_mixin.py:104} INFO - [2021-08-08 09:45:20,630] {dag.py:1833} INFO - Sync 1 DAGs
[2021-08-08 09:45:20,642] {logging_mixin.py:104} INFO - [2021-08-08 09:45:20,642] {dag.py:2306} INFO - Setting next_dagrun for example_kubernetes_executor_config to None
[2021-08-08 09:45:20,655] {scheduler_job.py:189} INFO - Processing /home/airflow/.local/lib/python3.6/site-packages/airflow/example_dags/example_kubernetes_executor_config.py took 0.053 seconds
[2021-08-08 09:45:51,452] {scheduler_job.py:181} INFO - Started process (PID=816) to work on /home/airflow/.local/lib/python3.6/site-packages/airflow/example_dags/example_kubernetes_executor_config.py
[2021-08-08 09:45:51,453] {scheduler_job.py:632} INFO - Processing file /home/airflow/.local/lib/python3.6/site-packages/airflow/example_dags/example_kubernetes_executor_config.py for tasks to queue
[2021-08-08 09:45:51,453] {logging_mixin.py:104} INFO - [2021-08-08 09:45:51,453] {dagbag.py:496} INFO - Filling up the DagBag from /home/airflow/.local/lib/python3.6/site-packages/airflow/example_dags/example_kubernetes_executor_config.py
[2021-08-08 09:45:51,463] {scheduler_job.py:642} INFO - DAG(s) dict_keys(['example_kubernetes_executor_config']) retrieved from /home/airflow/.local/lib/python3.6/site-packages/airflow/example_dags/example_kubernetes_executor_config.py
[2021-08-08 09:45:51,481] {logging_mixin.py:104} INFO - [2021-08-08 09:45:51,481] {dag.py:1833} INFO - Sync 1 DAGs
[2021-08-08 09:45:51,495] {logging_mixin.py:104} INFO - [2021-08-08 09:45:51,495] {dag.py:2306} INFO - Setting next_dagrun for example_kubernetes_executor_config to None
[2021-08-08 09:45:51,509] {scheduler_job.py:189} INFO - Processing /home/airflow/.local/lib/python3.6/site-packages/airflow/example_dags/example_kubernetes_executor_config.py took 0.058 seconds
[2021-08-08 09:46:21,875] {scheduler_job.py:181} INFO - Started process (PID=877) to work on /home/airflow/.local/lib/python3.6/site-packages/airflow/example_dags/example_kubernetes_executor_config.py
[2021-08-08 09:46:21,876] {scheduler_job.py:632} INFO - Processing file /home/airflow/.local/lib/python3.6/site-packages/airflow/example_dags/example_kubernetes_executor_config.py for tasks to queue
[2021-08-08 09:46:21,877] {logging_mixin.py:104} INFO - [2021-08-08 09:46:21,877] {dagbag.py:496} INFO - Filling up the DagBag from /home/airflow/.local/lib/python3.6/site-packages/airflow/example_dags/example_kubernetes_executor_config.py
[2021-08-08 09:46:21,887] {scheduler_job.py:642} INFO - DAG(s) dict_keys(['example_kubernetes_executor_config']) retrieved from /home/airflow/.local/lib/python3.6/site-packages/airflow/example_dags/example_kubernetes_executor_config.py
[2021-08-08 09:46:21,904] {logging_mixin.py:104} INFO - [2021-08-08 09:46:21,904] {dag.py:1833} INFO - Sync 1 DAGs
[2021-08-08 09:46:21,917] {logging_mixin.py:104} INFO - [2021-08-08 09:46:21,917] {dag.py:2306} INFO - Setting next_dagrun for example_kubernetes_executor_config to None
[2021-08-08 09:46:21,925] {scheduler_job.py:189} INFO - Processing /home/airflow/.local/lib/python3.6/site-packages/airflow/example_dags/example_kubernetes_executor_config.py took 0.051 seconds
[2021-08-08 09:46:52,241] {scheduler_job.py:181} INFO - Started process (PID=943) to work on /home/airflow/.local/lib/python3.6/site-packages/airflow/example_dags/example_kubernetes_executor_config.py
[2021-08-08 09:46:52,242] {scheduler_job.py:632} INFO - Processing file /home/airflow/.local/lib/python3.6/site-packages/airflow/example_dags/example_kubernetes_executor_config.py for tasks to queue
[2021-08-08 09:46:52,243] {logging_mixin.py:104} INFO - [2021-08-08 09:46:52,243] {dagbag.py:496} INFO - Filling up the DagBag from /home/airflow/.local/lib/python3.6/site-packages/airflow/example_dags/example_kubernetes_executor_config.py
[2021-08-08 09:46:52,252] {scheduler_job.py:642} INFO - DAG(s) dict_keys(['example_kubernetes_executor_config']) retrieved from /home/airflow/.local/lib/python3.6/site-packages/airflow/example_dags/example_kubernetes_executor_config.py
[2021-08-08 09:46:52,270] {logging_mixin.py:104} INFO - [2021-08-08 09:46:52,270] {dag.py:1833} INFO - Sync 1 DAGs
[2021-08-08 09:46:52,285] {logging_mixin.py:104} INFO - [2021-08-08 09:46:52,285] {dag.py:2306} INFO - Setting next_dagrun for example_kubernetes_executor_config to None
[2021-08-08 09:46:52,293] {scheduler_job.py:189} INFO - Processing /home/airflow/.local/lib/python3.6/site-packages/airflow/example_dags/example_kubernetes_executor_config.py took 0.053 seconds
[2021-08-08 09:47:37,347] {scheduler_job.py:181} INFO - Started process (PID=32) to work on /home/airflow/.local/lib/python3.6/site-packages/airflow/example_dags/example_kubernetes_executor_config.py
[2021-08-08 09:47:37,348] {scheduler_job.py:632} INFO - Processing file /home/airflow/.local/lib/python3.6/site-packages/airflow/example_dags/example_kubernetes_executor_config.py for tasks to queue
[2021-08-08 09:47:37,349] {logging_mixin.py:104} INFO - [2021-08-08 09:47:37,349] {dagbag.py:496} INFO - Filling up the DagBag from /home/airflow/.local/lib/python3.6/site-packages/airflow/example_dags/example_kubernetes_executor_config.py
[2021-08-08 09:47:37,361] {scheduler_job.py:642} INFO - DAG(s) dict_keys(['example_kubernetes_executor_config']) retrieved from /home/airflow/.local/lib/python3.6/site-packages/airflow/example_dags/example_kubernetes_executor_config.py
[2021-08-08 09:47:37,386] {logging_mixin.py:104} INFO - [2021-08-08 09:47:37,385] {dag.py:1833} INFO - Sync 1 DAGs
[2021-08-08 09:47:37,400] {logging_mixin.py:104} INFO - [2021-08-08 09:47:37,400] {dag.py:2306} INFO - Setting next_dagrun for example_kubernetes_executor_config to None
[2021-08-08 09:47:37,410] {scheduler_job.py:189} INFO - Processing /home/airflow/.local/lib/python3.6/site-packages/airflow/example_dags/example_kubernetes_executor_config.py took 0.066 seconds
