[2021-08-08 09:43:27,637] {scheduler_job.py:181} INFO - Started process (PID=353) to work on /home/airflow/.local/lib/python3.6/site-packages/airflow/example_dags/example_nested_branch_dag.py
[2021-08-08 09:43:27,638] {scheduler_job.py:632} INFO - Processing file /home/airflow/.local/lib/python3.6/site-packages/airflow/example_dags/example_nested_branch_dag.py for tasks to queue
[2021-08-08 09:43:27,639] {logging_mixin.py:104} INFO - [2021-08-08 09:43:27,639] {dagbag.py:496} INFO - Filling up the DagBag from /home/airflow/.local/lib/python3.6/site-packages/airflow/example_dags/example_nested_branch_dag.py
[2021-08-08 09:43:27,650] {scheduler_job.py:642} INFO - DAG(s) dict_keys(['example_nested_branch_dag']) retrieved from /home/airflow/.local/lib/python3.6/site-packages/airflow/example_dags/example_nested_branch_dag.py
[2021-08-08 09:43:29,613] {logging_mixin.py:104} INFO - [2021-08-08 09:43:29,612] {dag.py:1833} INFO - Sync 1 DAGs
[2021-08-08 09:43:29,622] {logging_mixin.py:104} INFO - [2021-08-08 09:43:29,621] {dag.py:1852} INFO - Creating ORM DAG for example_nested_branch_dag
[2021-08-08 09:43:29,629] {logging_mixin.py:104} INFO - [2021-08-08 09:43:29,629] {dag.py:2306} INFO - Setting next_dagrun for example_nested_branch_dag to 2021-08-06 00:00:00+00:00
[2021-08-08 09:43:29,640] {scheduler_job.py:189} INFO - Processing /home/airflow/.local/lib/python3.6/site-packages/airflow/example_dags/example_nested_branch_dag.py took 2.004 seconds
[2021-08-08 09:44:00,090] {scheduler_job.py:181} INFO - Started process (PID=607) to work on /home/airflow/.local/lib/python3.6/site-packages/airflow/example_dags/example_nested_branch_dag.py
[2021-08-08 09:44:00,091] {scheduler_job.py:632} INFO - Processing file /home/airflow/.local/lib/python3.6/site-packages/airflow/example_dags/example_nested_branch_dag.py for tasks to queue
[2021-08-08 09:44:00,092] {logging_mixin.py:104} INFO - [2021-08-08 09:44:00,092] {dagbag.py:496} INFO - Filling up the DagBag from /home/airflow/.local/lib/python3.6/site-packages/airflow/example_dags/example_nested_branch_dag.py
[2021-08-08 09:44:00,103] {scheduler_job.py:642} INFO - DAG(s) dict_keys(['example_nested_branch_dag']) retrieved from /home/airflow/.local/lib/python3.6/site-packages/airflow/example_dags/example_nested_branch_dag.py
[2021-08-08 09:44:00,121] {logging_mixin.py:104} INFO - [2021-08-08 09:44:00,121] {dag.py:1833} INFO - Sync 1 DAGs
[2021-08-08 09:44:00,137] {logging_mixin.py:104} INFO - [2021-08-08 09:44:00,137] {dag.py:2306} INFO - Setting next_dagrun for example_nested_branch_dag to 2021-08-06 00:00:00+00:00
[2021-08-08 09:44:00,145] {scheduler_job.py:189} INFO - Processing /home/airflow/.local/lib/python3.6/site-packages/airflow/example_dags/example_nested_branch_dag.py took 0.057 seconds
[2021-08-08 09:44:30,242] {scheduler_job.py:181} INFO - Started process (PID=660) to work on /home/airflow/.local/lib/python3.6/site-packages/airflow/example_dags/example_nested_branch_dag.py
[2021-08-08 09:44:30,243] {scheduler_job.py:632} INFO - Processing file /home/airflow/.local/lib/python3.6/site-packages/airflow/example_dags/example_nested_branch_dag.py for tasks to queue
[2021-08-08 09:44:30,243] {logging_mixin.py:104} INFO - [2021-08-08 09:44:30,243] {dagbag.py:496} INFO - Filling up the DagBag from /home/airflow/.local/lib/python3.6/site-packages/airflow/example_dags/example_nested_branch_dag.py
[2021-08-08 09:44:30,254] {scheduler_job.py:642} INFO - DAG(s) dict_keys(['example_nested_branch_dag']) retrieved from /home/airflow/.local/lib/python3.6/site-packages/airflow/example_dags/example_nested_branch_dag.py
[2021-08-08 09:44:30,271] {logging_mixin.py:104} INFO - [2021-08-08 09:44:30,271] {dag.py:1833} INFO - Sync 1 DAGs
[2021-08-08 09:44:30,287] {logging_mixin.py:104} INFO - [2021-08-08 09:44:30,286] {dag.py:2306} INFO - Setting next_dagrun for example_nested_branch_dag to 2021-08-06 00:00:00+00:00
[2021-08-08 09:44:30,296] {scheduler_job.py:189} INFO - Processing /home/airflow/.local/lib/python3.6/site-packages/airflow/example_dags/example_nested_branch_dag.py took 0.056 seconds
[2021-08-08 09:45:00,476] {scheduler_job.py:181} INFO - Started process (PID=724) to work on /home/airflow/.local/lib/python3.6/site-packages/airflow/example_dags/example_nested_branch_dag.py
[2021-08-08 09:45:00,477] {scheduler_job.py:632} INFO - Processing file /home/airflow/.local/lib/python3.6/site-packages/airflow/example_dags/example_nested_branch_dag.py for tasks to queue
[2021-08-08 09:45:00,478] {logging_mixin.py:104} INFO - [2021-08-08 09:45:00,478] {dagbag.py:496} INFO - Filling up the DagBag from /home/airflow/.local/lib/python3.6/site-packages/airflow/example_dags/example_nested_branch_dag.py
[2021-08-08 09:45:00,491] {scheduler_job.py:642} INFO - DAG(s) dict_keys(['example_nested_branch_dag']) retrieved from /home/airflow/.local/lib/python3.6/site-packages/airflow/example_dags/example_nested_branch_dag.py
[2021-08-08 09:45:00,510] {logging_mixin.py:104} INFO - [2021-08-08 09:45:00,509] {dag.py:1833} INFO - Sync 1 DAGs
[2021-08-08 09:45:00,526] {logging_mixin.py:104} INFO - [2021-08-08 09:45:00,526] {dag.py:2306} INFO - Setting next_dagrun for example_nested_branch_dag to 2021-08-06 00:00:00+00:00
[2021-08-08 09:45:00,536] {scheduler_job.py:189} INFO - Processing /home/airflow/.local/lib/python3.6/site-packages/airflow/example_dags/example_nested_branch_dag.py took 0.062 seconds
[2021-08-08 09:45:30,830] {scheduler_job.py:181} INFO - Started process (PID=786) to work on /home/airflow/.local/lib/python3.6/site-packages/airflow/example_dags/example_nested_branch_dag.py
[2021-08-08 09:45:30,832] {scheduler_job.py:632} INFO - Processing file /home/airflow/.local/lib/python3.6/site-packages/airflow/example_dags/example_nested_branch_dag.py for tasks to queue
[2021-08-08 09:45:30,832] {logging_mixin.py:104} INFO - [2021-08-08 09:45:30,832] {dagbag.py:496} INFO - Filling up the DagBag from /home/airflow/.local/lib/python3.6/site-packages/airflow/example_dags/example_nested_branch_dag.py
[2021-08-08 09:45:30,844] {scheduler_job.py:642} INFO - DAG(s) dict_keys(['example_nested_branch_dag']) retrieved from /home/airflow/.local/lib/python3.6/site-packages/airflow/example_dags/example_nested_branch_dag.py
[2021-08-08 09:45:30,863] {logging_mixin.py:104} INFO - [2021-08-08 09:45:30,863] {dag.py:1833} INFO - Sync 1 DAGs
[2021-08-08 09:45:30,880] {logging_mixin.py:104} INFO - [2021-08-08 09:45:30,880] {dag.py:2306} INFO - Setting next_dagrun for example_nested_branch_dag to 2021-08-06 00:00:00+00:00
[2021-08-08 09:45:30,893] {scheduler_job.py:189} INFO - Processing /home/airflow/.local/lib/python3.6/site-packages/airflow/example_dags/example_nested_branch_dag.py took 0.065 seconds
[2021-08-08 09:46:00,940] {scheduler_job.py:181} INFO - Started process (PID=837) to work on /home/airflow/.local/lib/python3.6/site-packages/airflow/example_dags/example_nested_branch_dag.py
[2021-08-08 09:46:00,942] {scheduler_job.py:632} INFO - Processing file /home/airflow/.local/lib/python3.6/site-packages/airflow/example_dags/example_nested_branch_dag.py for tasks to queue
[2021-08-08 09:46:00,942] {logging_mixin.py:104} INFO - [2021-08-08 09:46:00,942] {dagbag.py:496} INFO - Filling up the DagBag from /home/airflow/.local/lib/python3.6/site-packages/airflow/example_dags/example_nested_branch_dag.py
[2021-08-08 09:46:00,954] {scheduler_job.py:642} INFO - DAG(s) dict_keys(['example_nested_branch_dag']) retrieved from /home/airflow/.local/lib/python3.6/site-packages/airflow/example_dags/example_nested_branch_dag.py
[2021-08-08 09:46:00,974] {logging_mixin.py:104} INFO - [2021-08-08 09:46:00,974] {dag.py:1833} INFO - Sync 1 DAGs
[2021-08-08 09:46:00,991] {logging_mixin.py:104} INFO - [2021-08-08 09:46:00,991] {dag.py:2306} INFO - Setting next_dagrun for example_nested_branch_dag to 2021-08-06 00:00:00+00:00
[2021-08-08 09:46:01,003] {scheduler_job.py:189} INFO - Processing /home/airflow/.local/lib/python3.6/site-packages/airflow/example_dags/example_nested_branch_dag.py took 0.065 seconds
[2021-08-08 09:46:31,318] {scheduler_job.py:181} INFO - Started process (PID=902) to work on /home/airflow/.local/lib/python3.6/site-packages/airflow/example_dags/example_nested_branch_dag.py
[2021-08-08 09:46:31,319] {scheduler_job.py:632} INFO - Processing file /home/airflow/.local/lib/python3.6/site-packages/airflow/example_dags/example_nested_branch_dag.py for tasks to queue
[2021-08-08 09:46:31,320] {logging_mixin.py:104} INFO - [2021-08-08 09:46:31,320] {dagbag.py:496} INFO - Filling up the DagBag from /home/airflow/.local/lib/python3.6/site-packages/airflow/example_dags/example_nested_branch_dag.py
[2021-08-08 09:46:31,332] {scheduler_job.py:642} INFO - DAG(s) dict_keys(['example_nested_branch_dag']) retrieved from /home/airflow/.local/lib/python3.6/site-packages/airflow/example_dags/example_nested_branch_dag.py
[2021-08-08 09:46:31,355] {logging_mixin.py:104} INFO - [2021-08-08 09:46:31,355] {dag.py:1833} INFO - Sync 1 DAGs
[2021-08-08 09:46:31,377] {logging_mixin.py:104} INFO - [2021-08-08 09:46:31,377] {dag.py:2306} INFO - Setting next_dagrun for example_nested_branch_dag to 2021-08-06 00:00:00+00:00
[2021-08-08 09:46:31,386] {scheduler_job.py:189} INFO - Processing /home/airflow/.local/lib/python3.6/site-packages/airflow/example_dags/example_nested_branch_dag.py took 0.071 seconds
[2021-08-08 09:47:01,609] {scheduler_job.py:181} INFO - Started process (PID=963) to work on /home/airflow/.local/lib/python3.6/site-packages/airflow/example_dags/example_nested_branch_dag.py
[2021-08-08 09:47:01,610] {scheduler_job.py:632} INFO - Processing file /home/airflow/.local/lib/python3.6/site-packages/airflow/example_dags/example_nested_branch_dag.py for tasks to queue
[2021-08-08 09:47:01,611] {logging_mixin.py:104} INFO - [2021-08-08 09:47:01,611] {dagbag.py:496} INFO - Filling up the DagBag from /home/airflow/.local/lib/python3.6/site-packages/airflow/example_dags/example_nested_branch_dag.py
[2021-08-08 09:47:01,621] {scheduler_job.py:642} INFO - DAG(s) dict_keys(['example_nested_branch_dag']) retrieved from /home/airflow/.local/lib/python3.6/site-packages/airflow/example_dags/example_nested_branch_dag.py
[2021-08-08 09:47:01,637] {logging_mixin.py:104} INFO - [2021-08-08 09:47:01,636] {dag.py:1833} INFO - Sync 1 DAGs
[2021-08-08 09:47:01,653] {logging_mixin.py:104} INFO - [2021-08-08 09:47:01,653] {dag.py:2306} INFO - Setting next_dagrun for example_nested_branch_dag to 2021-08-06 00:00:00+00:00
[2021-08-08 09:47:01,660] {scheduler_job.py:189} INFO - Processing /home/airflow/.local/lib/python3.6/site-packages/airflow/example_dags/example_nested_branch_dag.py took 0.053 seconds
[2021-08-08 09:47:37,967] {scheduler_job.py:181} INFO - Started process (PID=43) to work on /home/airflow/.local/lib/python3.6/site-packages/airflow/example_dags/example_nested_branch_dag.py
[2021-08-08 09:47:37,968] {scheduler_job.py:632} INFO - Processing file /home/airflow/.local/lib/python3.6/site-packages/airflow/example_dags/example_nested_branch_dag.py for tasks to queue
[2021-08-08 09:47:37,969] {logging_mixin.py:104} INFO - [2021-08-08 09:47:37,969] {dagbag.py:496} INFO - Filling up the DagBag from /home/airflow/.local/lib/python3.6/site-packages/airflow/example_dags/example_nested_branch_dag.py
[2021-08-08 09:47:37,989] {scheduler_job.py:642} INFO - DAG(s) dict_keys(['example_nested_branch_dag']) retrieved from /home/airflow/.local/lib/python3.6/site-packages/airflow/example_dags/example_nested_branch_dag.py
[2021-08-08 09:47:38,016] {logging_mixin.py:104} INFO - [2021-08-08 09:47:38,016] {dag.py:1833} INFO - Sync 1 DAGs
[2021-08-08 09:47:38,039] {logging_mixin.py:104} INFO - [2021-08-08 09:47:38,039] {dag.py:2306} INFO - Setting next_dagrun for example_nested_branch_dag to 2021-08-06 00:00:00+00:00
[2021-08-08 09:47:38,049] {scheduler_job.py:189} INFO - Processing /home/airflow/.local/lib/python3.6/site-packages/airflow/example_dags/example_nested_branch_dag.py took 0.085 seconds
