[2021-08-08 09:43:12,045] {scheduler_job.py:181} INFO - Started process (PID=104) to work on /home/airflow/.local/lib/python3.6/site-packages/airflow/example_dags/example_branch_labels.py
[2021-08-08 09:43:12,046] {scheduler_job.py:632} INFO - Processing file /home/airflow/.local/lib/python3.6/site-packages/airflow/example_dags/example_branch_labels.py for tasks to queue
[2021-08-08 09:43:12,046] {logging_mixin.py:104} INFO - [2021-08-08 09:43:12,046] {dagbag.py:496} INFO - Filling up the DagBag from /home/airflow/.local/lib/python3.6/site-packages/airflow/example_dags/example_branch_labels.py
[2021-08-08 09:43:12,056] {scheduler_job.py:642} INFO - DAG(s) dict_keys(['example_branch_labels']) retrieved from /home/airflow/.local/lib/python3.6/site-packages/airflow/example_dags/example_branch_labels.py
[2021-08-08 09:43:14,153] {logging_mixin.py:104} INFO - [2021-08-08 09:43:14,153] {dag.py:1833} INFO - Sync 1 DAGs
[2021-08-08 09:43:14,163] {logging_mixin.py:104} INFO - [2021-08-08 09:43:14,162] {dag.py:1852} INFO - Creating ORM DAG for example_branch_labels
[2021-08-08 09:43:14,170] {logging_mixin.py:104} INFO - [2021-08-08 09:43:14,170] {dag.py:2306} INFO - Setting next_dagrun for example_branch_labels to 2021-08-06 00:00:00+00:00
[2021-08-08 09:43:14,179] {scheduler_job.py:189} INFO - Processing /home/airflow/.local/lib/python3.6/site-packages/airflow/example_dags/example_branch_labels.py took 2.137 seconds
[2021-08-08 09:43:44,464] {scheduler_job.py:181} INFO - Started process (PID=571) to work on /home/airflow/.local/lib/python3.6/site-packages/airflow/example_dags/example_branch_labels.py
[2021-08-08 09:43:44,465] {scheduler_job.py:632} INFO - Processing file /home/airflow/.local/lib/python3.6/site-packages/airflow/example_dags/example_branch_labels.py for tasks to queue
[2021-08-08 09:43:44,466] {logging_mixin.py:104} INFO - [2021-08-08 09:43:44,465] {dagbag.py:496} INFO - Filling up the DagBag from /home/airflow/.local/lib/python3.6/site-packages/airflow/example_dags/example_branch_labels.py
[2021-08-08 09:43:44,475] {scheduler_job.py:642} INFO - DAG(s) dict_keys(['example_branch_labels']) retrieved from /home/airflow/.local/lib/python3.6/site-packages/airflow/example_dags/example_branch_labels.py
[2021-08-08 09:43:44,493] {logging_mixin.py:104} INFO - [2021-08-08 09:43:44,493] {dag.py:1833} INFO - Sync 1 DAGs
[2021-08-08 09:43:44,512] {logging_mixin.py:104} INFO - [2021-08-08 09:43:44,511] {dag.py:2306} INFO - Setting next_dagrun for example_branch_labels to 2021-08-06 00:00:00+00:00
[2021-08-08 09:43:44,522] {scheduler_job.py:189} INFO - Processing /home/airflow/.local/lib/python3.6/site-packages/airflow/example_dags/example_branch_labels.py took 0.059 seconds
[2021-08-08 09:44:14,781] {scheduler_job.py:181} INFO - Started process (PID=634) to work on /home/airflow/.local/lib/python3.6/site-packages/airflow/example_dags/example_branch_labels.py
[2021-08-08 09:44:14,782] {scheduler_job.py:632} INFO - Processing file /home/airflow/.local/lib/python3.6/site-packages/airflow/example_dags/example_branch_labels.py for tasks to queue
[2021-08-08 09:44:14,783] {logging_mixin.py:104} INFO - [2021-08-08 09:44:14,783] {dagbag.py:496} INFO - Filling up the DagBag from /home/airflow/.local/lib/python3.6/site-packages/airflow/example_dags/example_branch_labels.py
[2021-08-08 09:44:14,793] {scheduler_job.py:642} INFO - DAG(s) dict_keys(['example_branch_labels']) retrieved from /home/airflow/.local/lib/python3.6/site-packages/airflow/example_dags/example_branch_labels.py
[2021-08-08 09:44:14,809] {logging_mixin.py:104} INFO - [2021-08-08 09:44:14,809] {dag.py:1833} INFO - Sync 1 DAGs
[2021-08-08 09:44:14,824] {logging_mixin.py:104} INFO - [2021-08-08 09:44:14,824] {dag.py:2306} INFO - Setting next_dagrun for example_branch_labels to 2021-08-06 00:00:00+00:00
[2021-08-08 09:44:14,832] {scheduler_job.py:189} INFO - Processing /home/airflow/.local/lib/python3.6/site-packages/airflow/example_dags/example_branch_labels.py took 0.052 seconds
[2021-08-08 09:44:45,094] {scheduler_job.py:181} INFO - Started process (PID=698) to work on /home/airflow/.local/lib/python3.6/site-packages/airflow/example_dags/example_branch_labels.py
[2021-08-08 09:44:45,095] {scheduler_job.py:632} INFO - Processing file /home/airflow/.local/lib/python3.6/site-packages/airflow/example_dags/example_branch_labels.py for tasks to queue
[2021-08-08 09:44:45,096] {logging_mixin.py:104} INFO - [2021-08-08 09:44:45,096] {dagbag.py:496} INFO - Filling up the DagBag from /home/airflow/.local/lib/python3.6/site-packages/airflow/example_dags/example_branch_labels.py
[2021-08-08 09:44:45,105] {scheduler_job.py:642} INFO - DAG(s) dict_keys(['example_branch_labels']) retrieved from /home/airflow/.local/lib/python3.6/site-packages/airflow/example_dags/example_branch_labels.py
[2021-08-08 09:44:45,125] {logging_mixin.py:104} INFO - [2021-08-08 09:44:45,125] {dag.py:1833} INFO - Sync 1 DAGs
[2021-08-08 09:44:45,141] {logging_mixin.py:104} INFO - [2021-08-08 09:44:45,141] {dag.py:2306} INFO - Setting next_dagrun for example_branch_labels to 2021-08-06 00:00:00+00:00
[2021-08-08 09:44:45,150] {scheduler_job.py:189} INFO - Processing /home/airflow/.local/lib/python3.6/site-packages/airflow/example_dags/example_branch_labels.py took 0.058 seconds
[2021-08-08 09:45:15,446] {scheduler_job.py:181} INFO - Started process (PID=750) to work on /home/airflow/.local/lib/python3.6/site-packages/airflow/example_dags/example_branch_labels.py
[2021-08-08 09:45:15,447] {scheduler_job.py:632} INFO - Processing file /home/airflow/.local/lib/python3.6/site-packages/airflow/example_dags/example_branch_labels.py for tasks to queue
[2021-08-08 09:45:15,448] {logging_mixin.py:104} INFO - [2021-08-08 09:45:15,448] {dagbag.py:496} INFO - Filling up the DagBag from /home/airflow/.local/lib/python3.6/site-packages/airflow/example_dags/example_branch_labels.py
[2021-08-08 09:45:15,457] {scheduler_job.py:642} INFO - DAG(s) dict_keys(['example_branch_labels']) retrieved from /home/airflow/.local/lib/python3.6/site-packages/airflow/example_dags/example_branch_labels.py
[2021-08-08 09:45:15,477] {logging_mixin.py:104} INFO - [2021-08-08 09:45:15,477] {dag.py:1833} INFO - Sync 1 DAGs
[2021-08-08 09:45:15,494] {logging_mixin.py:104} INFO - [2021-08-08 09:45:15,494] {dag.py:2306} INFO - Setting next_dagrun for example_branch_labels to 2021-08-06 00:00:00+00:00
[2021-08-08 09:45:15,501] {scheduler_job.py:189} INFO - Processing /home/airflow/.local/lib/python3.6/site-packages/airflow/example_dags/example_branch_labels.py took 0.057 seconds
[2021-08-08 09:45:46,295] {scheduler_job.py:181} INFO - Started process (PID=812) to work on /home/airflow/.local/lib/python3.6/site-packages/airflow/example_dags/example_branch_labels.py
[2021-08-08 09:45:46,296] {scheduler_job.py:632} INFO - Processing file /home/airflow/.local/lib/python3.6/site-packages/airflow/example_dags/example_branch_labels.py for tasks to queue
[2021-08-08 09:45:46,296] {logging_mixin.py:104} INFO - [2021-08-08 09:45:46,296] {dagbag.py:496} INFO - Filling up the DagBag from /home/airflow/.local/lib/python3.6/site-packages/airflow/example_dags/example_branch_labels.py
[2021-08-08 09:45:46,304] {scheduler_job.py:642} INFO - DAG(s) dict_keys(['example_branch_labels']) retrieved from /home/airflow/.local/lib/python3.6/site-packages/airflow/example_dags/example_branch_labels.py
[2021-08-08 09:45:46,321] {logging_mixin.py:104} INFO - [2021-08-08 09:45:46,320] {dag.py:1833} INFO - Sync 1 DAGs
[2021-08-08 09:45:46,335] {logging_mixin.py:104} INFO - [2021-08-08 09:45:46,335] {dag.py:2306} INFO - Setting next_dagrun for example_branch_labels to 2021-08-06 00:00:00+00:00
[2021-08-08 09:45:46,343] {scheduler_job.py:189} INFO - Processing /home/airflow/.local/lib/python3.6/site-packages/airflow/example_dags/example_branch_labels.py took 0.050 seconds
[2021-08-08 09:46:16,717] {scheduler_job.py:181} INFO - Started process (PID=873) to work on /home/airflow/.local/lib/python3.6/site-packages/airflow/example_dags/example_branch_labels.py
[2021-08-08 09:46:16,718] {scheduler_job.py:632} INFO - Processing file /home/airflow/.local/lib/python3.6/site-packages/airflow/example_dags/example_branch_labels.py for tasks to queue
[2021-08-08 09:46:16,719] {logging_mixin.py:104} INFO - [2021-08-08 09:46:16,719] {dagbag.py:496} INFO - Filling up the DagBag from /home/airflow/.local/lib/python3.6/site-packages/airflow/example_dags/example_branch_labels.py
[2021-08-08 09:46:16,732] {scheduler_job.py:642} INFO - DAG(s) dict_keys(['example_branch_labels']) retrieved from /home/airflow/.local/lib/python3.6/site-packages/airflow/example_dags/example_branch_labels.py
[2021-08-08 09:46:16,750] {logging_mixin.py:104} INFO - [2021-08-08 09:46:16,750] {dag.py:1833} INFO - Sync 1 DAGs
[2021-08-08 09:46:16,767] {logging_mixin.py:104} INFO - [2021-08-08 09:46:16,767] {dag.py:2306} INFO - Setting next_dagrun for example_branch_labels to 2021-08-06 00:00:00+00:00
[2021-08-08 09:46:16,776] {scheduler_job.py:189} INFO - Processing /home/airflow/.local/lib/python3.6/site-packages/airflow/example_dags/example_branch_labels.py took 0.062 seconds
[2021-08-08 09:46:47,088] {scheduler_job.py:181} INFO - Started process (PID=928) to work on /home/airflow/.local/lib/python3.6/site-packages/airflow/example_dags/example_branch_labels.py
[2021-08-08 09:46:47,089] {scheduler_job.py:632} INFO - Processing file /home/airflow/.local/lib/python3.6/site-packages/airflow/example_dags/example_branch_labels.py for tasks to queue
[2021-08-08 09:46:47,090] {logging_mixin.py:104} INFO - [2021-08-08 09:46:47,090] {dagbag.py:496} INFO - Filling up the DagBag from /home/airflow/.local/lib/python3.6/site-packages/airflow/example_dags/example_branch_labels.py
[2021-08-08 09:46:47,098] {scheduler_job.py:642} INFO - DAG(s) dict_keys(['example_branch_labels']) retrieved from /home/airflow/.local/lib/python3.6/site-packages/airflow/example_dags/example_branch_labels.py
[2021-08-08 09:46:47,114] {logging_mixin.py:104} INFO - [2021-08-08 09:46:47,114] {dag.py:1833} INFO - Sync 1 DAGs
[2021-08-08 09:46:47,129] {logging_mixin.py:104} INFO - [2021-08-08 09:46:47,129] {dag.py:2306} INFO - Setting next_dagrun for example_branch_labels to 2021-08-06 00:00:00+00:00
[2021-08-08 09:46:47,136] {scheduler_job.py:189} INFO - Processing /home/airflow/.local/lib/python3.6/site-packages/airflow/example_dags/example_branch_labels.py took 0.050 seconds
[2021-08-08 09:47:37,074] {scheduler_job.py:181} INFO - Started process (PID=28) to work on /home/airflow/.local/lib/python3.6/site-packages/airflow/example_dags/example_branch_labels.py
[2021-08-08 09:47:37,075] {scheduler_job.py:632} INFO - Processing file /home/airflow/.local/lib/python3.6/site-packages/airflow/example_dags/example_branch_labels.py for tasks to queue
[2021-08-08 09:47:37,076] {logging_mixin.py:104} INFO - [2021-08-08 09:47:37,076] {dagbag.py:496} INFO - Filling up the DagBag from /home/airflow/.local/lib/python3.6/site-packages/airflow/example_dags/example_branch_labels.py
[2021-08-08 09:47:37,088] {scheduler_job.py:642} INFO - DAG(s) dict_keys(['example_branch_labels']) retrieved from /home/airflow/.local/lib/python3.6/site-packages/airflow/example_dags/example_branch_labels.py
[2021-08-08 09:47:37,108] {logging_mixin.py:104} INFO - [2021-08-08 09:47:37,108] {dag.py:1833} INFO - Sync 1 DAGs
[2021-08-08 09:47:37,130] {logging_mixin.py:104} INFO - [2021-08-08 09:47:37,129] {dag.py:2306} INFO - Setting next_dagrun for example_branch_labels to 2021-08-06 00:00:00+00:00
[2021-08-08 09:47:37,142] {scheduler_job.py:189} INFO - Processing /home/airflow/.local/lib/python3.6/site-packages/airflow/example_dags/example_branch_labels.py took 0.070 seconds
