[2021-08-08 09:43:21,221] {scheduler_job.py:181} INFO - Started process (PID=250) to work on /home/airflow/.local/lib/python3.6/site-packages/airflow/example_dags/tutorial.py
[2021-08-08 09:43:21,222] {scheduler_job.py:632} INFO - Processing file /home/airflow/.local/lib/python3.6/site-packages/airflow/example_dags/tutorial.py for tasks to queue
[2021-08-08 09:43:21,222] {logging_mixin.py:104} INFO - [2021-08-08 09:43:21,222] {dagbag.py:496} INFO - Filling up the DagBag from /home/airflow/.local/lib/python3.6/site-packages/airflow/example_dags/tutorial.py
[2021-08-08 09:43:21,232] {scheduler_job.py:642} INFO - DAG(s) dict_keys(['tutorial']) retrieved from /home/airflow/.local/lib/python3.6/site-packages/airflow/example_dags/tutorial.py
[2021-08-08 09:43:23,508] {logging_mixin.py:104} INFO - [2021-08-08 09:43:23,508] {dag.py:1833} INFO - Sync 1 DAGs
[2021-08-08 09:43:23,518] {logging_mixin.py:104} INFO - [2021-08-08 09:43:23,517] {dag.py:1852} INFO - Creating ORM DAG for tutorial
[2021-08-08 09:43:23,522] {logging_mixin.py:104} INFO - [2021-08-08 09:43:23,522] {dag.py:2306} INFO - Setting next_dagrun for tutorial to 2021-08-06 00:00:00+00:00
[2021-08-08 09:43:23,533] {scheduler_job.py:189} INFO - Processing /home/airflow/.local/lib/python3.6/site-packages/airflow/example_dags/tutorial.py took 2.314 seconds
[2021-08-08 09:43:53,876] {scheduler_job.py:181} INFO - Started process (PID=590) to work on /home/airflow/.local/lib/python3.6/site-packages/airflow/example_dags/tutorial.py
[2021-08-08 09:43:53,877] {scheduler_job.py:632} INFO - Processing file /home/airflow/.local/lib/python3.6/site-packages/airflow/example_dags/tutorial.py for tasks to queue
[2021-08-08 09:43:53,878] {logging_mixin.py:104} INFO - [2021-08-08 09:43:53,877] {dagbag.py:496} INFO - Filling up the DagBag from /home/airflow/.local/lib/python3.6/site-packages/airflow/example_dags/tutorial.py
[2021-08-08 09:43:53,886] {scheduler_job.py:642} INFO - DAG(s) dict_keys(['tutorial']) retrieved from /home/airflow/.local/lib/python3.6/site-packages/airflow/example_dags/tutorial.py
[2021-08-08 09:43:53,901] {logging_mixin.py:104} INFO - [2021-08-08 09:43:53,901] {dag.py:1833} INFO - Sync 1 DAGs
[2021-08-08 09:43:53,914] {logging_mixin.py:104} INFO - [2021-08-08 09:43:53,914] {dag.py:2306} INFO - Setting next_dagrun for tutorial to 2021-08-06 00:00:00+00:00
[2021-08-08 09:43:53,922] {scheduler_job.py:189} INFO - Processing /home/airflow/.local/lib/python3.6/site-packages/airflow/example_dags/tutorial.py took 0.048 seconds
[2021-08-08 09:44:24,021] {scheduler_job.py:181} INFO - Started process (PID=653) to work on /home/airflow/.local/lib/python3.6/site-packages/airflow/example_dags/tutorial.py
[2021-08-08 09:44:24,022] {scheduler_job.py:632} INFO - Processing file /home/airflow/.local/lib/python3.6/site-packages/airflow/example_dags/tutorial.py for tasks to queue
[2021-08-08 09:44:24,023] {logging_mixin.py:104} INFO - [2021-08-08 09:44:24,023] {dagbag.py:496} INFO - Filling up the DagBag from /home/airflow/.local/lib/python3.6/site-packages/airflow/example_dags/tutorial.py
[2021-08-08 09:44:24,033] {scheduler_job.py:642} INFO - DAG(s) dict_keys(['tutorial']) retrieved from /home/airflow/.local/lib/python3.6/site-packages/airflow/example_dags/tutorial.py
[2021-08-08 09:44:24,051] {logging_mixin.py:104} INFO - [2021-08-08 09:44:24,051] {dag.py:1833} INFO - Sync 1 DAGs
[2021-08-08 09:44:24,063] {logging_mixin.py:104} INFO - [2021-08-08 09:44:24,063] {dag.py:2306} INFO - Setting next_dagrun for tutorial to 2021-08-06 00:00:00+00:00
[2021-08-08 09:44:24,074] {scheduler_job.py:189} INFO - Processing /home/airflow/.local/lib/python3.6/site-packages/airflow/example_dags/tutorial.py took 0.055 seconds
[2021-08-08 09:44:54,329] {scheduler_job.py:181} INFO - Started process (PID=716) to work on /home/airflow/.local/lib/python3.6/site-packages/airflow/example_dags/tutorial.py
[2021-08-08 09:44:54,330] {scheduler_job.py:632} INFO - Processing file /home/airflow/.local/lib/python3.6/site-packages/airflow/example_dags/tutorial.py for tasks to queue
[2021-08-08 09:44:54,330] {logging_mixin.py:104} INFO - [2021-08-08 09:44:54,330] {dagbag.py:496} INFO - Filling up the DagBag from /home/airflow/.local/lib/python3.6/site-packages/airflow/example_dags/tutorial.py
[2021-08-08 09:44:54,338] {scheduler_job.py:642} INFO - DAG(s) dict_keys(['tutorial']) retrieved from /home/airflow/.local/lib/python3.6/site-packages/airflow/example_dags/tutorial.py
[2021-08-08 09:44:54,354] {logging_mixin.py:104} INFO - [2021-08-08 09:44:54,354] {dag.py:1833} INFO - Sync 1 DAGs
[2021-08-08 09:44:54,365] {logging_mixin.py:104} INFO - [2021-08-08 09:44:54,365] {dag.py:2306} INFO - Setting next_dagrun for tutorial to 2021-08-06 00:00:00+00:00
[2021-08-08 09:44:54,374] {scheduler_job.py:189} INFO - Processing /home/airflow/.local/lib/python3.6/site-packages/airflow/example_dags/tutorial.py took 0.047 seconds
[2021-08-08 09:45:24,634] {scheduler_job.py:181} INFO - Started process (PID=770) to work on /home/airflow/.local/lib/python3.6/site-packages/airflow/example_dags/tutorial.py
[2021-08-08 09:45:24,635] {scheduler_job.py:632} INFO - Processing file /home/airflow/.local/lib/python3.6/site-packages/airflow/example_dags/tutorial.py for tasks to queue
[2021-08-08 09:45:24,636] {logging_mixin.py:104} INFO - [2021-08-08 09:45:24,636] {dagbag.py:496} INFO - Filling up the DagBag from /home/airflow/.local/lib/python3.6/site-packages/airflow/example_dags/tutorial.py
[2021-08-08 09:45:24,656] {scheduler_job.py:642} INFO - DAG(s) dict_keys(['tutorial']) retrieved from /home/airflow/.local/lib/python3.6/site-packages/airflow/example_dags/tutorial.py
[2021-08-08 09:45:24,680] {logging_mixin.py:104} INFO - [2021-08-08 09:45:24,680] {dag.py:1833} INFO - Sync 1 DAGs
[2021-08-08 09:45:24,698] {logging_mixin.py:104} INFO - [2021-08-08 09:45:24,698] {dag.py:2306} INFO - Setting next_dagrun for tutorial to 2021-08-06 00:00:00+00:00
[2021-08-08 09:45:24,707] {scheduler_job.py:189} INFO - Processing /home/airflow/.local/lib/python3.6/site-packages/airflow/example_dags/tutorial.py took 0.076 seconds
[2021-08-08 09:45:55,543] {scheduler_job.py:181} INFO - Started process (PID=831) to work on /home/airflow/.local/lib/python3.6/site-packages/airflow/example_dags/tutorial.py
[2021-08-08 09:45:55,544] {scheduler_job.py:632} INFO - Processing file /home/airflow/.local/lib/python3.6/site-packages/airflow/example_dags/tutorial.py for tasks to queue
[2021-08-08 09:45:55,544] {logging_mixin.py:104} INFO - [2021-08-08 09:45:55,544] {dagbag.py:496} INFO - Filling up the DagBag from /home/airflow/.local/lib/python3.6/site-packages/airflow/example_dags/tutorial.py
[2021-08-08 09:45:55,555] {scheduler_job.py:642} INFO - DAG(s) dict_keys(['tutorial']) retrieved from /home/airflow/.local/lib/python3.6/site-packages/airflow/example_dags/tutorial.py
[2021-08-08 09:45:55,573] {logging_mixin.py:104} INFO - [2021-08-08 09:45:55,573] {dag.py:1833} INFO - Sync 1 DAGs
[2021-08-08 09:45:55,586] {logging_mixin.py:104} INFO - [2021-08-08 09:45:55,586] {dag.py:2306} INFO - Setting next_dagrun for tutorial to 2021-08-06 00:00:00+00:00
[2021-08-08 09:45:55,594] {scheduler_job.py:189} INFO - Processing /home/airflow/.local/lib/python3.6/site-packages/airflow/example_dags/tutorial.py took 0.053 seconds
[2021-08-08 09:46:26,017] {scheduler_job.py:181} INFO - Started process (PID=882) to work on /home/airflow/.local/lib/python3.6/site-packages/airflow/example_dags/tutorial.py
[2021-08-08 09:46:26,018] {scheduler_job.py:632} INFO - Processing file /home/airflow/.local/lib/python3.6/site-packages/airflow/example_dags/tutorial.py for tasks to queue
[2021-08-08 09:46:26,019] {logging_mixin.py:104} INFO - [2021-08-08 09:46:26,019] {dagbag.py:496} INFO - Filling up the DagBag from /home/airflow/.local/lib/python3.6/site-packages/airflow/example_dags/tutorial.py
[2021-08-08 09:46:26,028] {scheduler_job.py:642} INFO - DAG(s) dict_keys(['tutorial']) retrieved from /home/airflow/.local/lib/python3.6/site-packages/airflow/example_dags/tutorial.py
[2021-08-08 09:46:26,049] {logging_mixin.py:104} INFO - [2021-08-08 09:46:26,049] {dag.py:1833} INFO - Sync 1 DAGs
[2021-08-08 09:46:26,066] {logging_mixin.py:104} INFO - [2021-08-08 09:46:26,066] {dag.py:2306} INFO - Setting next_dagrun for tutorial to 2021-08-06 00:00:00+00:00
[2021-08-08 09:46:26,077] {scheduler_job.py:189} INFO - Processing /home/airflow/.local/lib/python3.6/site-packages/airflow/example_dags/tutorial.py took 0.062 seconds
[2021-08-08 09:46:56,389] {scheduler_job.py:181} INFO - Started process (PID=948) to work on /home/airflow/.local/lib/python3.6/site-packages/airflow/example_dags/tutorial.py
[2021-08-08 09:46:56,390] {scheduler_job.py:632} INFO - Processing file /home/airflow/.local/lib/python3.6/site-packages/airflow/example_dags/tutorial.py for tasks to queue
[2021-08-08 09:46:56,390] {logging_mixin.py:104} INFO - [2021-08-08 09:46:56,390] {dagbag.py:496} INFO - Filling up the DagBag from /home/airflow/.local/lib/python3.6/site-packages/airflow/example_dags/tutorial.py
[2021-08-08 09:46:56,399] {scheduler_job.py:642} INFO - DAG(s) dict_keys(['tutorial']) retrieved from /home/airflow/.local/lib/python3.6/site-packages/airflow/example_dags/tutorial.py
[2021-08-08 09:46:56,418] {logging_mixin.py:104} INFO - [2021-08-08 09:46:56,418] {dag.py:1833} INFO - Sync 1 DAGs
[2021-08-08 09:46:56,430] {logging_mixin.py:104} INFO - [2021-08-08 09:46:56,430] {dag.py:2306} INFO - Setting next_dagrun for tutorial to 2021-08-06 00:00:00+00:00
[2021-08-08 09:46:56,440] {scheduler_job.py:189} INFO - Processing /home/airflow/.local/lib/python3.6/site-packages/airflow/example_dags/tutorial.py took 0.053 seconds
[2021-08-08 09:47:37,598] {scheduler_job.py:181} INFO - Started process (PID=37) to work on /home/airflow/.local/lib/python3.6/site-packages/airflow/example_dags/tutorial.py
[2021-08-08 09:47:37,599] {scheduler_job.py:632} INFO - Processing file /home/airflow/.local/lib/python3.6/site-packages/airflow/example_dags/tutorial.py for tasks to queue
[2021-08-08 09:47:37,600] {logging_mixin.py:104} INFO - [2021-08-08 09:47:37,600] {dagbag.py:496} INFO - Filling up the DagBag from /home/airflow/.local/lib/python3.6/site-packages/airflow/example_dags/tutorial.py
[2021-08-08 09:47:37,618] {scheduler_job.py:642} INFO - DAG(s) dict_keys(['tutorial']) retrieved from /home/airflow/.local/lib/python3.6/site-packages/airflow/example_dags/tutorial.py
[2021-08-08 09:47:37,638] {logging_mixin.py:104} INFO - [2021-08-08 09:47:37,638] {dag.py:1833} INFO - Sync 1 DAGs
[2021-08-08 09:47:37,654] {logging_mixin.py:104} INFO - [2021-08-08 09:47:37,654] {dag.py:2306} INFO - Setting next_dagrun for tutorial to 2021-08-06 00:00:00+00:00
[2021-08-08 09:47:37,666] {scheduler_job.py:189} INFO - Processing /home/airflow/.local/lib/python3.6/site-packages/airflow/example_dags/tutorial.py took 0.070 seconds
