[2021-08-08 09:43:21,133] {scheduler_job.py:181} INFO - Started process (PID=247) to work on /home/airflow/.local/lib/python3.6/site-packages/airflow/example_dags/tutorial_taskflow_api_etl.py
[2021-08-08 09:43:21,134] {scheduler_job.py:632} INFO - Processing file /home/airflow/.local/lib/python3.6/site-packages/airflow/example_dags/tutorial_taskflow_api_etl.py for tasks to queue
[2021-08-08 09:43:21,135] {logging_mixin.py:104} INFO - [2021-08-08 09:43:21,135] {dagbag.py:496} INFO - Filling up the DagBag from /home/airflow/.local/lib/python3.6/site-packages/airflow/example_dags/tutorial_taskflow_api_etl.py
[2021-08-08 09:43:21,148] {scheduler_job.py:642} INFO - DAG(s) dict_keys(['tutorial_taskflow_api_etl']) retrieved from /home/airflow/.local/lib/python3.6/site-packages/airflow/example_dags/tutorial_taskflow_api_etl.py
[2021-08-08 09:43:23,321] {logging_mixin.py:104} INFO - [2021-08-08 09:43:23,321] {dag.py:1833} INFO - Sync 1 DAGs
[2021-08-08 09:43:23,330] {logging_mixin.py:104} INFO - [2021-08-08 09:43:23,329] {dag.py:1852} INFO - Creating ORM DAG for tutorial_taskflow_api_etl
[2021-08-08 09:43:23,335] {logging_mixin.py:104} INFO - [2021-08-08 09:43:23,335] {dag.py:2306} INFO - Setting next_dagrun for tutorial_taskflow_api_etl to None
[2021-08-08 09:43:23,346] {scheduler_job.py:189} INFO - Processing /home/airflow/.local/lib/python3.6/site-packages/airflow/example_dags/tutorial_taskflow_api_etl.py took 2.215 seconds
[2021-08-08 09:43:53,876] {scheduler_job.py:181} INFO - Started process (PID=589) to work on /home/airflow/.local/lib/python3.6/site-packages/airflow/example_dags/tutorial_taskflow_api_etl.py
[2021-08-08 09:43:53,877] {scheduler_job.py:632} INFO - Processing file /home/airflow/.local/lib/python3.6/site-packages/airflow/example_dags/tutorial_taskflow_api_etl.py for tasks to queue
[2021-08-08 09:43:53,878] {logging_mixin.py:104} INFO - [2021-08-08 09:43:53,877] {dagbag.py:496} INFO - Filling up the DagBag from /home/airflow/.local/lib/python3.6/site-packages/airflow/example_dags/tutorial_taskflow_api_etl.py
[2021-08-08 09:43:53,889] {scheduler_job.py:642} INFO - DAG(s) dict_keys(['tutorial_taskflow_api_etl']) retrieved from /home/airflow/.local/lib/python3.6/site-packages/airflow/example_dags/tutorial_taskflow_api_etl.py
[2021-08-08 09:43:54,053] {logging_mixin.py:104} INFO - [2021-08-08 09:43:54,053] {dag.py:1833} INFO - Sync 1 DAGs
[2021-08-08 09:43:54,062] {logging_mixin.py:104} INFO - [2021-08-08 09:43:54,062] {dag.py:2306} INFO - Setting next_dagrun for tutorial_taskflow_api_etl to None
[2021-08-08 09:43:54,071] {scheduler_job.py:189} INFO - Processing /home/airflow/.local/lib/python3.6/site-packages/airflow/example_dags/tutorial_taskflow_api_etl.py took 0.197 seconds
[2021-08-08 09:44:24,095] {scheduler_job.py:181} INFO - Started process (PID=654) to work on /home/airflow/.local/lib/python3.6/site-packages/airflow/example_dags/tutorial_taskflow_api_etl.py
[2021-08-08 09:44:24,096] {scheduler_job.py:632} INFO - Processing file /home/airflow/.local/lib/python3.6/site-packages/airflow/example_dags/tutorial_taskflow_api_etl.py for tasks to queue
[2021-08-08 09:44:24,097] {logging_mixin.py:104} INFO - [2021-08-08 09:44:24,096] {dagbag.py:496} INFO - Filling up the DagBag from /home/airflow/.local/lib/python3.6/site-packages/airflow/example_dags/tutorial_taskflow_api_etl.py
[2021-08-08 09:44:24,109] {scheduler_job.py:642} INFO - DAG(s) dict_keys(['tutorial_taskflow_api_etl']) retrieved from /home/airflow/.local/lib/python3.6/site-packages/airflow/example_dags/tutorial_taskflow_api_etl.py
[2021-08-08 09:44:24,299] {logging_mixin.py:104} INFO - [2021-08-08 09:44:24,299] {dag.py:1833} INFO - Sync 1 DAGs
[2021-08-08 09:44:24,312] {logging_mixin.py:104} INFO - [2021-08-08 09:44:24,312] {dag.py:2306} INFO - Setting next_dagrun for tutorial_taskflow_api_etl to None
[2021-08-08 09:44:24,322] {scheduler_job.py:189} INFO - Processing /home/airflow/.local/lib/python3.6/site-packages/airflow/example_dags/tutorial_taskflow_api_etl.py took 0.229 seconds
[2021-08-08 09:44:54,377] {scheduler_job.py:181} INFO - Started process (PID=718) to work on /home/airflow/.local/lib/python3.6/site-packages/airflow/example_dags/tutorial_taskflow_api_etl.py
[2021-08-08 09:44:54,378] {scheduler_job.py:632} INFO - Processing file /home/airflow/.local/lib/python3.6/site-packages/airflow/example_dags/tutorial_taskflow_api_etl.py for tasks to queue
[2021-08-08 09:44:54,379] {logging_mixin.py:104} INFO - [2021-08-08 09:44:54,379] {dagbag.py:496} INFO - Filling up the DagBag from /home/airflow/.local/lib/python3.6/site-packages/airflow/example_dags/tutorial_taskflow_api_etl.py
[2021-08-08 09:44:54,390] {scheduler_job.py:642} INFO - DAG(s) dict_keys(['tutorial_taskflow_api_etl']) retrieved from /home/airflow/.local/lib/python3.6/site-packages/airflow/example_dags/tutorial_taskflow_api_etl.py
[2021-08-08 09:44:54,564] {logging_mixin.py:104} INFO - [2021-08-08 09:44:54,564] {dag.py:1833} INFO - Sync 1 DAGs
[2021-08-08 09:44:54,575] {logging_mixin.py:104} INFO - [2021-08-08 09:44:54,575] {dag.py:2306} INFO - Setting next_dagrun for tutorial_taskflow_api_etl to None
[2021-08-08 09:44:54,585] {scheduler_job.py:189} INFO - Processing /home/airflow/.local/lib/python3.6/site-packages/airflow/example_dags/tutorial_taskflow_api_etl.py took 0.210 seconds
[2021-08-08 09:45:24,634] {scheduler_job.py:181} INFO - Started process (PID=769) to work on /home/airflow/.local/lib/python3.6/site-packages/airflow/example_dags/tutorial_taskflow_api_etl.py
[2021-08-08 09:45:24,635] {scheduler_job.py:632} INFO - Processing file /home/airflow/.local/lib/python3.6/site-packages/airflow/example_dags/tutorial_taskflow_api_etl.py for tasks to queue
[2021-08-08 09:45:24,636] {logging_mixin.py:104} INFO - [2021-08-08 09:45:24,636] {dagbag.py:496} INFO - Filling up the DagBag from /home/airflow/.local/lib/python3.6/site-packages/airflow/example_dags/tutorial_taskflow_api_etl.py
[2021-08-08 09:45:24,659] {scheduler_job.py:642} INFO - DAG(s) dict_keys(['tutorial_taskflow_api_etl']) retrieved from /home/airflow/.local/lib/python3.6/site-packages/airflow/example_dags/tutorial_taskflow_api_etl.py
[2021-08-08 09:45:24,879] {logging_mixin.py:104} INFO - [2021-08-08 09:45:24,879] {dag.py:1833} INFO - Sync 1 DAGs
[2021-08-08 09:45:24,891] {logging_mixin.py:104} INFO - [2021-08-08 09:45:24,891] {dag.py:2306} INFO - Setting next_dagrun for tutorial_taskflow_api_etl to None
[2021-08-08 09:45:24,901] {scheduler_job.py:189} INFO - Processing /home/airflow/.local/lib/python3.6/site-packages/airflow/example_dags/tutorial_taskflow_api_etl.py took 0.269 seconds
[2021-08-08 09:45:55,543] {scheduler_job.py:181} INFO - Started process (PID=830) to work on /home/airflow/.local/lib/python3.6/site-packages/airflow/example_dags/tutorial_taskflow_api_etl.py
[2021-08-08 09:45:55,544] {scheduler_job.py:632} INFO - Processing file /home/airflow/.local/lib/python3.6/site-packages/airflow/example_dags/tutorial_taskflow_api_etl.py for tasks to queue
[2021-08-08 09:45:55,544] {logging_mixin.py:104} INFO - [2021-08-08 09:45:55,544] {dagbag.py:496} INFO - Filling up the DagBag from /home/airflow/.local/lib/python3.6/site-packages/airflow/example_dags/tutorial_taskflow_api_etl.py
[2021-08-08 09:45:55,560] {scheduler_job.py:642} INFO - DAG(s) dict_keys(['tutorial_taskflow_api_etl']) retrieved from /home/airflow/.local/lib/python3.6/site-packages/airflow/example_dags/tutorial_taskflow_api_etl.py
[2021-08-08 09:45:55,751] {logging_mixin.py:104} INFO - [2021-08-08 09:45:55,750] {dag.py:1833} INFO - Sync 1 DAGs
[2021-08-08 09:45:55,763] {logging_mixin.py:104} INFO - [2021-08-08 09:45:55,763] {dag.py:2306} INFO - Setting next_dagrun for tutorial_taskflow_api_etl to None
[2021-08-08 09:45:55,774] {scheduler_job.py:189} INFO - Processing /home/airflow/.local/lib/python3.6/site-packages/airflow/example_dags/tutorial_taskflow_api_etl.py took 0.233 seconds
[2021-08-08 09:46:26,017] {scheduler_job.py:181} INFO - Started process (PID=881) to work on /home/airflow/.local/lib/python3.6/site-packages/airflow/example_dags/tutorial_taskflow_api_etl.py
[2021-08-08 09:46:26,018] {scheduler_job.py:632} INFO - Processing file /home/airflow/.local/lib/python3.6/site-packages/airflow/example_dags/tutorial_taskflow_api_etl.py for tasks to queue
[2021-08-08 09:46:26,019] {logging_mixin.py:104} INFO - [2021-08-08 09:46:26,019] {dagbag.py:496} INFO - Filling up the DagBag from /home/airflow/.local/lib/python3.6/site-packages/airflow/example_dags/tutorial_taskflow_api_etl.py
[2021-08-08 09:46:26,034] {scheduler_job.py:642} INFO - DAG(s) dict_keys(['tutorial_taskflow_api_etl']) retrieved from /home/airflow/.local/lib/python3.6/site-packages/airflow/example_dags/tutorial_taskflow_api_etl.py
[2021-08-08 09:46:26,249] {logging_mixin.py:104} INFO - [2021-08-08 09:46:26,248] {dag.py:1833} INFO - Sync 1 DAGs
[2021-08-08 09:46:26,263] {logging_mixin.py:104} INFO - [2021-08-08 09:46:26,263] {dag.py:2306} INFO - Setting next_dagrun for tutorial_taskflow_api_etl to None
[2021-08-08 09:46:26,274] {scheduler_job.py:189} INFO - Processing /home/airflow/.local/lib/python3.6/site-packages/airflow/example_dags/tutorial_taskflow_api_etl.py took 0.259 seconds
[2021-08-08 09:46:56,389] {scheduler_job.py:181} INFO - Started process (PID=947) to work on /home/airflow/.local/lib/python3.6/site-packages/airflow/example_dags/tutorial_taskflow_api_etl.py
[2021-08-08 09:46:56,390] {scheduler_job.py:632} INFO - Processing file /home/airflow/.local/lib/python3.6/site-packages/airflow/example_dags/tutorial_taskflow_api_etl.py for tasks to queue
[2021-08-08 09:46:56,390] {logging_mixin.py:104} INFO - [2021-08-08 09:46:56,390] {dagbag.py:496} INFO - Filling up the DagBag from /home/airflow/.local/lib/python3.6/site-packages/airflow/example_dags/tutorial_taskflow_api_etl.py
[2021-08-08 09:46:56,402] {scheduler_job.py:642} INFO - DAG(s) dict_keys(['tutorial_taskflow_api_etl']) retrieved from /home/airflow/.local/lib/python3.6/site-packages/airflow/example_dags/tutorial_taskflow_api_etl.py
[2021-08-08 09:46:56,584] {logging_mixin.py:104} INFO - [2021-08-08 09:46:56,583] {dag.py:1833} INFO - Sync 1 DAGs
[2021-08-08 09:46:56,594] {logging_mixin.py:104} INFO - [2021-08-08 09:46:56,594] {dag.py:2306} INFO - Setting next_dagrun for tutorial_taskflow_api_etl to None
[2021-08-08 09:46:56,603] {scheduler_job.py:189} INFO - Processing /home/airflow/.local/lib/python3.6/site-packages/airflow/example_dags/tutorial_taskflow_api_etl.py took 0.216 seconds
[2021-08-08 09:47:37,518] {scheduler_job.py:181} INFO - Started process (PID=36) to work on /home/airflow/.local/lib/python3.6/site-packages/airflow/example_dags/tutorial_taskflow_api_etl.py
[2021-08-08 09:47:37,520] {scheduler_job.py:632} INFO - Processing file /home/airflow/.local/lib/python3.6/site-packages/airflow/example_dags/tutorial_taskflow_api_etl.py for tasks to queue
[2021-08-08 09:47:37,520] {logging_mixin.py:104} INFO - [2021-08-08 09:47:37,520] {dagbag.py:496} INFO - Filling up the DagBag from /home/airflow/.local/lib/python3.6/site-packages/airflow/example_dags/tutorial_taskflow_api_etl.py
[2021-08-08 09:47:37,538] {scheduler_job.py:642} INFO - DAG(s) dict_keys(['tutorial_taskflow_api_etl']) retrieved from /home/airflow/.local/lib/python3.6/site-packages/airflow/example_dags/tutorial_taskflow_api_etl.py
[2021-08-08 09:47:37,773] {logging_mixin.py:104} INFO - [2021-08-08 09:47:37,773] {dag.py:1833} INFO - Sync 1 DAGs
[2021-08-08 09:47:37,787] {logging_mixin.py:104} INFO - [2021-08-08 09:47:37,787] {dag.py:2306} INFO - Setting next_dagrun for tutorial_taskflow_api_etl to None
[2021-08-08 09:47:37,797] {scheduler_job.py:189} INFO - Processing /home/airflow/.local/lib/python3.6/site-packages/airflow/example_dags/tutorial_taskflow_api_etl.py took 0.281 seconds
