[2021-08-08 09:43:25,607] {scheduler_job.py:181} INFO - Started process (PID=319) to work on /home/airflow/.local/lib/python3.6/site-packages/airflow/example_dags/tutorial_taskflow_api_etl_virtualenv.py
[2021-08-08 09:43:25,608] {scheduler_job.py:632} INFO - Processing file /home/airflow/.local/lib/python3.6/site-packages/airflow/example_dags/tutorial_taskflow_api_etl_virtualenv.py for tasks to queue
[2021-08-08 09:43:25,608] {logging_mixin.py:104} INFO - [2021-08-08 09:43:25,608] {dagbag.py:496} INFO - Filling up the DagBag from /home/airflow/.local/lib/python3.6/site-packages/airflow/example_dags/tutorial_taskflow_api_etl_virtualenv.py
[2021-08-08 09:43:25,622] {scheduler_job.py:642} INFO - DAG(s) dict_keys(['tutorial_taskflow_api_etl_virtualenv']) retrieved from /home/airflow/.local/lib/python3.6/site-packages/airflow/example_dags/tutorial_taskflow_api_etl_virtualenv.py
[2021-08-08 09:43:27,594] {logging_mixin.py:104} INFO - [2021-08-08 09:43:27,593] {dag.py:1833} INFO - Sync 1 DAGs
[2021-08-08 09:43:27,603] {logging_mixin.py:104} INFO - [2021-08-08 09:43:27,602] {dag.py:1852} INFO - Creating ORM DAG for tutorial_taskflow_api_etl_virtualenv
[2021-08-08 09:43:27,608] {logging_mixin.py:104} INFO - [2021-08-08 09:43:27,608] {dag.py:2306} INFO - Setting next_dagrun for tutorial_taskflow_api_etl_virtualenv to None
[2021-08-08 09:43:27,619] {scheduler_job.py:189} INFO - Processing /home/airflow/.local/lib/python3.6/site-packages/airflow/example_dags/tutorial_taskflow_api_etl_virtualenv.py took 2.014 seconds
[2021-08-08 09:43:58,020] {scheduler_job.py:181} INFO - Started process (PID=605) to work on /home/airflow/.local/lib/python3.6/site-packages/airflow/example_dags/tutorial_taskflow_api_etl_virtualenv.py
[2021-08-08 09:43:58,021] {scheduler_job.py:632} INFO - Processing file /home/airflow/.local/lib/python3.6/site-packages/airflow/example_dags/tutorial_taskflow_api_etl_virtualenv.py for tasks to queue
[2021-08-08 09:43:58,022] {logging_mixin.py:104} INFO - [2021-08-08 09:43:58,022] {dagbag.py:496} INFO - Filling up the DagBag from /home/airflow/.local/lib/python3.6/site-packages/airflow/example_dags/tutorial_taskflow_api_etl_virtualenv.py
[2021-08-08 09:43:58,034] {scheduler_job.py:642} INFO - DAG(s) dict_keys(['tutorial_taskflow_api_etl_virtualenv']) retrieved from /home/airflow/.local/lib/python3.6/site-packages/airflow/example_dags/tutorial_taskflow_api_etl_virtualenv.py
[2021-08-08 09:43:58,203] {logging_mixin.py:104} INFO - [2021-08-08 09:43:58,203] {dag.py:1833} INFO - Sync 1 DAGs
[2021-08-08 09:43:58,213] {logging_mixin.py:104} INFO - [2021-08-08 09:43:58,213] {dag.py:2306} INFO - Setting next_dagrun for tutorial_taskflow_api_etl_virtualenv to None
[2021-08-08 09:43:58,222] {scheduler_job.py:189} INFO - Processing /home/airflow/.local/lib/python3.6/site-packages/airflow/example_dags/tutorial_taskflow_api_etl_virtualenv.py took 0.203 seconds
[2021-08-08 09:44:29,182] {scheduler_job.py:181} INFO - Started process (PID=658) to work on /home/airflow/.local/lib/python3.6/site-packages/airflow/example_dags/tutorial_taskflow_api_etl_virtualenv.py
[2021-08-08 09:44:29,182] {scheduler_job.py:632} INFO - Processing file /home/airflow/.local/lib/python3.6/site-packages/airflow/example_dags/tutorial_taskflow_api_etl_virtualenv.py for tasks to queue
[2021-08-08 09:44:29,183] {logging_mixin.py:104} INFO - [2021-08-08 09:44:29,183] {dagbag.py:496} INFO - Filling up the DagBag from /home/airflow/.local/lib/python3.6/site-packages/airflow/example_dags/tutorial_taskflow_api_etl_virtualenv.py
[2021-08-08 09:44:29,195] {scheduler_job.py:642} INFO - DAG(s) dict_keys(['tutorial_taskflow_api_etl_virtualenv']) retrieved from /home/airflow/.local/lib/python3.6/site-packages/airflow/example_dags/tutorial_taskflow_api_etl_virtualenv.py
[2021-08-08 09:44:29,385] {logging_mixin.py:104} INFO - [2021-08-08 09:44:29,385] {dag.py:1833} INFO - Sync 1 DAGs
[2021-08-08 09:44:29,399] {logging_mixin.py:104} INFO - [2021-08-08 09:44:29,398] {dag.py:2306} INFO - Setting next_dagrun for tutorial_taskflow_api_etl_virtualenv to None
[2021-08-08 09:44:29,411] {scheduler_job.py:189} INFO - Processing /home/airflow/.local/lib/python3.6/site-packages/airflow/example_dags/tutorial_taskflow_api_etl_virtualenv.py took 0.231 seconds
[2021-08-08 09:44:59,472] {scheduler_job.py:181} INFO - Started process (PID=722) to work on /home/airflow/.local/lib/python3.6/site-packages/airflow/example_dags/tutorial_taskflow_api_etl_virtualenv.py
[2021-08-08 09:44:59,473] {scheduler_job.py:632} INFO - Processing file /home/airflow/.local/lib/python3.6/site-packages/airflow/example_dags/tutorial_taskflow_api_etl_virtualenv.py for tasks to queue
[2021-08-08 09:44:59,474] {logging_mixin.py:104} INFO - [2021-08-08 09:44:59,474] {dagbag.py:496} INFO - Filling up the DagBag from /home/airflow/.local/lib/python3.6/site-packages/airflow/example_dags/tutorial_taskflow_api_etl_virtualenv.py
[2021-08-08 09:44:59,487] {scheduler_job.py:642} INFO - DAG(s) dict_keys(['tutorial_taskflow_api_etl_virtualenv']) retrieved from /home/airflow/.local/lib/python3.6/site-packages/airflow/example_dags/tutorial_taskflow_api_etl_virtualenv.py
[2021-08-08 09:44:59,681] {logging_mixin.py:104} INFO - [2021-08-08 09:44:59,681] {dag.py:1833} INFO - Sync 1 DAGs
[2021-08-08 09:44:59,692] {logging_mixin.py:104} INFO - [2021-08-08 09:44:59,692] {dag.py:2306} INFO - Setting next_dagrun for tutorial_taskflow_api_etl_virtualenv to None
[2021-08-08 09:44:59,701] {scheduler_job.py:189} INFO - Processing /home/airflow/.local/lib/python3.6/site-packages/airflow/example_dags/tutorial_taskflow_api_etl_virtualenv.py took 0.230 seconds
[2021-08-08 09:45:29,815] {scheduler_job.py:181} INFO - Started process (PID=784) to work on /home/airflow/.local/lib/python3.6/site-packages/airflow/example_dags/tutorial_taskflow_api_etl_virtualenv.py
[2021-08-08 09:45:29,816] {scheduler_job.py:632} INFO - Processing file /home/airflow/.local/lib/python3.6/site-packages/airflow/example_dags/tutorial_taskflow_api_etl_virtualenv.py for tasks to queue
[2021-08-08 09:45:29,819] {logging_mixin.py:104} INFO - [2021-08-08 09:45:29,818] {dagbag.py:496} INFO - Filling up the DagBag from /home/airflow/.local/lib/python3.6/site-packages/airflow/example_dags/tutorial_taskflow_api_etl_virtualenv.py
[2021-08-08 09:45:29,839] {scheduler_job.py:642} INFO - DAG(s) dict_keys(['tutorial_taskflow_api_etl_virtualenv']) retrieved from /home/airflow/.local/lib/python3.6/site-packages/airflow/example_dags/tutorial_taskflow_api_etl_virtualenv.py
[2021-08-08 09:45:30,051] {logging_mixin.py:104} INFO - [2021-08-08 09:45:30,051] {dag.py:1833} INFO - Sync 1 DAGs
[2021-08-08 09:45:30,063] {logging_mixin.py:104} INFO - [2021-08-08 09:45:30,063] {dag.py:2306} INFO - Setting next_dagrun for tutorial_taskflow_api_etl_virtualenv to None
[2021-08-08 09:45:30,074] {scheduler_job.py:189} INFO - Processing /home/airflow/.local/lib/python3.6/site-packages/airflow/example_dags/tutorial_taskflow_api_etl_virtualenv.py took 0.263 seconds
[2021-08-08 09:46:00,696] {scheduler_job.py:181} INFO - Started process (PID=835) to work on /home/airflow/.local/lib/python3.6/site-packages/airflow/example_dags/tutorial_taskflow_api_etl_virtualenv.py
[2021-08-08 09:46:00,698] {scheduler_job.py:632} INFO - Processing file /home/airflow/.local/lib/python3.6/site-packages/airflow/example_dags/tutorial_taskflow_api_etl_virtualenv.py for tasks to queue
[2021-08-08 09:46:00,699] {logging_mixin.py:104} INFO - [2021-08-08 09:46:00,699] {dagbag.py:496} INFO - Filling up the DagBag from /home/airflow/.local/lib/python3.6/site-packages/airflow/example_dags/tutorial_taskflow_api_etl_virtualenv.py
[2021-08-08 09:46:00,712] {scheduler_job.py:642} INFO - DAG(s) dict_keys(['tutorial_taskflow_api_etl_virtualenv']) retrieved from /home/airflow/.local/lib/python3.6/site-packages/airflow/example_dags/tutorial_taskflow_api_etl_virtualenv.py
[2021-08-08 09:46:00,901] {logging_mixin.py:104} INFO - [2021-08-08 09:46:00,901] {dag.py:1833} INFO - Sync 1 DAGs
[2021-08-08 09:46:00,912] {logging_mixin.py:104} INFO - [2021-08-08 09:46:00,912] {dag.py:2306} INFO - Setting next_dagrun for tutorial_taskflow_api_etl_virtualenv to None
[2021-08-08 09:46:00,922] {scheduler_job.py:189} INFO - Processing /home/airflow/.local/lib/python3.6/site-packages/airflow/example_dags/tutorial_taskflow_api_etl_virtualenv.py took 0.228 seconds
[2021-08-08 09:46:31,174] {scheduler_job.py:181} INFO - Started process (PID=900) to work on /home/airflow/.local/lib/python3.6/site-packages/airflow/example_dags/tutorial_taskflow_api_etl_virtualenv.py
[2021-08-08 09:46:31,175] {scheduler_job.py:632} INFO - Processing file /home/airflow/.local/lib/python3.6/site-packages/airflow/example_dags/tutorial_taskflow_api_etl_virtualenv.py for tasks to queue
[2021-08-08 09:46:31,175] {logging_mixin.py:104} INFO - [2021-08-08 09:46:31,175] {dagbag.py:496} INFO - Filling up the DagBag from /home/airflow/.local/lib/python3.6/site-packages/airflow/example_dags/tutorial_taskflow_api_etl_virtualenv.py
[2021-08-08 09:46:31,187] {scheduler_job.py:642} INFO - DAG(s) dict_keys(['tutorial_taskflow_api_etl_virtualenv']) retrieved from /home/airflow/.local/lib/python3.6/site-packages/airflow/example_dags/tutorial_taskflow_api_etl_virtualenv.py
[2021-08-08 09:46:31,386] {logging_mixin.py:104} INFO - [2021-08-08 09:46:31,386] {dag.py:1833} INFO - Sync 1 DAGs
[2021-08-08 09:46:31,402] {logging_mixin.py:104} INFO - [2021-08-08 09:46:31,402] {dag.py:2306} INFO - Setting next_dagrun for tutorial_taskflow_api_etl_virtualenv to None
[2021-08-08 09:46:31,414] {scheduler_job.py:189} INFO - Processing /home/airflow/.local/lib/python3.6/site-packages/airflow/example_dags/tutorial_taskflow_api_etl_virtualenv.py took 0.242 seconds
[2021-08-08 09:47:01,540] {scheduler_job.py:181} INFO - Started process (PID=961) to work on /home/airflow/.local/lib/python3.6/site-packages/airflow/example_dags/tutorial_taskflow_api_etl_virtualenv.py
[2021-08-08 09:47:01,542] {scheduler_job.py:632} INFO - Processing file /home/airflow/.local/lib/python3.6/site-packages/airflow/example_dags/tutorial_taskflow_api_etl_virtualenv.py for tasks to queue
[2021-08-08 09:47:01,542] {logging_mixin.py:104} INFO - [2021-08-08 09:47:01,542] {dagbag.py:496} INFO - Filling up the DagBag from /home/airflow/.local/lib/python3.6/site-packages/airflow/example_dags/tutorial_taskflow_api_etl_virtualenv.py
[2021-08-08 09:47:01,556] {scheduler_job.py:642} INFO - DAG(s) dict_keys(['tutorial_taskflow_api_etl_virtualenv']) retrieved from /home/airflow/.local/lib/python3.6/site-packages/airflow/example_dags/tutorial_taskflow_api_etl_virtualenv.py
[2021-08-08 09:47:01,572] {logging_mixin.py:104} INFO - [2021-08-08 09:47:01,572] {dag.py:1833} INFO - Sync 1 DAGs
[2021-08-08 09:47:01,586] {logging_mixin.py:104} INFO - [2021-08-08 09:47:01,586] {dag.py:2306} INFO - Setting next_dagrun for tutorial_taskflow_api_etl_virtualenv to None
[2021-08-08 09:47:01,594] {scheduler_job.py:189} INFO - Processing /home/airflow/.local/lib/python3.6/site-packages/airflow/example_dags/tutorial_taskflow_api_etl_virtualenv.py took 0.056 seconds
[2021-08-08 09:47:37,835] {scheduler_job.py:181} INFO - Started process (PID=41) to work on /home/airflow/.local/lib/python3.6/site-packages/airflow/example_dags/tutorial_taskflow_api_etl_virtualenv.py
[2021-08-08 09:47:37,836] {scheduler_job.py:632} INFO - Processing file /home/airflow/.local/lib/python3.6/site-packages/airflow/example_dags/tutorial_taskflow_api_etl_virtualenv.py for tasks to queue
[2021-08-08 09:47:37,837] {logging_mixin.py:104} INFO - [2021-08-08 09:47:37,837] {dagbag.py:496} INFO - Filling up the DagBag from /home/airflow/.local/lib/python3.6/site-packages/airflow/example_dags/tutorial_taskflow_api_etl_virtualenv.py
[2021-08-08 09:47:37,853] {scheduler_job.py:642} INFO - DAG(s) dict_keys(['tutorial_taskflow_api_etl_virtualenv']) retrieved from /home/airflow/.local/lib/python3.6/site-packages/airflow/example_dags/tutorial_taskflow_api_etl_virtualenv.py
[2021-08-08 09:47:38,089] {logging_mixin.py:104} INFO - [2021-08-08 09:47:38,089] {dag.py:1833} INFO - Sync 1 DAGs
[2021-08-08 09:47:38,105] {logging_mixin.py:104} INFO - [2021-08-08 09:47:38,105] {dag.py:2306} INFO - Setting next_dagrun for tutorial_taskflow_api_etl_virtualenv to None
[2021-08-08 09:47:38,116] {scheduler_job.py:189} INFO - Processing /home/airflow/.local/lib/python3.6/site-packages/airflow/example_dags/tutorial_taskflow_api_etl_virtualenv.py took 0.283 seconds
