[2021-08-08 09:46:30,800] {taskinstance.py:896} INFO - Dependencies all met for <TaskInstance: example_xcom.push 2021-08-06T00:00:00+00:00 [queued]>
[2021-08-08 09:46:30,814] {taskinstance.py:896} INFO - Dependencies all met for <TaskInstance: example_xcom.push 2021-08-06T00:00:00+00:00 [queued]>
[2021-08-08 09:46:30,815] {taskinstance.py:1087} INFO - 
--------------------------------------------------------------------------------
[2021-08-08 09:46:30,815] {taskinstance.py:1088} INFO - Starting attempt 1 of 1
[2021-08-08 09:46:30,815] {taskinstance.py:1089} INFO - 
--------------------------------------------------------------------------------
[2021-08-08 09:46:30,823] {taskinstance.py:1107} INFO - Executing <Task(PythonOperator): push> on 2021-08-06T00:00:00+00:00
[2021-08-08 09:46:30,827] {standard_task_runner.py:52} INFO - Started process 492 to run task
[2021-08-08 09:46:30,830] {standard_task_runner.py:76} INFO - Running: ['***', 'tasks', 'run', 'example_xcom', 'push', '2021-08-06T00:00:00+00:00', '--job-id', '3', '--pool', 'default_pool', '--raw', '--subdir', '/home/***/.local/lib/python3.6/site-packages/***/example_dags/example_xcom.py', '--cfg-path', '/tmp/tmpqseg9tug', '--error-file', '/tmp/tmpn7w173ov']
[2021-08-08 09:46:30,830] {standard_task_runner.py:77} INFO - Job 3: Subtask push
[2021-08-08 09:46:30,863] {logging_mixin.py:104} INFO - Running <TaskInstance: example_xcom.push 2021-08-06T00:00:00+00:00 [running]> on host a2d6a039943c
[2021-08-08 09:46:30,902] {taskinstance.py:1302} INFO - Exporting the following env vars:
AIRFLOW_CTX_DAG_OWNER=***
AIRFLOW_CTX_DAG_ID=example_xcom
AIRFLOW_CTX_TASK_ID=push
AIRFLOW_CTX_EXECUTION_DATE=2021-08-06T00:00:00+00:00
AIRFLOW_CTX_DAG_RUN_ID=scheduled__2021-08-06T00:00:00+00:00
[2021-08-08 09:46:30,915] {python.py:151} INFO - Done. Returned value was: None
[2021-08-08 09:46:30,923] {taskinstance.py:1211} INFO - Marking task as SUCCESS. dag_id=example_xcom, task_id=push, execution_date=20210806T000000, start_date=20210808T094630, end_date=20210808T094630
[2021-08-08 09:46:30,947] {taskinstance.py:1265} INFO - 0 downstream tasks scheduled from follow-on schedule check
[2021-08-08 09:46:30,963] {local_task_job.py:149} INFO - Task exited with return code 0
